[4.205s] Invoking command in '/workspace/Practice02/src/task01': PYTHONPATH=/workspace/Practice02/build/task01/prefix_override:/usr/lib/python3/dist-packages/colcon_core/task/python/colcon_distutils_commands:/workspace/Practice02/install/task01/lib/python3.10/site-packages: /usr/bin/python3 -W ignore:setup.py install is deprecated setup.py egg_info --egg-base ../../build/task01 build --build-base /workspace/Practice02/build/task01/build install --record /workspace/Practice02/build/task01/install.log --single-version-externally-managed install_data
[5.568s] running egg_info
[5.577s] writing ../../build/task01/task01.egg-info/PKG-INFO
[5.593s] writing dependency_links to ../../build/task01/task01.egg-info/dependency_links.txt
[5.615s] writing entry points to ../../build/task01/task01.egg-info/entry_points.txt
[5.643s] writing requirements to ../../build/task01/task01.egg-info/requires.txt
[5.658s] writing top-level names to ../../build/task01/task01.egg-info/top_level.txt
[5.793s] reading manifest file '../../build/task01/task01.egg-info/SOURCES.txt'
[5.961s] writing manifest file '../../build/task01/task01.egg-info/SOURCES.txt'
[5.966s] running build
[5.967s] running build_py
[6.019s] running install
[6.021s] running install_lib
[6.170s] running install_data
[6.234s] running install_egg_info
[6.264s] removing '/workspace/Practice02/install/task01/lib/python3.10/site-packages/task01-0.0.0-py3.10.egg-info' (and everything under it)
[6.373s] Copying ../../build/task01/task01.egg-info to /workspace/Practice02/install/task01/lib/python3.10/site-packages/task01-0.0.0-py3.10.egg-info
[6.858s] running install_scripts
[6.996s] Installing receiver script to /workspace/Practice02/install/task01/lib/task01
[7.024s] writing list of installed files to '/workspace/Practice02/build/task01/install.log'
[7.571s] Invoked command in '/workspace/Practice02/src/task01' returned '0': PYTHONPATH=/workspace/Practice02/build/task01/prefix_override:/usr/lib/python3/dist-packages/colcon_core/task/python/colcon_distutils_commands:/workspace/Practice02/install/task01/lib/python3.10/site-packages: /usr/bin/python3 -W ignore:setup.py install is deprecated setup.py egg_info --egg-base ../../build/task01 build --build-base /workspace/Practice02/build/task01/build install --record /workspace/Practice02/build/task01/install.log --single-version-externally-managed install_data
