[4.548s] Invoking command in '/workspace/Practice02/src/task01': PYTHONPATH=/workspace/Practice02/build/task01/prefix_override:/usr/lib/python3/dist-packages/colcon_core/task/python/colcon_distutils_commands:/workspace/Practice02/install/task01/lib/python3.10/site-packages:${PYTHONPATH} /usr/bin/python3 -W ignore:setup.py install is deprecated setup.py egg_info --egg-base ../../build/task01 build --build-base /workspace/Practice02/build/task01/build install --record /workspace/Practice02/build/task01/install.log --single-version-externally-managed install_data
[5.506s] running egg_info
[5.511s] writing ../../build/task01/task01.egg-info/PKG-INFO
[5.527s] writing dependency_links to ../../build/task01/task01.egg-info/dependency_links.txt
[5.540s] writing entry points to ../../build/task01/task01.egg-info/entry_points.txt
[5.550s] writing requirements to ../../build/task01/task01.egg-info/requires.txt
[5.556s] writing top-level names to ../../build/task01/task01.egg-info/top_level.txt
[5.644s] reading manifest file '../../build/task01/task01.egg-info/SOURCES.txt'
[5.908s] writing manifest file '../../build/task01/task01.egg-info/SOURCES.txt'
[5.909s] running build
[5.911s] running build_py
[5.956s] running install
[5.957s] running install_lib
[6.098s] running install_data
[6.161s] running install_egg_info
[6.173s] removing '/workspace/Practice02/install/task01/lib/python3.10/site-packages/task01-0.0.0-py3.10.egg-info' (and everything under it)
[6.298s] Copying ../../build/task01/task01.egg-info to /workspace/Practice02/install/task01/lib/python3.10/site-packages/task01-0.0.0-py3.10.egg-info
[7.067s] running install_scripts
[7.154s] Installing receiver script to /workspace/Practice02/install/task01/lib/task01
[7.174s] writing list of installed files to '/workspace/Practice02/build/task01/install.log'
[7.204s] Invoked command in '/workspace/Practice02/src/task01' returned '0': PYTHONPATH=/workspace/Practice02/build/task01/prefix_override:/usr/lib/python3/dist-packages/colcon_core/task/python/colcon_distutils_commands:/workspace/Practice02/install/task01/lib/python3.10/site-packages:${PYTHONPATH} /usr/bin/python3 -W ignore:setup.py install is deprecated setup.py egg_info --egg-base ../../build/task01 build --build-base /workspace/Practice02/build/task01/build install --record /workspace/Practice02/build/task01/install.log --single-version-externally-managed install_data
