[4.844s] Invoking command in '/workspace/Practice02/src/task02': PYTHONPATH=/workspace/Practice02/build/task02/prefix_override:/usr/lib/python3/dist-packages/colcon_core/task/python/colcon_distutils_commands:/workspace/Practice02/install/task02/lib/python3.10/site-packages:${PYTHONPATH} /usr/bin/python3 -W ignore:setup.py install is deprecated setup.py egg_info --egg-base ../../build/task02 build --build-base /workspace/Practice02/build/task02/build install --record /workspace/Practice02/build/task02/install.log --single-version-externally-managed install_data
[6.709s] running egg_info
[6.720s] writing ../../build/task02/task02.egg-info/PKG-INFO
[6.744s] writing dependency_links to ../../build/task02/task02.egg-info/dependency_links.txt
[6.768s] writing entry points to ../../build/task02/task02.egg-info/entry_points.txt
[6.786s] writing requirements to ../../build/task02/task02.egg-info/requires.txt
[6.798s] writing top-level names to ../../build/task02/task02.egg-info/top_level.txt
[6.881s] reading manifest file '../../build/task02/task02.egg-info/SOURCES.txt'
[6.990s] writing manifest file '../../build/task02/task02.egg-info/SOURCES.txt'
[6.991s] running build
[6.992s] running build_py
[7.001s] copying task02/task02_node.py -> /workspace/Practice02/build/task02/build/lib/task02
[7.059s] running install
[7.060s] running install_lib
[7.109s] copying /workspace/Practice02/build/task02/build/lib/task02/task02_node.py -> /workspace/Practice02/install/task02/lib/python3.10/site-packages/task02
[7.183s] byte-compiling /workspace/Practice02/install/task02/lib/python3.10/site-packages/task02/task02_node.py to task02_node.cpython-310.pyc
[7.238s] running install_data
[7.292s] running install_egg_info
[7.310s] removing '/workspace/Practice02/install/task02/lib/python3.10/site-packages/task02-0.0.0-py3.10.egg-info' (and everything under it)
[7.388s] Copying ../../build/task02/task02.egg-info to /workspace/Practice02/install/task02/lib/python3.10/site-packages/task02-0.0.0-py3.10.egg-info
[8.416s] running install_scripts
[8.729s] Installing sender script to /workspace/Practice02/install/task02/lib/task02
[8.785s] writing list of installed files to '/workspace/Practice02/build/task02/install.log'
[8.839s] Invoked command in '/workspace/Practice02/src/task02' returned '0': PYTHONPATH=/workspace/Practice02/build/task02/prefix_override:/usr/lib/python3/dist-packages/colcon_core/task/python/colcon_distutils_commands:/workspace/Practice02/install/task02/lib/python3.10/site-packages:${PYTHONPATH} /usr/bin/python3 -W ignore:setup.py install is deprecated setup.py egg_info --egg-base ../../build/task02 build --build-base /workspace/Practice02/build/task02/build install --record /workspace/Practice02/build/task02/install.log --single-version-externally-managed install_data
