[5.826s] Invoking command in '/workspace/Practice02/src/task01': PYTHONPATH=/workspace/Practice02/build/task01/prefix_override:/usr/lib/python3/dist-packages/colcon_core/task/python/colcon_distutils_commands:/workspace/Practice02/install/task01/lib/python3.10/site-packages:${PYTHONPATH} /usr/bin/python3 -W ignore:setup.py install is deprecated setup.py egg_info --egg-base ../../build/task01 build --build-base /workspace/Practice02/build/task01/build install --record /workspace/Practice02/build/task01/install.log --single-version-externally-managed install_data
[7.213s] running egg_info
[7.227s] writing ../../build/task01/task01.egg-info/PKG-INFO
[7.244s] writing dependency_links to ../../build/task01/task01.egg-info/dependency_links.txt
[7.263s] writing entry points to ../../build/task01/task01.egg-info/entry_points.txt
[7.281s] writing requirements to ../../build/task01/task01.egg-info/requires.txt
[7.290s] writing top-level names to ../../build/task01/task01.egg-info/top_level.txt
[7.444s] reading manifest file '../../build/task01/task01.egg-info/SOURCES.txt'
[7.802s] writing manifest file '../../build/task01/task01.egg-info/SOURCES.txt'
[7.807s] running build
[7.811s] running build_py
[7.931s] running install
[7.933s] running install_lib
[8.280s] running install_data
[8.442s] running install_egg_info
[8.464s] removing '/workspace/Practice02/install/task01/lib/python3.10/site-packages/task01-0.0.0-py3.10.egg-info' (and everything under it)
[8.587s] Copying ../../build/task01/task01.egg-info to /workspace/Practice02/install/task01/lib/python3.10/site-packages/task01-0.0.0-py3.10.egg-info
[9.391s] running install_scripts
[9.642s] Installing receiver script to /workspace/Practice02/install/task01/lib/task01
[9.701s] writing list of installed files to '/workspace/Practice02/build/task01/install.log'
[9.757s] Invoked command in '/workspace/Practice02/src/task01' returned '0': PYTHONPATH=/workspace/Practice02/build/task01/prefix_override:/usr/lib/python3/dist-packages/colcon_core/task/python/colcon_distutils_commands:/workspace/Practice02/install/task01/lib/python3.10/site-packages:${PYTHONPATH} /usr/bin/python3 -W ignore:setup.py install is deprecated setup.py egg_info --egg-base ../../build/task01 build --build-base /workspace/Practice02/build/task01/build install --record /workspace/Practice02/build/task01/install.log --single-version-externally-managed install_data
