[0.207s] DEBUG:colcon:Command line arguments: ['/usr/bin/colcon', 'build']
[0.208s] DEBUG:colcon:Parsed command line arguments: Namespace(log_base=None, log_level=None, verb_name='build', build_base='build', install_base='install', merge_install=False, symlink_install=False, test_result_base=None, continue_on_error=False, executor='parallel', parallel_workers=20, event_handlers=None, ignore_user_meta=False, metas=['./colcon.meta'], base_paths=['.'], packages_ignore=None, packages_ignore_regex=None, paths=None, packages_up_to=None, packages_up_to_regex=None, packages_above=None, packages_above_and_dependencies=None, packages_above_depth=None, packages_select_by_dep=None, packages_skip_by_dep=None, packages_skip_up_to=None, packages_select_build_failed=False, packages_skip_build_finished=False, packages_select_test_failures=False, packages_skip_test_passed=False, packages_select=None, packages_skip=None, packages_select_regex=None, packages_skip_regex=None, packages_start=None, packages_end=None, cmake_args=None, cmake_target=None, cmake_target_skip_unavailable=False, cmake_clean_cache=False, cmake_clean_first=False, cmake_force_configure=False, ament_cmake_args=None, catkin_cmake_args=None, catkin_skip_building_tests=False, mixin_files=None, mixin=None, verb_parser=<colcon_mixin.mixin.mixin_argument.MixinArgumentDecorator object at 0x7ff4036be260>, verb_extension=<colcon_core.verb.build.BuildVerb object at 0x7ff4036bdb40>, main=<bound method BuildVerb.main of <colcon_core.verb.build.BuildVerb object at 0x7ff4036bdb40>>, mixin_verb=('build',))
[0.412s] Level 1:colcon.colcon_core.package_discovery:discover_packages(colcon_meta) check parameters
[0.414s] INFO:colcon.colcon_metadata.package_discovery.colcon_meta:Using configuration from '/root/.colcon/metadata/default/Gazebo.meta'
[0.416s] INFO:colcon.colcon_metadata.package_discovery.colcon_meta:Using configuration from '/root/.colcon/metadata/default/fastrtps.meta'
[0.418s] Level 1:colcon.colcon_core.package_discovery:discover_packages(recursive) check parameters
[0.418s] Level 1:colcon.colcon_core.package_discovery:discover_packages(ignore) check parameters
[0.419s] Level 1:colcon.colcon_core.package_discovery:discover_packages(path) check parameters
[0.419s] Level 1:colcon.colcon_core.package_discovery:discover_packages(colcon_meta) discover
[0.420s] Level 1:colcon.colcon_core.package_discovery:discover_packages(recursive) discover
[0.421s] INFO:colcon.colcon_core.package_discovery:Crawling recursively for packages in '/workspace/Practice02/src/task03'
[0.426s] Level 1:colcon.colcon_core.package_identification:_identify(.) by extensions ['ignore', 'ignore_ament_install']
[0.427s] Level 1:colcon.colcon_core.package_identification:_identify(.) by extension 'ignore'
[0.429s] Level 1:colcon.colcon_core.package_identification:_identify(.) by extension 'ignore_ament_install'
[0.431s] Level 1:colcon.colcon_core.package_identification:_identify(.) by extensions ['colcon_pkg']
[0.432s] Level 1:colcon.colcon_core.package_identification:_identify(.) by extension 'colcon_pkg'
[0.433s] Level 1:colcon.colcon_core.package_identification:_identify(.) by extensions ['colcon_meta']
[0.434s] Level 1:colcon.colcon_core.package_identification:_identify(.) by extension 'colcon_meta'
[0.434s] Level 1:colcon.colcon_core.package_identification:_identify(.) by extensions ['ros']
[0.435s] Level 1:colcon.colcon_core.package_identification:_identify(.) by extension 'ros'
[0.458s] Level 1:colcon.colcon_core.package_identification:_identify(.) by extensions ['cmake', 'python']
[0.459s] Level 1:colcon.colcon_core.package_identification:_identify(.) by extension 'cmake'
[0.460s] Level 1:colcon.colcon_core.package_identification:_identify(.) by extension 'python'
[0.462s] Level 1:colcon.colcon_core.package_identification:_identify(.) by extensions ['python_setup_py']
[0.462s] Level 1:colcon.colcon_core.package_identification:_identify(.) by extension 'python_setup_py'
[0.473s] Level 1:colcon.colcon_core.package_identification:_identify(build) by extensions ['ignore', 'ignore_ament_install']
[0.474s] Level 1:colcon.colcon_core.package_identification:_identify(build) by extension 'ignore'
[0.479s] Level 1:colcon.colcon_core.package_identification:_identify(build) ignored
[0.490s] Level 1:colcon.colcon_core.package_identification:_identify(install) by extensions ['ignore', 'ignore_ament_install']
[0.491s] Level 1:colcon.colcon_core.package_identification:_identify(install) by extension 'ignore'
[0.497s] Level 1:colcon.colcon_core.package_identification:_identify(install) ignored
[0.517s] Level 1:colcon.colcon_core.package_identification:_identify(log) by extensions ['ignore', 'ignore_ament_install']
[0.518s] Level 1:colcon.colcon_core.package_identification:_identify(log) by extension 'ignore'
[0.522s] Level 1:colcon.colcon_core.package_identification:_identify(log) ignored
[0.532s] Level 1:colcon.colcon_core.package_identification:_identify(task03) by extensions ['ignore', 'ignore_ament_install']
[0.533s] Level 1:colcon.colcon_core.package_identification:_identify(task03) by extension 'ignore'
[0.537s] Level 1:colcon.colcon_core.package_identification:_identify(task03) by extension 'ignore_ament_install'
[0.543s] Level 1:colcon.colcon_core.package_identification:_identify(task03) by extensions ['colcon_pkg']
[0.544s] Level 1:colcon.colcon_core.package_identification:_identify(task03) by extension 'colcon_pkg'
[0.548s] Level 1:colcon.colcon_core.package_identification:_identify(task03) by extensions ['colcon_meta']
[0.549s] Level 1:colcon.colcon_core.package_identification:_identify(task03) by extension 'colcon_meta'
[0.553s] Level 1:colcon.colcon_core.package_identification:_identify(task03) by extensions ['ros']
[0.554s] Level 1:colcon.colcon_core.package_identification:_identify(task03) by extension 'ros'
[0.600s] DEBUG:colcon.colcon_core.package_identification:Package 'task03' with type 'ros.ament_python' and name 'task03'
[0.601s] Level 1:colcon.colcon_core.package_discovery:discover_packages(recursive) using defaults
[0.602s] Level 1:colcon.colcon_core.package_discovery:discover_packages(ignore) discover
[0.603s] Level 1:colcon.colcon_core.package_discovery:discover_packages(ignore) using defaults
[0.604s] Level 1:colcon.colcon_core.package_discovery:discover_packages(path) discover
[0.605s] Level 1:colcon.colcon_core.package_discovery:discover_packages(path) using defaults
[0.672s] Level 5:colcon.colcon_core.verb:set package 'task03' build argument 'cmake_args' from command line to 'None'
[0.673s] Level 5:colcon.colcon_core.verb:set package 'task03' build argument 'cmake_target' from command line to 'None'
[0.674s] Level 5:colcon.colcon_core.verb:set package 'task03' build argument 'cmake_target_skip_unavailable' from command line to 'False'
[0.675s] Level 5:colcon.colcon_core.verb:set package 'task03' build argument 'cmake_clean_cache' from command line to 'False'
[0.675s] Level 5:colcon.colcon_core.verb:set package 'task03' build argument 'cmake_clean_first' from command line to 'False'
[0.676s] Level 5:colcon.colcon_core.verb:set package 'task03' build argument 'cmake_force_configure' from command line to 'False'
[0.677s] Level 5:colcon.colcon_core.verb:set package 'task03' build argument 'ament_cmake_args' from command line to 'None'
[0.678s] Level 5:colcon.colcon_core.verb:set package 'task03' build argument 'catkin_cmake_args' from command line to 'None'
[0.679s] Level 5:colcon.colcon_core.verb:set package 'task03' build argument 'catkin_skip_building_tests' from command line to 'False'
[0.680s] DEBUG:colcon.colcon_core.verb:Building package 'task03' with the following arguments: {'ament_cmake_args': None, 'build_base': '/workspace/Practice02/src/task03/build/task03', 'catkin_cmake_args': None, 'catkin_skip_building_tests': False, 'cmake_args': None, 'cmake_clean_cache': False, 'cmake_clean_first': False, 'cmake_force_configure': False, 'cmake_target': None, 'cmake_target_skip_unavailable': False, 'install_base': '/workspace/Practice02/src/task03/install/task03', 'merge_install': False, 'path': '/workspace/Practice02/src/task03/task03', 'symlink_install': False, 'test_result_base': None}
[0.681s] INFO:colcon.colcon_core.executor:Executing jobs using 'parallel' executor
[0.685s] DEBUG:colcon.colcon_parallel_executor.executor.parallel:run_until_complete
[0.686s] INFO:colcon.colcon_ros.task.ament_python.build:Building ROS package in '/workspace/Practice02/src/task03/task03' with build type 'ament_python'
[0.687s] Level 1:colcon.colcon_core.shell:create_environment_hook('task03', 'ament_prefix_path')
[0.695s] INFO:colcon.colcon_core.plugin_system:Skipping extension 'colcon_core.shell.bat': Not used on non-Windows systems
[0.696s] INFO:colcon.colcon_core.shell:Creating environment hook '/workspace/Practice02/src/task03/install/task03/share/task03/hook/ament_prefix_path.ps1'
[0.777s] INFO:colcon.colcon_core.shell:Creating environment descriptor '/workspace/Practice02/src/task03/install/task03/share/task03/hook/ament_prefix_path.dsv'
[0.821s] INFO:colcon.colcon_core.shell:Creating environment hook '/workspace/Practice02/src/task03/install/task03/share/task03/hook/ament_prefix_path.sh'
[0.893s] INFO:colcon.colcon_core.shell:Skip shell extension 'powershell' for command environment: Not usable outside of PowerShell
[0.894s] DEBUG:colcon.colcon_core.shell:Skip shell extension 'dsv' for command environment
[1.413s] INFO:colcon.colcon_core.task.python.build:Building Python package in '/workspace/Practice02/src/task03/task03'
[1.414s] INFO:colcon.colcon_core.shell:Skip shell extension 'powershell' for command environment: Not usable outside of PowerShell
[1.415s] DEBUG:colcon.colcon_core.shell:Skip shell extension 'dsv' for command environment
[5.531s] DEBUG:colcon.colcon_core.event_handler.log_command:Invoking command in '/workspace/Practice02/src/task03/task03': PYTHONPATH=/workspace/Practice02/src/task03/build/task03/prefix_override:/usr/lib/python3/dist-packages/colcon_core/task/python/colcon_distutils_commands:/workspace/Practice02/src/task03/install/task03/lib/python3.10/site-packages:${PYTHONPATH} /usr/bin/python3 -W ignore:setup.py install is deprecated setup.py egg_info --egg-base ../build/task03 build --build-base /workspace/Practice02/src/task03/build/task03/build install --record /workspace/Practice02/src/task03/build/task03/install.log --single-version-externally-managed install_data
[12.929s] Level 1:colcon.colcon_core.environment:checking '/workspace/Practice02/src/task03/install/task03' for CMake module files
[12.929s] DEBUG:colcon.colcon_core.event_handler.log_command:Invoked command in '/workspace/Practice02/src/task03/task03' returned '0': PYTHONPATH=/workspace/Practice02/src/task03/build/task03/prefix_override:/usr/lib/python3/dist-packages/colcon_core/task/python/colcon_distutils_commands:/workspace/Practice02/src/task03/install/task03/lib/python3.10/site-packages:${PYTHONPATH} /usr/bin/python3 -W ignore:setup.py install is deprecated setup.py egg_info --egg-base ../build/task03 build --build-base /workspace/Practice02/src/task03/build/task03/build install --record /workspace/Practice02/src/task03/build/task03/install.log --single-version-externally-managed install_data
[13.136s] Level 1:colcon.colcon_core.environment:checking '/workspace/Practice02/src/task03/install/task03' for CMake config files
[13.577s] Level 1:colcon.colcon_core.environment:checking '/workspace/Practice02/src/task03/install/task03/lib'
[13.596s] Level 1:colcon.colcon_core.environment:checking '/workspace/Practice02/src/task03/install/task03/bin'
[13.601s] Level 1:colcon.colcon_core.environment:checking '/workspace/Practice02/src/task03/install/task03/lib/pkgconfig/task03.pc'
[13.610s] Level 1:colcon.colcon_core.environment:checking '/workspace/Practice02/src/task03/install/task03/lib/python3.10/site-packages'
[13.624s] Level 1:colcon.colcon_core.shell:create_environment_hook('task03', 'pythonpath')
[13.626s] INFO:colcon.colcon_core.shell:Creating environment hook '/workspace/Practice02/src/task03/install/task03/share/task03/hook/pythonpath.ps1'
[13.686s] INFO:colcon.colcon_core.shell:Creating environment descriptor '/workspace/Practice02/src/task03/install/task03/share/task03/hook/pythonpath.dsv'
[13.754s] INFO:colcon.colcon_core.shell:Creating environment hook '/workspace/Practice02/src/task03/install/task03/share/task03/hook/pythonpath.sh'
[13.811s] Level 1:colcon.colcon_core.environment:checking '/workspace/Practice02/src/task03/install/task03/bin'
[13.818s] Level 1:colcon.colcon_core.environment:create_environment_scripts_only(task03)
[13.820s] INFO:colcon.colcon_core.shell:Creating package script '/workspace/Practice02/src/task03/install/task03/share/task03/package.ps1'
[13.908s] INFO:colcon.colcon_core.shell:Creating package descriptor '/workspace/Practice02/src/task03/install/task03/share/task03/package.dsv'
[13.968s] INFO:colcon.colcon_core.shell:Creating package script '/workspace/Practice02/src/task03/install/task03/share/task03/package.sh'
[14.024s] INFO:colcon.colcon_core.shell:Creating package script '/workspace/Practice02/src/task03/install/task03/share/task03/package.bash'
[14.087s] INFO:colcon.colcon_core.shell:Creating package script '/workspace/Practice02/src/task03/install/task03/share/task03/package.zsh'
[14.150s] Level 1:colcon.colcon_core.environment:create_file_with_runtime_dependencies(/workspace/Practice02/src/task03/install/task03/share/colcon-core/packages/task03)
[14.203s] DEBUG:colcon.colcon_parallel_executor.executor.parallel:closing loop
[14.204s] DEBUG:colcon.colcon_parallel_executor.executor.parallel:loop closed
[14.205s] DEBUG:colcon.colcon_parallel_executor.executor.parallel:run_until_complete finished with '0'
[14.208s] DEBUG:colcon.colcon_core.event_reactor:joining thread
[14.269s] INFO:colcon.colcon_core.plugin_system:Skipping extension 'colcon_notification.desktop_notification.notify_send': Could not find 'notify-send'
[14.270s] INFO:colcon.colcon_core.plugin_system:Skipping extension 'colcon_notification.desktop_notification.terminal_notifier': Not used on non-Darwin systems
[14.270s] INFO:colcon.colcon_core.plugin_system:Skipping extension 'colcon_notification.desktop_notification.win32': Not used on non-Windows systems
[14.272s] INFO:colcon.colcon_notification.desktop_notification:Sending desktop notification using 'notify2'
[14.275s] DEBUG:colcon.colcon_notification.desktop_notification.notify2:Failed to initialize notify2: org.freedesktop.DBus.Error.NotSupported: Unable to autolaunch a dbus-daemon without a $DISPLAY for X11
[14.279s] DEBUG:colcon.colcon_core.event_reactor:joined thread
[14.280s] INFO:colcon.colcon_core.shell:Creating prefix script '/workspace/Practice02/src/task03/install/local_setup.ps1'
[14.304s] INFO:colcon.colcon_core.shell:Creating prefix util module '/workspace/Practice02/src/task03/install/_local_setup_util_ps1.py'
[14.331s] INFO:colcon.colcon_core.shell:Creating prefix chain script '/workspace/Practice02/src/task03/install/setup.ps1'
[14.369s] INFO:colcon.colcon_core.shell:Creating prefix script '/workspace/Practice02/src/task03/install/local_setup.sh'
[14.393s] INFO:colcon.colcon_core.shell:Creating prefix util module '/workspace/Practice02/src/task03/install/_local_setup_util_sh.py'
[14.437s] INFO:colcon.colcon_core.shell:Creating prefix chain script '/workspace/Practice02/src/task03/install/setup.sh'
[14.474s] INFO:colcon.colcon_core.shell:Creating prefix script '/workspace/Practice02/src/task03/install/local_setup.bash'
[14.499s] INFO:colcon.colcon_core.shell:Creating prefix chain script '/workspace/Practice02/src/task03/install/setup.bash'
[14.526s] INFO:colcon.colcon_core.shell:Creating prefix script '/workspace/Practice02/src/task03/install/local_setup.zsh'
[14.550s] INFO:colcon.colcon_core.shell:Creating prefix chain script '/workspace/Practice02/src/task03/install/setup.zsh'
