[6.319s] Invoking command in '/workspace/Practice02/src/task01': PYTHONPATH=/workspace/Practice02/build/task01/prefix_override:/usr/lib/python3/dist-packages/colcon_core/task/python/colcon_distutils_commands:/workspace/Practice02/install/task01/lib/python3.10/site-packages:${PYTHONPATH} /usr/bin/python3 -W ignore:setup.py install is deprecated setup.py egg_info --egg-base ../../build/task01 build --build-base /workspace/Practice02/build/task01/build install --record /workspace/Practice02/build/task01/install.log --single-version-externally-managed install_data
[7.608s] running egg_info
[7.619s] writing ../../build/task01/task01.egg-info/PKG-INFO
[7.637s] writing dependency_links to ../../build/task01/task01.egg-info/dependency_links.txt
[7.653s] writing entry points to ../../build/task01/task01.egg-info/entry_points.txt
[7.665s] writing requirements to ../../build/task01/task01.egg-info/requires.txt
[7.674s] writing top-level names to ../../build/task01/task01.egg-info/top_level.txt
[7.775s] reading manifest file '../../build/task01/task01.egg-info/SOURCES.txt'
[8.056s] writing manifest file '../../build/task01/task01.egg-info/SOURCES.txt'
[8.063s] running build
[8.066s] running build_py
[8.203s] running install
[8.205s] running install_lib
[8.367s] running install_data
[8.417s] running install_egg_info
[8.419s] removing '/workspace/Practice02/install/task01/lib/python3.10/site-packages/task01-0.0.0-py3.10.egg-info' (and everything under it)
[8.455s] Copying ../../build/task01/task01.egg-info to /workspace/Practice02/install/task01/lib/python3.10/site-packages/task01-0.0.0-py3.10.egg-info
[9.018s] running install_scripts
[9.157s] Installing receiver script to /workspace/Practice02/install/task01/lib/task01
[9.185s] writing list of installed files to '/workspace/Practice02/build/task01/install.log'
[9.232s] Invoked command in '/workspace/Practice02/src/task01' returned '0': PYTHONPATH=/workspace/Practice02/build/task01/prefix_override:/usr/lib/python3/dist-packages/colcon_core/task/python/colcon_distutils_commands:/workspace/Practice02/install/task01/lib/python3.10/site-packages:${PYTHONPATH} /usr/bin/python3 -W ignore:setup.py install is deprecated setup.py egg_info --egg-base ../../build/task01 build --build-base /workspace/Practice02/build/task01/build install --record /workspace/Practice02/build/task01/install.log --single-version-externally-managed install_data
