[7.711s] Invoking command in '/workspace/Practice02/src/task02': PYTHONPATH=/workspace/Practice02/build/task02/prefix_override:/usr/lib/python3/dist-packages/colcon_core/task/python/colcon_distutils_commands:/workspace/Practice02/install/task02/lib/python3.10/site-packages:${PYTHONPATH} /usr/bin/python3 -W ignore:setup.py install is deprecated setup.py egg_info --egg-base ../../build/task02 build --build-base /workspace/Practice02/build/task02/build install --record /workspace/Practice02/build/task02/install.log --single-version-externally-managed install_data
[10.022s] running egg_info
[10.026s] writing ../../build/task02/task02.egg-info/PKG-INFO
[10.033s] writing dependency_links to ../../build/task02/task02.egg-info/dependency_links.txt
[10.041s] writing entry points to ../../build/task02/task02.egg-info/entry_points.txt
[10.047s] writing requirements to ../../build/task02/task02.egg-info/requires.txt
[10.051s] writing top-level names to ../../build/task02/task02.egg-info/top_level.txt
[10.098s] reading manifest file '../../build/task02/task02.egg-info/SOURCES.txt'
[10.199s] writing manifest file '../../build/task02/task02.egg-info/SOURCES.txt'
[10.200s] running build
[10.201s] running build_py
[10.211s] copying task02/task02_node.py -> /workspace/Practice02/build/task02/build/lib/task02
[10.261s] running install
[10.262s] running install_lib
[10.336s] copying /workspace/Practice02/build/task02/build/lib/task02/task02_node.py -> /workspace/Practice02/install/task02/lib/python3.10/site-packages/task02
[10.450s] byte-compiling /workspace/Practice02/install/task02/lib/python3.10/site-packages/task02/task02_node.py to task02_node.cpython-310.pyc
[10.518s] running install_data
[10.572s] running install_egg_info
[10.592s] removing '/workspace/Practice02/install/task02/lib/python3.10/site-packages/task02-0.0.0-py3.10.egg-info' (and everything under it)
[10.675s] Copying ../../build/task02/task02.egg-info to /workspace/Practice02/install/task02/lib/python3.10/site-packages/task02-0.0.0-py3.10.egg-info
[11.529s] running install_scripts
[11.716s] Installing sender script to /workspace/Practice02/install/task02/lib/task02
[11.777s] writing list of installed files to '/workspace/Practice02/build/task02/install.log'
[11.836s] Invoked command in '/workspace/Practice02/src/task02' returned '0': PYTHONPATH=/workspace/Practice02/build/task02/prefix_override:/usr/lib/python3/dist-packages/colcon_core/task/python/colcon_distutils_commands:/workspace/Practice02/install/task02/lib/python3.10/site-packages:${PYTHONPATH} /usr/bin/python3 -W ignore:setup.py install is deprecated setup.py egg_info --egg-base ../../build/task02 build --build-base /workspace/Practice02/build/task02/build install --record /workspace/Practice02/build/task02/install.log --single-version-externally-managed install_data
