[5.936s] Invoking command in '/workspace/Practice02/src/task02': PYTHONPATH=/workspace/Practice02/build/task02/prefix_override:/usr/lib/python3/dist-packages/colcon_core/task/python/colcon_distutils_commands:/workspace/Practice02/install/task02/lib/python3.10/site-packages:${PYTHONPATH} /usr/bin/python3 -W ignore:setup.py install is deprecated setup.py egg_info --egg-base ../../build/task02 build --build-base /workspace/Practice02/build/task02/build install --record /workspace/Practice02/build/task02/install.log --single-version-externally-managed install_data
[7.730s] running egg_info
[7.741s] writing ../../build/task02/task02.egg-info/PKG-INFO
[7.768s] writing dependency_links to ../../build/task02/task02.egg-info/dependency_links.txt
[7.785s] writing entry points to ../../build/task02/task02.egg-info/entry_points.txt
[7.799s] writing requirements to ../../build/task02/task02.egg-info/requires.txt
[7.810s] writing top-level names to ../../build/task02/task02.egg-info/top_level.txt
[7.922s] reading manifest file '../../build/task02/task02.egg-info/SOURCES.txt'
[8.050s] writing manifest file '../../build/task02/task02.egg-info/SOURCES.txt'
[8.052s] running build
[8.054s] running build_py
[8.116s] running install
[8.118s] running install_lib
[8.340s] running install_data
[8.403s] creating /workspace/Practice02/install/task02/share/task02/config
[8.411s] copying config/task02.yaml -> /workspace/Practice02/install/task02/share/task02/config
[8.446s] running install_egg_info
[8.471s] removing '/workspace/Practice02/install/task02/lib/python3.10/site-packages/task02-0.0.0-py3.10.egg-info' (and everything under it)
[8.583s] Copying ../../build/task02/task02.egg-info to /workspace/Practice02/install/task02/lib/python3.10/site-packages/task02-0.0.0-py3.10.egg-info
[9.683s] running install_scripts
[10.125s] Installing sender script to /workspace/Practice02/install/task02/lib/task02
[10.182s] writing list of installed files to '/workspace/Practice02/build/task02/install.log'
[10.224s] Invoked command in '/workspace/Practice02/src/task02' returned '0': PYTHONPATH=/workspace/Practice02/build/task02/prefix_override:/usr/lib/python3/dist-packages/colcon_core/task/python/colcon_distutils_commands:/workspace/Practice02/install/task02/lib/python3.10/site-packages:${PYTHONPATH} /usr/bin/python3 -W ignore:setup.py install is deprecated setup.py egg_info --egg-base ../../build/task02 build --build-base /workspace/Practice02/build/task02/build install --record /workspace/Practice02/build/task02/install.log --single-version-externally-managed install_data
