[0.703s] DEBUG:colcon:Command line arguments: ['/usr/bin/colcon', 'build']
[0.705s] DEBUG:colcon:Parsed command line arguments: Namespace(log_base=None, log_level=None, verb_name='build', build_base='build', install_base='install', merge_install=False, symlink_install=False, test_result_base=None, continue_on_error=False, executor='parallel', parallel_workers=20, event_handlers=None, ignore_user_meta=False, metas=['./colcon.meta'], base_paths=['.'], packages_ignore=None, packages_ignore_regex=None, paths=None, packages_up_to=None, packages_up_to_regex=None, packages_above=None, packages_above_and_dependencies=None, packages_above_depth=None, packages_select_by_dep=None, packages_skip_by_dep=None, packages_skip_up_to=None, packages_select_build_failed=False, packages_skip_build_finished=False, packages_select_test_failures=False, packages_skip_test_passed=False, packages_select=None, packages_skip=None, packages_select_regex=None, packages_skip_regex=None, packages_start=None, packages_end=None, cmake_args=None, cmake_target=None, cmake_target_skip_unavailable=False, cmake_clean_cache=False, cmake_clean_first=False, cmake_force_configure=False, ament_cmake_args=None, catkin_cmake_args=None, catkin_skip_building_tests=False, mixin_files=None, mixin=None, verb_parser=<colcon_mixin.mixin.mixin_argument.MixinArgumentDecorator object at 0x7f049b02e530>, verb_extension=<colcon_core.verb.build.BuildVerb object at 0x7f049b02de10>, main=<bound method BuildVerb.main of <colcon_core.verb.build.BuildVerb object at 0x7f049b02de10>>, mixin_verb=('build',))
[1.081s] Level 1:colcon.colcon_core.package_discovery:discover_packages(colcon_meta) check parameters
[1.082s] INFO:colcon.colcon_metadata.package_discovery.colcon_meta:Using configuration from '/root/.colcon/metadata/default/Gazebo.meta'
[1.084s] INFO:colcon.colcon_metadata.package_discovery.colcon_meta:Using configuration from '/root/.colcon/metadata/default/fastrtps.meta'
[1.085s] Level 1:colcon.colcon_core.package_discovery:discover_packages(recursive) check parameters
[1.085s] Level 1:colcon.colcon_core.package_discovery:discover_packages(ignore) check parameters
[1.086s] Level 1:colcon.colcon_core.package_discovery:discover_packages(path) check parameters
[1.086s] Level 1:colcon.colcon_core.package_discovery:discover_packages(colcon_meta) discover
[1.087s] Level 1:colcon.colcon_core.package_discovery:discover_packages(recursive) discover
[1.087s] INFO:colcon.colcon_core.package_discovery:Crawling recursively for packages in '/workspace/Practice02'
[1.091s] Level 1:colcon.colcon_core.package_identification:_identify(.) by extensions ['ignore', 'ignore_ament_install']
[1.091s] Level 1:colcon.colcon_core.package_identification:_identify(.) by extension 'ignore'
[1.092s] Level 1:colcon.colcon_core.package_identification:_identify(.) by extension 'ignore_ament_install'
[1.094s] Level 1:colcon.colcon_core.package_identification:_identify(.) by extensions ['colcon_pkg']
[1.095s] Level 1:colcon.colcon_core.package_identification:_identify(.) by extension 'colcon_pkg'
[1.096s] Level 1:colcon.colcon_core.package_identification:_identify(.) by extensions ['colcon_meta']
[1.097s] Level 1:colcon.colcon_core.package_identification:_identify(.) by extension 'colcon_meta'
[1.097s] Level 1:colcon.colcon_core.package_identification:_identify(.) by extensions ['ros']
[1.098s] Level 1:colcon.colcon_core.package_identification:_identify(.) by extension 'ros'
[1.131s] Level 1:colcon.colcon_core.package_identification:_identify(.) by extensions ['cmake', 'python']
[1.132s] Level 1:colcon.colcon_core.package_identification:_identify(.) by extension 'cmake'
[1.133s] Level 1:colcon.colcon_core.package_identification:_identify(.) by extension 'python'
[1.134s] Level 1:colcon.colcon_core.package_identification:_identify(.) by extensions ['python_setup_py']
[1.135s] Level 1:colcon.colcon_core.package_identification:_identify(.) by extension 'python_setup_py'
[1.143s] Level 1:colcon.colcon_core.package_identification:_identify(build) by extensions ['ignore', 'ignore_ament_install']
[1.144s] Level 1:colcon.colcon_core.package_identification:_identify(build) by extension 'ignore'
[1.148s] Level 1:colcon.colcon_core.package_identification:_identify(build) ignored
[1.155s] Level 1:colcon.colcon_core.package_identification:_identify(install) by extensions ['ignore', 'ignore_ament_install']
[1.156s] Level 1:colcon.colcon_core.package_identification:_identify(install) by extension 'ignore'
[1.159s] Level 1:colcon.colcon_core.package_identification:_identify(install) ignored
[1.167s] Level 1:colcon.colcon_core.package_identification:_identify(log) by extensions ['ignore', 'ignore_ament_install']
[1.168s] Level 1:colcon.colcon_core.package_identification:_identify(log) by extension 'ignore'
[1.170s] Level 1:colcon.colcon_core.package_identification:_identify(log) ignored
[1.174s] Level 1:colcon.colcon_core.package_identification:_identify(src) by extensions ['ignore', 'ignore_ament_install']
[1.175s] Level 1:colcon.colcon_core.package_identification:_identify(src) by extension 'ignore'
[1.176s] Level 1:colcon.colcon_core.package_identification:_identify(src) by extension 'ignore_ament_install'
[1.179s] Level 1:colcon.colcon_core.package_identification:_identify(src) by extensions ['colcon_pkg']
[1.179s] Level 1:colcon.colcon_core.package_identification:_identify(src) by extension 'colcon_pkg'
[1.181s] Level 1:colcon.colcon_core.package_identification:_identify(src) by extensions ['colcon_meta']
[1.181s] Level 1:colcon.colcon_core.package_identification:_identify(src) by extension 'colcon_meta'
[1.182s] Level 1:colcon.colcon_core.package_identification:_identify(src) by extensions ['ros']
[1.183s] Level 1:colcon.colcon_core.package_identification:_identify(src) by extension 'ros'
[1.188s] Level 1:colcon.colcon_core.package_identification:_identify(src) by extensions ['cmake', 'python']
[1.188s] Level 1:colcon.colcon_core.package_identification:_identify(src) by extension 'cmake'
[1.189s] Level 1:colcon.colcon_core.package_identification:_identify(src) by extension 'python'
[1.191s] Level 1:colcon.colcon_core.package_identification:_identify(src) by extensions ['python_setup_py']
[1.191s] Level 1:colcon.colcon_core.package_identification:_identify(src) by extension 'python_setup_py'
[1.197s] Level 1:colcon.colcon_core.package_identification:_identify(src/task01) by extensions ['ignore', 'ignore_ament_install']
[1.197s] Level 1:colcon.colcon_core.package_identification:_identify(src/task01) by extension 'ignore'
[1.199s] Level 1:colcon.colcon_core.package_identification:_identify(src/task01) by extension 'ignore_ament_install'
[1.202s] Level 1:colcon.colcon_core.package_identification:_identify(src/task01) by extensions ['colcon_pkg']
[1.202s] Level 1:colcon.colcon_core.package_identification:_identify(src/task01) by extension 'colcon_pkg'
[1.203s] Level 1:colcon.colcon_core.package_identification:_identify(src/task01) by extensions ['colcon_meta']
[1.203s] Level 1:colcon.colcon_core.package_identification:_identify(src/task01) by extension 'colcon_meta'
[1.206s] Level 1:colcon.colcon_core.package_identification:_identify(src/task01) by extensions ['ros']
[1.206s] Level 1:colcon.colcon_core.package_identification:_identify(src/task01) by extension 'ros'
[1.225s] DEBUG:colcon.colcon_core.package_identification:Package 'src/task01' with type 'ros.ament_python' and name 'task01'
[1.229s] Level 1:colcon.colcon_core.package_identification:_identify(src/task02) by extensions ['ignore', 'ignore_ament_install']
[1.230s] Level 1:colcon.colcon_core.package_identification:_identify(src/task02) by extension 'ignore'
[1.231s] Level 1:colcon.colcon_core.package_identification:_identify(src/task02) by extension 'ignore_ament_install'
[1.234s] Level 1:colcon.colcon_core.package_identification:_identify(src/task02) by extensions ['colcon_pkg']
[1.234s] Level 1:colcon.colcon_core.package_identification:_identify(src/task02) by extension 'colcon_pkg'
[1.236s] Level 1:colcon.colcon_core.package_identification:_identify(src/task02) by extensions ['colcon_meta']
[1.236s] Level 1:colcon.colcon_core.package_identification:_identify(src/task02) by extension 'colcon_meta'
[1.238s] Level 1:colcon.colcon_core.package_identification:_identify(src/task02) by extensions ['ros']
[1.238s] Level 1:colcon.colcon_core.package_identification:_identify(src/task02) by extension 'ros'
[1.254s] DEBUG:colcon.colcon_core.package_identification:Package 'src/task02' with type 'ros.ament_python' and name 'task02'
[1.259s] Level 1:colcon.colcon_core.package_identification:_identify(src/task03) by extensions ['ignore', 'ignore_ament_install']
[1.259s] Level 1:colcon.colcon_core.package_identification:_identify(src/task03) by extension 'ignore'
[1.261s] Level 1:colcon.colcon_core.package_identification:_identify(src/task03) by extension 'ignore_ament_install'
[1.263s] Level 1:colcon.colcon_core.package_identification:_identify(src/task03) by extensions ['colcon_pkg']
[1.264s] Level 1:colcon.colcon_core.package_identification:_identify(src/task03) by extension 'colcon_pkg'
[1.265s] Level 1:colcon.colcon_core.package_identification:_identify(src/task03) by extensions ['colcon_meta']
[1.265s] Level 1:colcon.colcon_core.package_identification:_identify(src/task03) by extension 'colcon_meta'
[1.267s] Level 1:colcon.colcon_core.package_identification:_identify(src/task03) by extensions ['ros']
[1.267s] Level 1:colcon.colcon_core.package_identification:_identify(src/task03) by extension 'ros'
[1.273s] Level 1:colcon.colcon_core.package_identification:_identify(src/task03) by extensions ['cmake', 'python']
[1.273s] Level 1:colcon.colcon_core.package_identification:_identify(src/task03) by extension 'cmake'
[1.275s] Level 1:colcon.colcon_core.package_identification:_identify(src/task03) by extension 'python'
[1.276s] Level 1:colcon.colcon_core.package_identification:_identify(src/task03) by extensions ['python_setup_py']
[1.276s] Level 1:colcon.colcon_core.package_identification:_identify(src/task03) by extension 'python_setup_py'
[1.281s] Level 1:colcon.colcon_core.package_identification:_identify(src/task04) by extensions ['ignore', 'ignore_ament_install']
[1.281s] Level 1:colcon.colcon_core.package_identification:_identify(src/task04) by extension 'ignore'
[1.283s] Level 1:colcon.colcon_core.package_identification:_identify(src/task04) by extension 'ignore_ament_install'
[1.285s] Level 1:colcon.colcon_core.package_identification:_identify(src/task04) by extensions ['colcon_pkg']
[1.285s] Level 1:colcon.colcon_core.package_identification:_identify(src/task04) by extension 'colcon_pkg'
[1.286s] Level 1:colcon.colcon_core.package_identification:_identify(src/task04) by extensions ['colcon_meta']
[1.287s] Level 1:colcon.colcon_core.package_identification:_identify(src/task04) by extension 'colcon_meta'
[1.288s] Level 1:colcon.colcon_core.package_identification:_identify(src/task04) by extensions ['ros']
[1.288s] Level 1:colcon.colcon_core.package_identification:_identify(src/task04) by extension 'ros'
[1.294s] Level 1:colcon.colcon_core.package_identification:_identify(src/task04) by extensions ['cmake', 'python']
[1.294s] Level 1:colcon.colcon_core.package_identification:_identify(src/task04) by extension 'cmake'
[1.297s] Level 1:colcon.colcon_core.package_identification:_identify(src/task04) by extension 'python'
[1.299s] Level 1:colcon.colcon_core.package_identification:_identify(src/task04) by extensions ['python_setup_py']
[1.300s] Level 1:colcon.colcon_core.package_identification:_identify(src/task04) by extension 'python_setup_py'
[1.302s] Level 1:colcon.colcon_core.package_discovery:discover_packages(recursive) using defaults
[1.302s] Level 1:colcon.colcon_core.package_discovery:discover_packages(ignore) discover
[1.303s] Level 1:colcon.colcon_core.package_discovery:discover_packages(ignore) using defaults
[1.303s] Level 1:colcon.colcon_core.package_discovery:discover_packages(path) discover
[1.303s] Level 1:colcon.colcon_core.package_discovery:discover_packages(path) using defaults
[1.554s] Level 5:colcon.colcon_core.verb:set package 'task01' build argument 'cmake_args' from command line to 'None'
[1.555s] Level 5:colcon.colcon_core.verb:set package 'task01' build argument 'cmake_target' from command line to 'None'
[1.556s] Level 5:colcon.colcon_core.verb:set package 'task01' build argument 'cmake_target_skip_unavailable' from command line to 'False'
[1.556s] Level 5:colcon.colcon_core.verb:set package 'task01' build argument 'cmake_clean_cache' from command line to 'False'
[1.557s] Level 5:colcon.colcon_core.verb:set package 'task01' build argument 'cmake_clean_first' from command line to 'False'
[1.557s] Level 5:colcon.colcon_core.verb:set package 'task01' build argument 'cmake_force_configure' from command line to 'False'
[1.558s] Level 5:colcon.colcon_core.verb:set package 'task01' build argument 'ament_cmake_args' from command line to 'None'
[1.558s] Level 5:colcon.colcon_core.verb:set package 'task01' build argument 'catkin_cmake_args' from command line to 'None'
[1.559s] Level 5:colcon.colcon_core.verb:set package 'task01' build argument 'catkin_skip_building_tests' from command line to 'False'
[1.559s] DEBUG:colcon.colcon_core.verb:Building package 'task01' with the following arguments: {'ament_cmake_args': None, 'build_base': '/workspace/Practice02/build/task01', 'catkin_cmake_args': None, 'catkin_skip_building_tests': False, 'cmake_args': None, 'cmake_clean_cache': False, 'cmake_clean_first': False, 'cmake_force_configure': False, 'cmake_target': None, 'cmake_target_skip_unavailable': False, 'install_base': '/workspace/Practice02/install/task01', 'merge_install': False, 'path': '/workspace/Practice02/src/task01', 'symlink_install': False, 'test_result_base': None}
[1.560s] Level 5:colcon.colcon_core.verb:set package 'task02' build argument 'cmake_args' from command line to 'None'
[1.561s] Level 5:colcon.colcon_core.verb:set package 'task02' build argument 'cmake_target' from command line to 'None'
[1.562s] Level 5:colcon.colcon_core.verb:set package 'task02' build argument 'cmake_target_skip_unavailable' from command line to 'False'
[1.562s] Level 5:colcon.colcon_core.verb:set package 'task02' build argument 'cmake_clean_cache' from command line to 'False'
[1.563s] Level 5:colcon.colcon_core.verb:set package 'task02' build argument 'cmake_clean_first' from command line to 'False'
[1.564s] Level 5:colcon.colcon_core.verb:set package 'task02' build argument 'cmake_force_configure' from command line to 'False'
[1.564s] Level 5:colcon.colcon_core.verb:set package 'task02' build argument 'ament_cmake_args' from command line to 'None'
[1.565s] Level 5:colcon.colcon_core.verb:set package 'task02' build argument 'catkin_cmake_args' from command line to 'None'
[1.566s] Level 5:colcon.colcon_core.verb:set package 'task02' build argument 'catkin_skip_building_tests' from command line to 'False'
[1.566s] DEBUG:colcon.colcon_core.verb:Building package 'task02' with the following arguments: {'ament_cmake_args': None, 'build_base': '/workspace/Practice02/build/task02', 'catkin_cmake_args': None, 'catkin_skip_building_tests': False, 'cmake_args': None, 'cmake_clean_cache': False, 'cmake_clean_first': False, 'cmake_force_configure': False, 'cmake_target': None, 'cmake_target_skip_unavailable': False, 'install_base': '/workspace/Practice02/install/task02', 'merge_install': False, 'path': '/workspace/Practice02/src/task02', 'symlink_install': False, 'test_result_base': None}
[1.567s] INFO:colcon.colcon_core.executor:Executing jobs using 'parallel' executor
[1.570s] DEBUG:colcon.colcon_parallel_executor.executor.parallel:run_until_complete
[1.570s] INFO:colcon.colcon_ros.task.ament_python.build:Building ROS package in '/workspace/Practice02/src/task01' with build type 'ament_python'
[1.572s] Level 1:colcon.colcon_core.shell:create_environment_hook('task01', 'ament_prefix_path')
[1.595s] INFO:colcon.colcon_core.plugin_system:Skipping extension 'colcon_core.shell.bat': Not used on non-Windows systems
[1.596s] INFO:colcon.colcon_core.shell:Creating environment hook '/workspace/Practice02/install/task01/share/task01/hook/ament_prefix_path.ps1'
[1.629s] INFO:colcon.colcon_core.shell:Creating environment descriptor '/workspace/Practice02/install/task01/share/task01/hook/ament_prefix_path.dsv'
[1.651s] INFO:colcon.colcon_core.shell:Creating environment hook '/workspace/Practice02/install/task01/share/task01/hook/ament_prefix_path.sh'
[1.665s] INFO:colcon.colcon_core.shell:Skip shell extension 'powershell' for command environment: Not usable outside of PowerShell
[1.666s] DEBUG:colcon.colcon_core.shell:Skip shell extension 'dsv' for command environment
[1.722s] INFO:colcon.colcon_ros.task.ament_python.build:Building ROS package in '/workspace/Practice02/src/task02' with build type 'ament_python'
[1.722s] Level 1:colcon.colcon_core.shell:create_environment_hook('task02', 'ament_prefix_path')
[1.723s] INFO:colcon.colcon_core.shell:Creating environment hook '/workspace/Practice02/install/task02/share/task02/hook/ament_prefix_path.ps1'
[1.740s] INFO:colcon.colcon_core.shell:Creating environment descriptor '/workspace/Practice02/install/task02/share/task02/hook/ament_prefix_path.dsv'
[1.754s] INFO:colcon.colcon_core.shell:Creating environment hook '/workspace/Practice02/install/task02/share/task02/hook/ament_prefix_path.sh'
[1.768s] INFO:colcon.colcon_core.shell:Skip shell extension 'powershell' for command environment: Not usable outside of PowerShell
[1.769s] DEBUG:colcon.colcon_core.shell:Skip shell extension 'dsv' for command environment
[3.660s] INFO:colcon.colcon_core.task.python.build:Building Python package in '/workspace/Practice02/src/task01'
[3.662s] INFO:colcon.colcon_core.shell:Skip shell extension 'powershell' for command environment: Not usable outside of PowerShell
[3.663s] DEBUG:colcon.colcon_core.shell:Skip shell extension 'dsv' for command environment
[5.564s] INFO:colcon.colcon_core.task.python.build:Building Python package in '/workspace/Practice02/src/task02'
[5.566s] INFO:colcon.colcon_core.shell:Skip shell extension 'powershell' for command environment: Not usable outside of PowerShell
[5.567s] DEBUG:colcon.colcon_core.shell:Skip shell extension 'dsv' for command environment
[7.403s] DEBUG:colcon.colcon_core.event_handler.log_command:Invoking command in '/workspace/Practice02/src/task01': PYTHONPATH=/workspace/Practice02/build/task01/prefix_override:/usr/lib/python3/dist-packages/colcon_core/task/python/colcon_distutils_commands:/workspace/Practice02/install/task01/lib/python3.10/site-packages:${PYTHONPATH} /usr/bin/python3 -W ignore:setup.py install is deprecated setup.py egg_info --egg-base ../../build/task01 build --build-base /workspace/Practice02/build/task01/build install --record /workspace/Practice02/build/task01/install.log --single-version-externally-managed install_data
[7.888s] DEBUG:colcon.colcon_core.event_handler.log_command:Invoking command in '/workspace/Practice02/src/task02': PYTHONPATH=/workspace/Practice02/build/task02/prefix_override:/usr/lib/python3/dist-packages/colcon_core/task/python/colcon_distutils_commands:/workspace/Practice02/install/task02/lib/python3.10/site-packages:${PYTHONPATH} /usr/bin/python3 -W ignore:setup.py install is deprecated setup.py egg_info --egg-base ../../build/task02 build --build-base /workspace/Practice02/build/task02/build install --record /workspace/Practice02/build/task02/install.log --single-version-externally-managed install_data
[11.331s] DEBUG:colcon.colcon_core.event_handler.log_command:Invoked command in '/workspace/Practice02/src/task01' returned '0': PYTHONPATH=/workspace/Practice02/build/task01/prefix_override:/usr/lib/python3/dist-packages/colcon_core/task/python/colcon_distutils_commands:/workspace/Practice02/install/task01/lib/python3.10/site-packages:${PYTHONPATH} /usr/bin/python3 -W ignore:setup.py install is deprecated setup.py egg_info --egg-base ../../build/task01 build --build-base /workspace/Practice02/build/task01/build install --record /workspace/Practice02/build/task01/install.log --single-version-externally-managed install_data
[11.355s] Level 1:colcon.colcon_core.environment:checking '/workspace/Practice02/install/task01' for CMake module files
[11.520s] Level 1:colcon.colcon_core.environment:checking '/workspace/Practice02/install/task01' for CMake config files
[11.770s] Level 1:colcon.colcon_core.environment:checking '/workspace/Practice02/install/task01/lib'
[11.785s] Level 1:colcon.colcon_core.environment:checking '/workspace/Practice02/install/task01/bin'
[11.790s] Level 1:colcon.colcon_core.environment:checking '/workspace/Practice02/install/task01/lib/pkgconfig/task01.pc'
[11.794s] Level 1:colcon.colcon_core.environment:checking '/workspace/Practice02/install/task01/lib/python3.10/site-packages'
[11.802s] Level 1:colcon.colcon_core.shell:create_environment_hook('task01', 'pythonpath')
[11.804s] INFO:colcon.colcon_core.shell:Creating environment hook '/workspace/Practice02/install/task01/share/task01/hook/pythonpath.ps1'
[11.843s] INFO:colcon.colcon_core.shell:Creating environment descriptor '/workspace/Practice02/install/task01/share/task01/hook/pythonpath.dsv'
[11.873s] INFO:colcon.colcon_core.shell:Creating environment hook '/workspace/Practice02/install/task01/share/task01/hook/pythonpath.sh'
[11.904s] Level 1:colcon.colcon_core.environment:checking '/workspace/Practice02/install/task01/bin'
[11.907s] Level 1:colcon.colcon_core.environment:create_environment_scripts_only(task01)
[11.908s] INFO:colcon.colcon_core.shell:Creating package script '/workspace/Practice02/install/task01/share/task01/package.ps1'
[11.933s] INFO:colcon.colcon_core.shell:Creating package descriptor '/workspace/Practice02/install/task01/share/task01/package.dsv'
[11.960s] INFO:colcon.colcon_core.shell:Creating package script '/workspace/Practice02/install/task01/share/task01/package.sh'
[11.984s] INFO:colcon.colcon_core.shell:Creating package script '/workspace/Practice02/install/task01/share/task01/package.bash'
[12.013s] INFO:colcon.colcon_core.shell:Creating package script '/workspace/Practice02/install/task01/share/task01/package.zsh'
[12.040s] Level 1:colcon.colcon_core.environment:create_file_with_runtime_dependencies(/workspace/Practice02/install/task01/share/colcon-core/packages/task01)
[13.403s] Level 1:colcon.colcon_core.environment:checking '/workspace/Practice02/install/task02' for CMake module files
[13.417s] DEBUG:colcon.colcon_core.event_handler.log_command:Invoked command in '/workspace/Practice02/src/task02' returned '0': PYTHONPATH=/workspace/Practice02/build/task02/prefix_override:/usr/lib/python3/dist-packages/colcon_core/task/python/colcon_distutils_commands:/workspace/Practice02/install/task02/lib/python3.10/site-packages:${PYTHONPATH} /usr/bin/python3 -W ignore:setup.py install is deprecated setup.py egg_info --egg-base ../../build/task02 build --build-base /workspace/Practice02/build/task02/build install --record /workspace/Practice02/build/task02/install.log --single-version-externally-managed install_data
[13.605s] Level 1:colcon.colcon_core.environment:checking '/workspace/Practice02/install/task02' for CMake config files
[13.872s] Level 1:colcon.colcon_core.environment:checking '/workspace/Practice02/install/task02/lib'
[13.876s] Level 1:colcon.colcon_core.environment:checking '/workspace/Practice02/install/task02/bin'
[13.877s] Level 1:colcon.colcon_core.environment:checking '/workspace/Practice02/install/task02/lib/pkgconfig/task02.pc'
[13.879s] Level 1:colcon.colcon_core.environment:checking '/workspace/Practice02/install/task02/lib/python3.10/site-packages'
[13.882s] Level 1:colcon.colcon_core.shell:create_environment_hook('task02', 'pythonpath')
[13.882s] INFO:colcon.colcon_core.shell:Creating environment hook '/workspace/Practice02/install/task02/share/task02/hook/pythonpath.ps1'
[13.900s] INFO:colcon.colcon_core.shell:Creating environment descriptor '/workspace/Practice02/install/task02/share/task02/hook/pythonpath.dsv'
[13.913s] INFO:colcon.colcon_core.shell:Creating environment hook '/workspace/Practice02/install/task02/share/task02/hook/pythonpath.sh'
[13.927s] Level 1:colcon.colcon_core.environment:checking '/workspace/Practice02/install/task02/bin'
[13.930s] Level 1:colcon.colcon_core.environment:create_environment_scripts_only(task02)
[13.930s] INFO:colcon.colcon_core.shell:Creating package script '/workspace/Practice02/install/task02/share/task02/package.ps1'
[13.943s] INFO:colcon.colcon_core.shell:Creating package descriptor '/workspace/Practice02/install/task02/share/task02/package.dsv'
[13.957s] INFO:colcon.colcon_core.shell:Creating package script '/workspace/Practice02/install/task02/share/task02/package.sh'
[13.973s] INFO:colcon.colcon_core.shell:Creating package script '/workspace/Practice02/install/task02/share/task02/package.bash'
[13.988s] INFO:colcon.colcon_core.shell:Creating package script '/workspace/Practice02/install/task02/share/task02/package.zsh'
[14.000s] Level 1:colcon.colcon_core.environment:create_file_with_runtime_dependencies(/workspace/Practice02/install/task02/share/colcon-core/packages/task02)
[14.011s] DEBUG:colcon.colcon_parallel_executor.executor.parallel:closing loop
[14.012s] DEBUG:colcon.colcon_parallel_executor.executor.parallel:loop closed
[14.012s] DEBUG:colcon.colcon_parallel_executor.executor.parallel:run_until_complete finished with '0'
[14.013s] DEBUG:colcon.colcon_core.event_reactor:joining thread
[14.120s] INFO:colcon.colcon_core.plugin_system:Skipping extension 'colcon_notification.desktop_notification.notify_send': Could not find 'notify-send'
[14.121s] INFO:colcon.colcon_core.plugin_system:Skipping extension 'colcon_notification.desktop_notification.terminal_notifier': Not used on non-Darwin systems
[14.122s] INFO:colcon.colcon_core.plugin_system:Skipping extension 'colcon_notification.desktop_notification.win32': Not used on non-Windows systems
[14.123s] INFO:colcon.colcon_notification.desktop_notification:Sending desktop notification using 'notify2'
[14.124s] DEBUG:colcon.colcon_notification.desktop_notification.notify2:Failed to initialize notify2: org.freedesktop.DBus.Error.NotSupported: Unable to autolaunch a dbus-daemon without a $DISPLAY for X11
[14.125s] DEBUG:colcon.colcon_core.event_reactor:joined thread
[14.127s] INFO:colcon.colcon_core.shell:Creating prefix script '/workspace/Practice02/install/local_setup.ps1'
[14.158s] INFO:colcon.colcon_core.shell:Creating prefix util module '/workspace/Practice02/install/_local_setup_util_ps1.py'
[14.184s] INFO:colcon.colcon_core.shell:Creating prefix chain script '/workspace/Practice02/install/setup.ps1'
[14.248s] INFO:colcon.colcon_core.shell:Creating prefix script '/workspace/Practice02/install/local_setup.sh'
[14.274s] INFO:colcon.colcon_core.shell:Creating prefix util module '/workspace/Practice02/install/_local_setup_util_sh.py'
[14.302s] INFO:colcon.colcon_core.shell:Creating prefix chain script '/workspace/Practice02/install/setup.sh'
[14.367s] INFO:colcon.colcon_core.shell:Creating prefix script '/workspace/Practice02/install/local_setup.bash'
[14.404s] INFO:colcon.colcon_core.shell:Creating prefix chain script '/workspace/Practice02/install/setup.bash'
[14.468s] INFO:colcon.colcon_core.shell:Creating prefix script '/workspace/Practice02/install/local_setup.zsh'
[14.491s] INFO:colcon.colcon_core.shell:Creating prefix chain script '/workspace/Practice02/install/setup.zsh'
