[4.210s] Invoking command in '/workspace/Practice02/src/task01': PYTHONPATH=/workspace/Practice02/build/task01/prefix_override:/usr/lib/python3/dist-packages/colcon_core/task/python/colcon_distutils_commands:/workspace/Practice02/install/task01/lib/python3.10/site-packages:${PYTHONPATH} /usr/bin/python3 -W ignore:setup.py install is deprecated setup.py egg_info --egg-base ../../build/task01 build --build-base /workspace/Practice02/build/task01/build install --record /workspace/Practice02/build/task01/install.log --single-version-externally-managed install_data
[6.431s] running egg_info
[6.446s] creating ../../build/task01/task01.egg-info
[6.457s] writing ../../build/task01/task01.egg-info/PKG-INFO
[6.485s] writing dependency_links to ../../build/task01/task01.egg-info/dependency_links.txt
[6.501s] writing entry points to ../../build/task01/task01.egg-info/entry_points.txt
[6.515s] writing requirements to ../../build/task01/task01.egg-info/requires.txt
[6.527s] writing top-level names to ../../build/task01/task01.egg-info/top_level.txt
[6.547s] writing manifest file '../../build/task01/task01.egg-info/SOURCES.txt'
[6.698s] reading manifest file '../../build/task01/task01.egg-info/SOURCES.txt'
[6.978s] writing manifest file '../../build/task01/task01.egg-info/SOURCES.txt'
[6.993s] running build
[6.996s] running build_py
[7.021s] creating /workspace/Practice02/build/task01/build
[7.027s] creating /workspace/Practice02/build/task01/build/lib
[7.037s] creating /workspace/Practice02/build/task01/build/lib/task01
[7.078s] copying task01/receiver.py -> /workspace/Practice02/build/task01/build/lib/task01
[7.151s] copying task01/__init__.py -> /workspace/Practice02/build/task01/build/lib/task01
[7.192s] running install
[7.194s] running install_lib
[7.283s] creating /workspace/Practice02/install/task01/lib/python3.10/site-packages/task01
[7.354s] copying /workspace/Practice02/build/task01/build/lib/task01/receiver.py -> /workspace/Practice02/install/task01/lib/python3.10/site-packages/task01
[7.507s] copying /workspace/Practice02/build/task01/build/lib/task01/__init__.py -> /workspace/Practice02/install/task01/lib/python3.10/site-packages/task01
[7.601s] byte-compiling /workspace/Practice02/install/task01/lib/python3.10/site-packages/task01/receiver.py to receiver.cpython-310.pyc
[7.734s] byte-compiling /workspace/Practice02/install/task01/lib/python3.10/site-packages/task01/__init__.py to __init__.cpython-310.pyc
[7.839s] running install_data
[7.853s] creating /workspace/Practice02/install/task01/share/ament_index
[7.861s] creating /workspace/Practice02/install/task01/share/ament_index/resource_index
[7.872s] creating /workspace/Practice02/install/task01/share/ament_index/resource_index/packages
[7.909s] copying resource/task01 -> /workspace/Practice02/install/task01/share/ament_index/resource_index/packages
[7.972s] copying package.xml -> /workspace/Practice02/install/task01/share/task01
[8.001s] creating /workspace/Practice02/install/task01/share/task01/launch
[8.011s] copying launch/task01.launch -> /workspace/Practice02/install/task01/share/task01/launch
[8.028s] running install_egg_info
[8.051s] Copying ../../build/task01/task01.egg-info to /workspace/Practice02/install/task01/lib/python3.10/site-packages/task01-0.0.0-py3.10.egg-info
[8.924s] running install_scripts
[9.190s] Installing receiver script to /workspace/Practice02/install/task01/lib/task01
[9.246s] writing list of installed files to '/workspace/Practice02/build/task01/install.log'
[9.313s] Invoked command in '/workspace/Practice02/src/task01' returned '0': PYTHONPATH=/workspace/Practice02/build/task01/prefix_override:/usr/lib/python3/dist-packages/colcon_core/task/python/colcon_distutils_commands:/workspace/Practice02/install/task01/lib/python3.10/site-packages:${PYTHONPATH} /usr/bin/python3 -W ignore:setup.py install is deprecated setup.py egg_info --egg-base ../../build/task01 build --build-base /workspace/Practice02/build/task01/build install --record /workspace/Practice02/build/task01/install.log --single-version-externally-managed install_data
