[6.418s] Invoking command in '/workspace/Practice02/src/task02': PYTHONPATH=/workspace/Practice02/build/task02/prefix_override:/usr/lib/python3/dist-packages/colcon_core/task/python/colcon_distutils_commands:/workspace/Practice02/install/task02/lib/python3.10/site-packages:${PYTHONPATH} /usr/bin/python3 -W ignore:setup.py install is deprecated setup.py egg_info --egg-base ../../build/task02 build --build-base /workspace/Practice02/build/task02/build install --record /workspace/Practice02/build/task02/install.log --single-version-externally-managed install_data
[7.467s] running egg_info
[7.472s] writing ../../build/task02/task02.egg-info/PKG-INFO
[7.481s] writing dependency_links to ../../build/task02/task02.egg-info/dependency_links.txt
[7.490s] writing entry points to ../../build/task02/task02.egg-info/entry_points.txt
[7.497s] writing requirements to ../../build/task02/task02.egg-info/requires.txt
[7.501s] writing top-level names to ../../build/task02/task02.egg-info/top_level.txt
[7.553s] reading manifest file '../../build/task02/task02.egg-info/SOURCES.txt'
[7.668s] writing manifest file '../../build/task02/task02.egg-info/SOURCES.txt'
[7.669s] running build
[7.670s] running build_py
[7.715s] running install
[7.717s] running install_lib
[7.862s] running install_data
[7.942s] running install_egg_info
[7.958s] removing '/workspace/Practice02/install/task02/lib/python3.10/site-packages/task02-0.0.0-py3.10.egg-info' (and everything under it)
[8.067s] Copying ../../build/task02/task02.egg-info to /workspace/Practice02/install/task02/lib/python3.10/site-packages/task02-0.0.0-py3.10.egg-info
[8.893s] running install_scripts
[9.280s] Installing sender script to /workspace/Practice02/install/task02/lib/task02
[9.335s] writing list of installed files to '/workspace/Practice02/build/task02/install.log'
[9.382s] Invoked command in '/workspace/Practice02/src/task02' returned '0': PYTHONPATH=/workspace/Practice02/build/task02/prefix_override:/usr/lib/python3/dist-packages/colcon_core/task/python/colcon_distutils_commands:/workspace/Practice02/install/task02/lib/python3.10/site-packages:${PYTHONPATH} /usr/bin/python3 -W ignore:setup.py install is deprecated setup.py egg_info --egg-base ../../build/task02 build --build-base /workspace/Practice02/build/task02/build install --record /workspace/Practice02/build/task02/install.log --single-version-externally-managed install_data
