[0.743s] DEBUG:colcon:Command line arguments: ['/usr/bin/colcon', 'build']
[0.744s] DEBUG:colcon:Parsed command line arguments: Namespace(log_base=None, log_level=None, verb_name='build', build_base='build', install_base='install', merge_install=False, symlink_install=False, test_result_base=None, continue_on_error=False, executor='parallel', parallel_workers=20, event_handlers=None, ignore_user_meta=False, metas=['./colcon.meta'], base_paths=['.'], packages_ignore=None, packages_ignore_regex=None, paths=None, packages_up_to=None, packages_up_to_regex=None, packages_above=None, packages_above_and_dependencies=None, packages_above_depth=None, packages_select_by_dep=None, packages_skip_by_dep=None, packages_skip_up_to=None, packages_select_build_failed=False, packages_skip_build_finished=False, packages_select_test_failures=False, packages_skip_test_passed=False, packages_select=None, packages_skip=None, packages_select_regex=None, packages_skip_regex=None, packages_start=None, packages_end=None, cmake_args=None, cmake_target=None, cmake_target_skip_unavailable=False, cmake_clean_cache=False, cmake_clean_first=False, cmake_force_configure=False, ament_cmake_args=None, catkin_cmake_args=None, catkin_skip_building_tests=False, mixin_files=None, mixin=None, verb_parser=<colcon_mixin.mixin.mixin_argument.MixinArgumentDecorator object at 0x7f8a1ab5a530>, verb_extension=<colcon_core.verb.build.BuildVerb object at 0x7f8a1ab59e10>, main=<bound method BuildVerb.main of <colcon_core.verb.build.BuildVerb object at 0x7f8a1ab59e10>>, mixin_verb=('build',))
[1.281s] Level 1:colcon.colcon_core.package_discovery:discover_packages(colcon_meta) check parameters
[1.282s] INFO:colcon.colcon_metadata.package_discovery.colcon_meta:Using configuration from '/root/.colcon/metadata/default/Gazebo.meta'
[1.284s] INFO:colcon.colcon_metadata.package_discovery.colcon_meta:Using configuration from '/root/.colcon/metadata/default/fastrtps.meta'
[1.285s] Level 1:colcon.colcon_core.package_discovery:discover_packages(recursive) check parameters
[1.286s] Level 1:colcon.colcon_core.package_discovery:discover_packages(ignore) check parameters
[1.286s] Level 1:colcon.colcon_core.package_discovery:discover_packages(path) check parameters
[1.287s] Level 1:colcon.colcon_core.package_discovery:discover_packages(colcon_meta) discover
[1.288s] Level 1:colcon.colcon_core.package_discovery:discover_packages(recursive) discover
[1.288s] INFO:colcon.colcon_core.package_discovery:Crawling recursively for packages in '/workspace/Practice02'
[1.291s] Level 1:colcon.colcon_core.package_identification:_identify(.) by extensions ['ignore', 'ignore_ament_install']
[1.291s] Level 1:colcon.colcon_core.package_identification:_identify(.) by extension 'ignore'
[1.292s] Level 1:colcon.colcon_core.package_identification:_identify(.) by extension 'ignore_ament_install'
[1.293s] Level 1:colcon.colcon_core.package_identification:_identify(.) by extensions ['colcon_pkg']
[1.293s] Level 1:colcon.colcon_core.package_identification:_identify(.) by extension 'colcon_pkg'
[1.294s] Level 1:colcon.colcon_core.package_identification:_identify(.) by extensions ['colcon_meta']
[1.294s] Level 1:colcon.colcon_core.package_identification:_identify(.) by extension 'colcon_meta'
[1.295s] Level 1:colcon.colcon_core.package_identification:_identify(.) by extensions ['ros']
[1.295s] Level 1:colcon.colcon_core.package_identification:_identify(.) by extension 'ros'
[1.328s] Level 1:colcon.colcon_core.package_identification:_identify(.) by extensions ['cmake', 'python']
[1.329s] Level 1:colcon.colcon_core.package_identification:_identify(.) by extension 'cmake'
[1.330s] Level 1:colcon.colcon_core.package_identification:_identify(.) by extension 'python'
[1.331s] Level 1:colcon.colcon_core.package_identification:_identify(.) by extensions ['python_setup_py']
[1.332s] Level 1:colcon.colcon_core.package_identification:_identify(.) by extension 'python_setup_py'
[1.344s] Level 1:colcon.colcon_core.package_identification:_identify(build) by extensions ['ignore', 'ignore_ament_install']
[1.345s] Level 1:colcon.colcon_core.package_identification:_identify(build) by extension 'ignore'
[1.351s] Level 1:colcon.colcon_core.package_identification:_identify(build) ignored
[1.363s] Level 1:colcon.colcon_core.package_identification:_identify(install) by extensions ['ignore', 'ignore_ament_install']
[1.365s] Level 1:colcon.colcon_core.package_identification:_identify(install) by extension 'ignore'
[1.371s] Level 1:colcon.colcon_core.package_identification:_identify(install) ignored
[1.392s] Level 1:colcon.colcon_core.package_identification:_identify(log) by extensions ['ignore', 'ignore_ament_install']
[1.393s] Level 1:colcon.colcon_core.package_identification:_identify(log) by extension 'ignore'
[1.397s] Level 1:colcon.colcon_core.package_identification:_identify(log) ignored
[1.406s] Level 1:colcon.colcon_core.package_identification:_identify(src) by extensions ['ignore', 'ignore_ament_install']
[1.407s] Level 1:colcon.colcon_core.package_identification:_identify(src) by extension 'ignore'
[1.410s] Level 1:colcon.colcon_core.package_identification:_identify(src) by extension 'ignore_ament_install'
[1.415s] Level 1:colcon.colcon_core.package_identification:_identify(src) by extensions ['colcon_pkg']
[1.415s] Level 1:colcon.colcon_core.package_identification:_identify(src) by extension 'colcon_pkg'
[1.418s] Level 1:colcon.colcon_core.package_identification:_identify(src) by extensions ['colcon_meta']
[1.418s] Level 1:colcon.colcon_core.package_identification:_identify(src) by extension 'colcon_meta'
[1.421s] Level 1:colcon.colcon_core.package_identification:_identify(src) by extensions ['ros']
[1.421s] Level 1:colcon.colcon_core.package_identification:_identify(src) by extension 'ros'
[1.435s] Level 1:colcon.colcon_core.package_identification:_identify(src) by extensions ['cmake', 'python']
[1.436s] Level 1:colcon.colcon_core.package_identification:_identify(src) by extension 'cmake'
[1.440s] Level 1:colcon.colcon_core.package_identification:_identify(src) by extension 'python'
[1.444s] Level 1:colcon.colcon_core.package_identification:_identify(src) by extensions ['python_setup_py']
[1.445s] Level 1:colcon.colcon_core.package_identification:_identify(src) by extension 'python_setup_py'
[1.465s] Level 1:colcon.colcon_core.package_identification:_identify(src/task01) by extensions ['ignore', 'ignore_ament_install']
[1.466s] Level 1:colcon.colcon_core.package_identification:_identify(src/task01) by extension 'ignore'
[1.472s] Level 1:colcon.colcon_core.package_identification:_identify(src/task01) by extension 'ignore_ament_install'
[1.481s] Level 1:colcon.colcon_core.package_identification:_identify(src/task01) by extensions ['colcon_pkg']
[1.482s] Level 1:colcon.colcon_core.package_identification:_identify(src/task01) by extension 'colcon_pkg'
[1.486s] Level 1:colcon.colcon_core.package_identification:_identify(src/task01) by extensions ['colcon_meta']
[1.487s] Level 1:colcon.colcon_core.package_identification:_identify(src/task01) by extension 'colcon_meta'
[1.496s] Level 1:colcon.colcon_core.package_identification:_identify(src/task01) by extensions ['ros']
[1.497s] Level 1:colcon.colcon_core.package_identification:_identify(src/task01) by extension 'ros'
[1.556s] DEBUG:colcon.colcon_core.package_identification:Package 'src/task01' with type 'ros.ament_python' and name 'task01'
[1.574s] Level 1:colcon.colcon_core.package_identification:_identify(src/task02) by extensions ['ignore', 'ignore_ament_install']
[1.575s] Level 1:colcon.colcon_core.package_identification:_identify(src/task02) by extension 'ignore'
[1.581s] Level 1:colcon.colcon_core.package_identification:_identify(src/task02) by extension 'ignore_ament_install'
[1.588s] Level 1:colcon.colcon_core.package_identification:_identify(src/task02) by extensions ['colcon_pkg']
[1.589s] Level 1:colcon.colcon_core.package_identification:_identify(src/task02) by extension 'colcon_pkg'
[1.593s] Level 1:colcon.colcon_core.package_identification:_identify(src/task02) by extensions ['colcon_meta']
[1.593s] Level 1:colcon.colcon_core.package_identification:_identify(src/task02) by extension 'colcon_meta'
[1.599s] Level 1:colcon.colcon_core.package_identification:_identify(src/task02) by extensions ['ros']
[1.599s] Level 1:colcon.colcon_core.package_identification:_identify(src/task02) by extension 'ros'
[1.639s] DEBUG:colcon.colcon_core.package_identification:Package 'src/task02' with type 'ros.ament_python' and name 'task02'
[1.651s] Level 1:colcon.colcon_core.package_identification:_identify(src/task03) by extensions ['ignore', 'ignore_ament_install']
[1.652s] Level 1:colcon.colcon_core.package_identification:_identify(src/task03) by extension 'ignore'
[1.656s] Level 1:colcon.colcon_core.package_identification:_identify(src/task03) by extension 'ignore_ament_install'
[1.663s] Level 1:colcon.colcon_core.package_identification:_identify(src/task03) by extensions ['colcon_pkg']
[1.664s] Level 1:colcon.colcon_core.package_identification:_identify(src/task03) by extension 'colcon_pkg'
[1.667s] Level 1:colcon.colcon_core.package_identification:_identify(src/task03) by extensions ['colcon_meta']
[1.668s] Level 1:colcon.colcon_core.package_identification:_identify(src/task03) by extension 'colcon_meta'
[1.673s] Level 1:colcon.colcon_core.package_identification:_identify(src/task03) by extensions ['ros']
[1.674s] Level 1:colcon.colcon_core.package_identification:_identify(src/task03) by extension 'ros'
[1.688s] Level 1:colcon.colcon_core.package_identification:_identify(src/task03) by extensions ['cmake', 'python']
[1.688s] Level 1:colcon.colcon_core.package_identification:_identify(src/task03) by extension 'cmake'
[1.691s] Level 1:colcon.colcon_core.package_identification:_identify(src/task03) by extension 'python'
[1.694s] Level 1:colcon.colcon_core.package_identification:_identify(src/task03) by extensions ['python_setup_py']
[1.695s] Level 1:colcon.colcon_core.package_identification:_identify(src/task03) by extension 'python_setup_py'
[1.705s] Level 1:colcon.colcon_core.package_identification:_identify(src/task04) by extensions ['ignore', 'ignore_ament_install']
[1.705s] Level 1:colcon.colcon_core.package_identification:_identify(src/task04) by extension 'ignore'
[1.706s] Level 1:colcon.colcon_core.package_identification:_identify(src/task04) by extension 'ignore_ament_install'
[1.709s] Level 1:colcon.colcon_core.package_identification:_identify(src/task04) by extensions ['colcon_pkg']
[1.709s] Level 1:colcon.colcon_core.package_identification:_identify(src/task04) by extension 'colcon_pkg'
[1.711s] Level 1:colcon.colcon_core.package_identification:_identify(src/task04) by extensions ['colcon_meta']
[1.711s] Level 1:colcon.colcon_core.package_identification:_identify(src/task04) by extension 'colcon_meta'
[1.713s] Level 1:colcon.colcon_core.package_identification:_identify(src/task04) by extensions ['ros']
[1.713s] Level 1:colcon.colcon_core.package_identification:_identify(src/task04) by extension 'ros'
[1.719s] Level 1:colcon.colcon_core.package_identification:_identify(src/task04) by extensions ['cmake', 'python']
[1.720s] Level 1:colcon.colcon_core.package_identification:_identify(src/task04) by extension 'cmake'
[1.721s] Level 1:colcon.colcon_core.package_identification:_identify(src/task04) by extension 'python'
[1.723s] Level 1:colcon.colcon_core.package_identification:_identify(src/task04) by extensions ['python_setup_py']
[1.723s] Level 1:colcon.colcon_core.package_identification:_identify(src/task04) by extension 'python_setup_py'
[1.725s] Level 1:colcon.colcon_core.package_discovery:discover_packages(recursive) using defaults
[1.725s] Level 1:colcon.colcon_core.package_discovery:discover_packages(ignore) discover
[1.725s] Level 1:colcon.colcon_core.package_discovery:discover_packages(ignore) using defaults
[1.725s] Level 1:colcon.colcon_core.package_discovery:discover_packages(path) discover
[1.726s] Level 1:colcon.colcon_core.package_discovery:discover_packages(path) using defaults
[1.807s] Level 5:colcon.colcon_core.verb:set package 'task01' build argument 'cmake_args' from command line to 'None'
[1.807s] Level 5:colcon.colcon_core.verb:set package 'task01' build argument 'cmake_target' from command line to 'None'
[1.807s] Level 5:colcon.colcon_core.verb:set package 'task01' build argument 'cmake_target_skip_unavailable' from command line to 'False'
[1.808s] Level 5:colcon.colcon_core.verb:set package 'task01' build argument 'cmake_clean_cache' from command line to 'False'
[1.808s] Level 5:colcon.colcon_core.verb:set package 'task01' build argument 'cmake_clean_first' from command line to 'False'
[1.808s] Level 5:colcon.colcon_core.verb:set package 'task01' build argument 'cmake_force_configure' from command line to 'False'
[1.808s] Level 5:colcon.colcon_core.verb:set package 'task01' build argument 'ament_cmake_args' from command line to 'None'
[1.808s] Level 5:colcon.colcon_core.verb:set package 'task01' build argument 'catkin_cmake_args' from command line to 'None'
[1.808s] Level 5:colcon.colcon_core.verb:set package 'task01' build argument 'catkin_skip_building_tests' from command line to 'False'
[1.809s] DEBUG:colcon.colcon_core.verb:Building package 'task01' with the following arguments: {'ament_cmake_args': None, 'build_base': '/workspace/Practice02/build/task01', 'catkin_cmake_args': None, 'catkin_skip_building_tests': False, 'cmake_args': None, 'cmake_clean_cache': False, 'cmake_clean_first': False, 'cmake_force_configure': False, 'cmake_target': None, 'cmake_target_skip_unavailable': False, 'install_base': '/workspace/Practice02/install/task01', 'merge_install': False, 'path': '/workspace/Practice02/src/task01', 'symlink_install': False, 'test_result_base': None}
[1.809s] Level 5:colcon.colcon_core.verb:set package 'task02' build argument 'cmake_args' from command line to 'None'
[1.809s] Level 5:colcon.colcon_core.verb:set package 'task02' build argument 'cmake_target' from command line to 'None'
[1.810s] Level 5:colcon.colcon_core.verb:set package 'task02' build argument 'cmake_target_skip_unavailable' from command line to 'False'
[1.810s] Level 5:colcon.colcon_core.verb:set package 'task02' build argument 'cmake_clean_cache' from command line to 'False'
[1.810s] Level 5:colcon.colcon_core.verb:set package 'task02' build argument 'cmake_clean_first' from command line to 'False'
[1.810s] Level 5:colcon.colcon_core.verb:set package 'task02' build argument 'cmake_force_configure' from command line to 'False'
[1.810s] Level 5:colcon.colcon_core.verb:set package 'task02' build argument 'ament_cmake_args' from command line to 'None'
[1.811s] Level 5:colcon.colcon_core.verb:set package 'task02' build argument 'catkin_cmake_args' from command line to 'None'
[1.811s] Level 5:colcon.colcon_core.verb:set package 'task02' build argument 'catkin_skip_building_tests' from command line to 'False'
[1.811s] DEBUG:colcon.colcon_core.verb:Building package 'task02' with the following arguments: {'ament_cmake_args': None, 'build_base': '/workspace/Practice02/build/task02', 'catkin_cmake_args': None, 'catkin_skip_building_tests': False, 'cmake_args': None, 'cmake_clean_cache': False, 'cmake_clean_first': False, 'cmake_force_configure': False, 'cmake_target': None, 'cmake_target_skip_unavailable': False, 'install_base': '/workspace/Practice02/install/task02', 'merge_install': False, 'path': '/workspace/Practice02/src/task02', 'symlink_install': False, 'test_result_base': None}
[1.811s] INFO:colcon.colcon_core.executor:Executing jobs using 'parallel' executor
[1.813s] DEBUG:colcon.colcon_parallel_executor.executor.parallel:run_until_complete
[1.813s] INFO:colcon.colcon_ros.task.ament_python.build:Building ROS package in '/workspace/Practice02/src/task01' with build type 'ament_python'
[1.814s] Level 1:colcon.colcon_core.shell:create_environment_hook('task01', 'ament_prefix_path')
[1.825s] INFO:colcon.colcon_core.plugin_system:Skipping extension 'colcon_core.shell.bat': Not used on non-Windows systems
[1.825s] INFO:colcon.colcon_core.shell:Creating environment hook '/workspace/Practice02/install/task01/share/task01/hook/ament_prefix_path.ps1'
[1.839s] INFO:colcon.colcon_core.shell:Creating environment descriptor '/workspace/Practice02/install/task01/share/task01/hook/ament_prefix_path.dsv'
[1.853s] INFO:colcon.colcon_core.shell:Creating environment hook '/workspace/Practice02/install/task01/share/task01/hook/ament_prefix_path.sh'
[1.866s] INFO:colcon.colcon_core.shell:Skip shell extension 'powershell' for command environment: Not usable outside of PowerShell
[1.867s] DEBUG:colcon.colcon_core.shell:Skip shell extension 'dsv' for command environment
[1.917s] INFO:colcon.colcon_ros.task.ament_python.build:Building ROS package in '/workspace/Practice02/src/task02' with build type 'ament_python'
[1.918s] Level 1:colcon.colcon_core.shell:create_environment_hook('task02', 'ament_prefix_path')
[1.920s] INFO:colcon.colcon_core.shell:Creating environment hook '/workspace/Practice02/install/task02/share/task02/hook/ament_prefix_path.ps1'
[1.944s] INFO:colcon.colcon_core.shell:Creating environment descriptor '/workspace/Practice02/install/task02/share/task02/hook/ament_prefix_path.dsv'
[1.985s] INFO:colcon.colcon_core.shell:Creating environment hook '/workspace/Practice02/install/task02/share/task02/hook/ament_prefix_path.sh'
[2.030s] INFO:colcon.colcon_core.shell:Skip shell extension 'powershell' for command environment: Not usable outside of PowerShell
[2.032s] DEBUG:colcon.colcon_core.shell:Skip shell extension 'dsv' for command environment
[3.335s] INFO:colcon.colcon_core.task.python.build:Building Python package in '/workspace/Practice02/src/task01'
[3.336s] INFO:colcon.colcon_core.shell:Skip shell extension 'powershell' for command environment: Not usable outside of PowerShell
[3.337s] DEBUG:colcon.colcon_core.shell:Skip shell extension 'dsv' for command environment
[5.121s] INFO:colcon.colcon_core.task.python.build:Building Python package in '/workspace/Practice02/src/task02'
[5.122s] INFO:colcon.colcon_core.shell:Skip shell extension 'powershell' for command environment: Not usable outside of PowerShell
[5.123s] DEBUG:colcon.colcon_core.shell:Skip shell extension 'dsv' for command environment
[6.365s] DEBUG:colcon.colcon_core.event_handler.log_command:Invoking command in '/workspace/Practice02/src/task01': PYTHONPATH=/workspace/Practice02/build/task01/prefix_override:/usr/lib/python3/dist-packages/colcon_core/task/python/colcon_distutils_commands:/workspace/Practice02/install/task01/lib/python3.10/site-packages:${PYTHONPATH} /usr/bin/python3 -W ignore:setup.py install is deprecated setup.py egg_info --egg-base ../../build/task01 build --build-base /workspace/Practice02/build/task01/build install --record /workspace/Practice02/build/task01/install.log --single-version-externally-managed install_data
[6.763s] DEBUG:colcon.colcon_core.event_handler.log_command:Invoking command in '/workspace/Practice02/src/task02': PYTHONPATH=/workspace/Practice02/build/task02/prefix_override:/usr/lib/python3/dist-packages/colcon_core/task/python/colcon_distutils_commands:/workspace/Practice02/install/task02/lib/python3.10/site-packages:${PYTHONPATH} /usr/bin/python3 -W ignore:setup.py install is deprecated setup.py egg_info --egg-base ../../build/task02 build --build-base /workspace/Practice02/build/task02/build install --record /workspace/Practice02/build/task02/install.log --single-version-externally-managed install_data
[9.021s] DEBUG:colcon.colcon_core.event_handler.log_command:Invoked command in '/workspace/Practice02/src/task01' returned '0': PYTHONPATH=/workspace/Practice02/build/task01/prefix_override:/usr/lib/python3/dist-packages/colcon_core/task/python/colcon_distutils_commands:/workspace/Practice02/install/task01/lib/python3.10/site-packages:${PYTHONPATH} /usr/bin/python3 -W ignore:setup.py install is deprecated setup.py egg_info --egg-base ../../build/task01 build --build-base /workspace/Practice02/build/task01/build install --record /workspace/Practice02/build/task01/install.log --single-version-externally-managed install_data
[9.032s] Level 1:colcon.colcon_core.environment:checking '/workspace/Practice02/install/task01' for CMake module files
[9.086s] Level 1:colcon.colcon_core.environment:checking '/workspace/Practice02/install/task01' for CMake config files
[9.187s] Level 1:colcon.colcon_core.environment:checking '/workspace/Practice02/install/task01/lib'
[9.193s] Level 1:colcon.colcon_core.environment:checking '/workspace/Practice02/install/task01/bin'
[9.195s] Level 1:colcon.colcon_core.environment:checking '/workspace/Practice02/install/task01/lib/pkgconfig/task01.pc'
[9.197s] Level 1:colcon.colcon_core.environment:checking '/workspace/Practice02/install/task01/lib/python3.10/site-packages'
[9.201s] Level 1:colcon.colcon_core.shell:create_environment_hook('task01', 'pythonpath')
[9.202s] INFO:colcon.colcon_core.shell:Creating environment hook '/workspace/Practice02/install/task01/share/task01/hook/pythonpath.ps1'
[9.220s] INFO:colcon.colcon_core.shell:Creating environment descriptor '/workspace/Practice02/install/task01/share/task01/hook/pythonpath.dsv'
[9.238s] INFO:colcon.colcon_core.shell:Creating environment hook '/workspace/Practice02/install/task01/share/task01/hook/pythonpath.sh'
[9.256s] Level 1:colcon.colcon_core.environment:checking '/workspace/Practice02/install/task01/bin'
[9.257s] Level 1:colcon.colcon_core.environment:create_environment_scripts_only(task01)
[9.258s] INFO:colcon.colcon_core.shell:Creating package script '/workspace/Practice02/install/task01/share/task01/package.ps1'
[9.274s] INFO:colcon.colcon_core.shell:Creating package descriptor '/workspace/Practice02/install/task01/share/task01/package.dsv'
[9.290s] INFO:colcon.colcon_core.shell:Creating package script '/workspace/Practice02/install/task01/share/task01/package.sh'
[9.303s] INFO:colcon.colcon_core.shell:Creating package script '/workspace/Practice02/install/task01/share/task01/package.bash'
[9.323s] INFO:colcon.colcon_core.shell:Creating package script '/workspace/Practice02/install/task01/share/task01/package.zsh'
[9.347s] Level 1:colcon.colcon_core.environment:create_file_with_runtime_dependencies(/workspace/Practice02/install/task01/share/colcon-core/packages/task01)
[10.745s] Level 1:colcon.colcon_core.environment:checking '/workspace/Practice02/install/task02' for CMake module files
[10.757s] DEBUG:colcon.colcon_core.event_handler.log_command:Invoked command in '/workspace/Practice02/src/task02' returned '0': PYTHONPATH=/workspace/Practice02/build/task02/prefix_override:/usr/lib/python3/dist-packages/colcon_core/task/python/colcon_distutils_commands:/workspace/Practice02/install/task02/lib/python3.10/site-packages:${PYTHONPATH} /usr/bin/python3 -W ignore:setup.py install is deprecated setup.py egg_info --egg-base ../../build/task02 build --build-base /workspace/Practice02/build/task02/build install --record /workspace/Practice02/build/task02/install.log --single-version-externally-managed install_data
[10.977s] Level 1:colcon.colcon_core.environment:checking '/workspace/Practice02/install/task02' for CMake config files
[11.383s] Level 1:colcon.colcon_core.environment:checking '/workspace/Practice02/install/task02/lib'
[11.402s] Level 1:colcon.colcon_core.environment:checking '/workspace/Practice02/install/task02/bin'
[11.408s] Level 1:colcon.colcon_core.environment:checking '/workspace/Practice02/install/task02/lib/pkgconfig/task02.pc'
[11.413s] Level 1:colcon.colcon_core.environment:checking '/workspace/Practice02/install/task02/lib/python3.10/site-packages'
[11.424s] Level 1:colcon.colcon_core.shell:create_environment_hook('task02', 'pythonpath')
[11.425s] INFO:colcon.colcon_core.shell:Creating environment hook '/workspace/Practice02/install/task02/share/task02/hook/pythonpath.ps1'
[11.480s] INFO:colcon.colcon_core.shell:Creating environment descriptor '/workspace/Practice02/install/task02/share/task02/hook/pythonpath.dsv'
[11.530s] INFO:colcon.colcon_core.shell:Creating environment hook '/workspace/Practice02/install/task02/share/task02/hook/pythonpath.sh'
[11.600s] Level 1:colcon.colcon_core.environment:checking '/workspace/Practice02/install/task02/bin'
[11.606s] Level 1:colcon.colcon_core.environment:create_environment_scripts_only(task02)
[11.607s] INFO:colcon.colcon_core.shell:Creating package script '/workspace/Practice02/install/task02/share/task02/package.ps1'
[11.658s] INFO:colcon.colcon_core.shell:Creating package descriptor '/workspace/Practice02/install/task02/share/task02/package.dsv'
[11.717s] INFO:colcon.colcon_core.shell:Creating package script '/workspace/Practice02/install/task02/share/task02/package.sh'
[11.771s] INFO:colcon.colcon_core.shell:Creating package script '/workspace/Practice02/install/task02/share/task02/package.bash'
[11.831s] INFO:colcon.colcon_core.shell:Creating package script '/workspace/Practice02/install/task02/share/task02/package.zsh'
[11.885s] Level 1:colcon.colcon_core.environment:create_file_with_runtime_dependencies(/workspace/Practice02/install/task02/share/colcon-core/packages/task02)
[11.922s] DEBUG:colcon.colcon_parallel_executor.executor.parallel:closing loop
[11.924s] DEBUG:colcon.colcon_parallel_executor.executor.parallel:loop closed
[11.925s] DEBUG:colcon.colcon_parallel_executor.executor.parallel:run_until_complete finished with '0'
[11.926s] DEBUG:colcon.colcon_core.event_reactor:joining thread
[12.028s] INFO:colcon.colcon_core.plugin_system:Skipping extension 'colcon_notification.desktop_notification.notify_send': Could not find 'notify-send'
[12.029s] INFO:colcon.colcon_core.plugin_system:Skipping extension 'colcon_notification.desktop_notification.terminal_notifier': Not used on non-Darwin systems
[12.030s] INFO:colcon.colcon_core.plugin_system:Skipping extension 'colcon_notification.desktop_notification.win32': Not used on non-Windows systems
[12.031s] INFO:colcon.colcon_notification.desktop_notification:Sending desktop notification using 'notify2'
[12.032s] DEBUG:colcon.colcon_notification.desktop_notification.notify2:Failed to initialize notify2: org.freedesktop.DBus.Error.NotSupported: Unable to autolaunch a dbus-daemon without a $DISPLAY for X11
[12.034s] DEBUG:colcon.colcon_core.event_reactor:joined thread
[12.035s] INFO:colcon.colcon_core.shell:Creating prefix script '/workspace/Practice02/install/local_setup.ps1'
[12.062s] INFO:colcon.colcon_core.shell:Creating prefix util module '/workspace/Practice02/install/_local_setup_util_ps1.py'
[12.086s] INFO:colcon.colcon_core.shell:Creating prefix chain script '/workspace/Practice02/install/setup.ps1'
[12.156s] INFO:colcon.colcon_core.shell:Creating prefix script '/workspace/Practice02/install/local_setup.sh'
[12.178s] INFO:colcon.colcon_core.shell:Creating prefix util module '/workspace/Practice02/install/_local_setup_util_sh.py'
[12.228s] INFO:colcon.colcon_core.shell:Creating prefix chain script '/workspace/Practice02/install/setup.sh'
[12.290s] INFO:colcon.colcon_core.shell:Creating prefix script '/workspace/Practice02/install/local_setup.bash'
[12.314s] INFO:colcon.colcon_core.shell:Creating prefix chain script '/workspace/Practice02/install/setup.bash'
[12.365s] INFO:colcon.colcon_core.shell:Creating prefix script '/workspace/Practice02/install/local_setup.zsh'
[12.386s] INFO:colcon.colcon_core.shell:Creating prefix chain script '/workspace/Practice02/install/setup.zsh'
