[1.590s] Invoking command in '/workspace/Practice02/src/task03': PYTHONPATH=/workspace/Practice02/build/task03/prefix_override:/usr/lib/python3/dist-packages/colcon_core/task/python/colcon_distutils_commands:/workspace/Practice02/install/task03/lib/python3.10/site-packages:${PYTHONPATH} /usr/bin/python3 -W ignore:setup.py install is deprecated setup.py egg_info --egg-base ../../build/task03 build --build-base /workspace/Practice02/build/task03/build install --record /workspace/Practice02/build/task03/install.log --single-version-externally-managed install_data
[2.105s] running egg_info
[2.107s] creating ../../build/task03/task03.egg-info
[2.110s] writing ../../build/task03/task03.egg-info/PKG-INFO
[2.121s] writing dependency_links to ../../build/task03/task03.egg-info/dependency_links.txt
[2.125s] writing entry points to ../../build/task03/task03.egg-info/entry_points.txt
[2.130s] writing requirements to ../../build/task03/task03.egg-info/requires.txt
[2.134s] writing top-level names to ../../build/task03/task03.egg-info/top_level.txt
[2.140s] writing manifest file '../../build/task03/task03.egg-info/SOURCES.txt'
[2.169s] reading manifest file '../../build/task03/task03.egg-info/SOURCES.txt'
[2.212s] writing manifest file '../../build/task03/task03.egg-info/SOURCES.txt'
[2.217s] running build
[2.218s] running build_py
[2.225s] creating /workspace/Practice02/build/task03/build
[2.225s] creating /workspace/Practice02/build/task03/build/lib
[2.226s] creating /workspace/Practice02/build/task03/build/lib/task03
[2.235s] copying task03/my_service_node.py -> /workspace/Practice02/build/task03/build/lib/task03
[2.254s] copying task03/__init__.py -> /workspace/Practice02/build/task03/build/lib/task03
[2.266s] running install
[2.267s] running install_lib
[2.285s] creating /workspace/Practice02/install/task03/lib/python3.10/site-packages/task03
[2.300s] copying /workspace/Practice02/build/task03/build/lib/task03/my_service_node.py -> /workspace/Practice02/install/task03/lib/python3.10/site-packages/task03
[2.328s] copying /workspace/Practice02/build/task03/build/lib/task03/__init__.py -> /workspace/Practice02/install/task03/lib/python3.10/site-packages/task03
[2.362s] byte-compiling /workspace/Practice02/install/task03/lib/python3.10/site-packages/task03/my_service_node.py to my_service_node.cpython-310.pyc
[2.395s] byte-compiling /workspace/Practice02/install/task03/lib/python3.10/site-packages/task03/__init__.py to __init__.cpython-310.pyc
[2.427s] running install_data
[2.431s] creating /workspace/Practice02/install/task03/share/ament_index
[2.433s] creating /workspace/Practice02/install/task03/share/ament_index/resource_index
[2.435s] creating /workspace/Practice02/install/task03/share/ament_index/resource_index/packages
[2.444s] copying resource/task03 -> /workspace/Practice02/install/task03/share/ament_index/resource_index/packages
[2.463s] copying package.xml -> /workspace/Practice02/install/task03/share/task03
[2.476s] creating /workspace/Practice02/install/task03/share/task03/launch
[2.485s] copying launch/task03.launch -> /workspace/Practice02/install/task03/share/task03/launch
[2.503s] creating /workspace/Practice02/install/task03/share/task03/config
[2.512s] copying config/task03.yaml -> /workspace/Practice02/install/task03/share/task03/config
[2.525s] running install_egg_info
[2.539s] Copying ../../build/task03/task03.egg-info to /workspace/Practice02/install/task03/lib/python3.10/site-packages/task03-0.0.0-py3.10.egg-info
[2.724s] running install_scripts
[2.781s] Installing service script to /workspace/Practice02/install/task03/lib/task03
[2.790s] writing list of installed files to '/workspace/Practice02/build/task03/install.log'
[3.087s] Invoked command in '/workspace/Practice02/src/task03' returned '0': PYTHONPATH=/workspace/Practice02/build/task03/prefix_override:/usr/lib/python3/dist-packages/colcon_core/task/python/colcon_distutils_commands:/workspace/Practice02/install/task03/lib/python3.10/site-packages:${PYTHONPATH} /usr/bin/python3 -W ignore:setup.py install is deprecated setup.py egg_info --egg-base ../../build/task03 build --build-base /workspace/Practice02/build/task03/build install --record /workspace/Practice02/build/task03/install.log --single-version-externally-managed install_data
