[1.451s] DEBUG:colcon:Command line arguments: ['/usr/bin/colcon', 'build']
[1.452s] DEBUG:colcon:Parsed command line arguments: Namespace(log_base=None, log_level=None, verb_name='build', build_base='build', install_base='install', merge_install=False, symlink_install=False, test_result_base=None, continue_on_error=False, executor='parallel', parallel_workers=20, event_handlers=None, ignore_user_meta=False, metas=['./colcon.meta'], base_paths=['.'], packages_ignore=None, packages_ignore_regex=None, paths=None, packages_up_to=None, packages_up_to_regex=None, packages_above=None, packages_above_and_dependencies=None, packages_above_depth=None, packages_select_by_dep=None, packages_skip_by_dep=None, packages_skip_up_to=None, packages_select_build_failed=False, packages_skip_build_finished=False, packages_select_test_failures=False, packages_skip_test_passed=False, packages_select=None, packages_skip=None, packages_select_regex=None, packages_skip_regex=None, packages_start=None, packages_end=None, cmake_args=None, cmake_target=None, cmake_target_skip_unavailable=False, cmake_clean_cache=False, cmake_clean_first=False, cmake_force_configure=False, ament_cmake_args=None, catkin_cmake_args=None, catkin_skip_building_tests=False, mixin_files=None, mixin=None, verb_parser=<colcon_mixin.mixin.mixin_argument.MixinArgumentDecorator object at 0x7fcd60c82530>, verb_extension=<colcon_core.verb.build.BuildVerb object at 0x7fcd60c81e10>, main=<bound method BuildVerb.main of <colcon_core.verb.build.BuildVerb object at 0x7fcd60c81e10>>, mixin_verb=('build',))
[2.414s] Level 1:colcon.colcon_core.package_discovery:discover_packages(colcon_meta) check parameters
[2.418s] INFO:colcon.colcon_metadata.package_discovery.colcon_meta:Using configuration from '/root/.colcon/metadata/default/Gazebo.meta'
[2.421s] INFO:colcon.colcon_metadata.package_discovery.colcon_meta:Using configuration from '/root/.colcon/metadata/default/fastrtps.meta'
[2.423s] Level 1:colcon.colcon_core.package_discovery:discover_packages(recursive) check parameters
[2.423s] Level 1:colcon.colcon_core.package_discovery:discover_packages(ignore) check parameters
[2.424s] Level 1:colcon.colcon_core.package_discovery:discover_packages(path) check parameters
[2.425s] Level 1:colcon.colcon_core.package_discovery:discover_packages(colcon_meta) discover
[2.426s] Level 1:colcon.colcon_core.package_discovery:discover_packages(recursive) discover
[2.427s] INFO:colcon.colcon_core.package_discovery:Crawling recursively for packages in '/workspace/Practice02'
[2.432s] Level 1:colcon.colcon_core.package_identification:_identify(.) by extensions ['ignore', 'ignore_ament_install']
[2.433s] Level 1:colcon.colcon_core.package_identification:_identify(.) by extension 'ignore'
[2.435s] Level 1:colcon.colcon_core.package_identification:_identify(.) by extension 'ignore_ament_install'
[2.437s] Level 1:colcon.colcon_core.package_identification:_identify(.) by extensions ['colcon_pkg']
[2.437s] Level 1:colcon.colcon_core.package_identification:_identify(.) by extension 'colcon_pkg'
[2.438s] Level 1:colcon.colcon_core.package_identification:_identify(.) by extensions ['colcon_meta']
[2.439s] Level 1:colcon.colcon_core.package_identification:_identify(.) by extension 'colcon_meta'
[2.440s] Level 1:colcon.colcon_core.package_identification:_identify(.) by extensions ['ros']
[2.441s] Level 1:colcon.colcon_core.package_identification:_identify(.) by extension 'ros'
[2.486s] Level 1:colcon.colcon_core.package_identification:_identify(.) by extensions ['cmake', 'python']
[2.487s] Level 1:colcon.colcon_core.package_identification:_identify(.) by extension 'cmake'
[2.488s] Level 1:colcon.colcon_core.package_identification:_identify(.) by extension 'python'
[2.489s] Level 1:colcon.colcon_core.package_identification:_identify(.) by extensions ['python_setup_py']
[2.490s] Level 1:colcon.colcon_core.package_identification:_identify(.) by extension 'python_setup_py'
[2.500s] Level 1:colcon.colcon_core.package_identification:_identify(build) by extensions ['ignore', 'ignore_ament_install']
[2.501s] Level 1:colcon.colcon_core.package_identification:_identify(build) by extension 'ignore'
[2.507s] Level 1:colcon.colcon_core.package_identification:_identify(build) ignored
[2.516s] Level 1:colcon.colcon_core.package_identification:_identify(install) by extensions ['ignore', 'ignore_ament_install']
[2.517s] Level 1:colcon.colcon_core.package_identification:_identify(install) by extension 'ignore'
[2.521s] Level 1:colcon.colcon_core.package_identification:_identify(install) ignored
[2.535s] Level 1:colcon.colcon_core.package_identification:_identify(log) by extensions ['ignore', 'ignore_ament_install']
[2.536s] Level 1:colcon.colcon_core.package_identification:_identify(log) by extension 'ignore'
[2.539s] Level 1:colcon.colcon_core.package_identification:_identify(log) ignored
[2.546s] Level 1:colcon.colcon_core.package_identification:_identify(src) by extensions ['ignore', 'ignore_ament_install']
[2.547s] Level 1:colcon.colcon_core.package_identification:_identify(src) by extension 'ignore'
[2.548s] Level 1:colcon.colcon_core.package_identification:_identify(src) by extension 'ignore_ament_install'
[2.550s] Level 1:colcon.colcon_core.package_identification:_identify(src) by extensions ['colcon_pkg']
[2.551s] Level 1:colcon.colcon_core.package_identification:_identify(src) by extension 'colcon_pkg'
[2.552s] Level 1:colcon.colcon_core.package_identification:_identify(src) by extensions ['colcon_meta']
[2.552s] Level 1:colcon.colcon_core.package_identification:_identify(src) by extension 'colcon_meta'
[2.553s] Level 1:colcon.colcon_core.package_identification:_identify(src) by extensions ['ros']
[2.554s] Level 1:colcon.colcon_core.package_identification:_identify(src) by extension 'ros'
[2.557s] Level 1:colcon.colcon_core.package_identification:_identify(src) by extensions ['cmake', 'python']
[2.558s] Level 1:colcon.colcon_core.package_identification:_identify(src) by extension 'cmake'
[2.559s] Level 1:colcon.colcon_core.package_identification:_identify(src) by extension 'python'
[2.560s] Level 1:colcon.colcon_core.package_identification:_identify(src) by extensions ['python_setup_py']
[2.560s] Level 1:colcon.colcon_core.package_identification:_identify(src) by extension 'python_setup_py'
[2.565s] Level 1:colcon.colcon_core.package_identification:_identify(src/task01) by extensions ['ignore', 'ignore_ament_install']
[2.565s] Level 1:colcon.colcon_core.package_identification:_identify(src/task01) by extension 'ignore'
[2.567s] Level 1:colcon.colcon_core.package_identification:_identify(src/task01) by extension 'ignore_ament_install'
[2.570s] Level 1:colcon.colcon_core.package_identification:_identify(src/task01) by extensions ['colcon_pkg']
[2.570s] Level 1:colcon.colcon_core.package_identification:_identify(src/task01) by extension 'colcon_pkg'
[2.571s] Level 1:colcon.colcon_core.package_identification:_identify(src/task01) by extensions ['colcon_meta']
[2.572s] Level 1:colcon.colcon_core.package_identification:_identify(src/task01) by extension 'colcon_meta'
[2.574s] Level 1:colcon.colcon_core.package_identification:_identify(src/task01) by extensions ['ros']
[2.574s] Level 1:colcon.colcon_core.package_identification:_identify(src/task01) by extension 'ros'
[2.595s] DEBUG:colcon.colcon_core.package_identification:Package 'src/task01' with type 'ros.ament_python' and name 'task01'
[2.600s] Level 1:colcon.colcon_core.package_identification:_identify(src/task02) by extensions ['ignore', 'ignore_ament_install']
[2.600s] Level 1:colcon.colcon_core.package_identification:_identify(src/task02) by extension 'ignore'
[2.602s] Level 1:colcon.colcon_core.package_identification:_identify(src/task02) by extension 'ignore_ament_install'
[2.605s] Level 1:colcon.colcon_core.package_identification:_identify(src/task02) by extensions ['colcon_pkg']
[2.605s] Level 1:colcon.colcon_core.package_identification:_identify(src/task02) by extension 'colcon_pkg'
[2.606s] Level 1:colcon.colcon_core.package_identification:_identify(src/task02) by extensions ['colcon_meta']
[2.607s] Level 1:colcon.colcon_core.package_identification:_identify(src/task02) by extension 'colcon_meta'
[2.609s] Level 1:colcon.colcon_core.package_identification:_identify(src/task02) by extensions ['ros']
[2.609s] Level 1:colcon.colcon_core.package_identification:_identify(src/task02) by extension 'ros'
[2.623s] DEBUG:colcon.colcon_core.package_identification:Package 'src/task02' with type 'ros.ament_python' and name 'task02'
[2.628s] Level 1:colcon.colcon_core.package_identification:_identify(src/task03) by extensions ['ignore', 'ignore_ament_install']
[2.628s] Level 1:colcon.colcon_core.package_identification:_identify(src/task03) by extension 'ignore'
[2.630s] Level 1:colcon.colcon_core.package_identification:_identify(src/task03) by extension 'ignore_ament_install'
[2.633s] Level 1:colcon.colcon_core.package_identification:_identify(src/task03) by extensions ['colcon_pkg']
[2.634s] Level 1:colcon.colcon_core.package_identification:_identify(src/task03) by extension 'colcon_pkg'
[2.635s] Level 1:colcon.colcon_core.package_identification:_identify(src/task03) by extensions ['colcon_meta']
[2.635s] Level 1:colcon.colcon_core.package_identification:_identify(src/task03) by extension 'colcon_meta'
[2.637s] Level 1:colcon.colcon_core.package_identification:_identify(src/task03) by extensions ['ros']
[2.638s] Level 1:colcon.colcon_core.package_identification:_identify(src/task03) by extension 'ros'
[2.644s] Level 1:colcon.colcon_core.package_identification:_identify(src/task03) by extensions ['cmake', 'python']
[2.644s] Level 1:colcon.colcon_core.package_identification:_identify(src/task03) by extension 'cmake'
[2.646s] Level 1:colcon.colcon_core.package_identification:_identify(src/task03) by extension 'python'
[2.647s] Level 1:colcon.colcon_core.package_identification:_identify(src/task03) by extensions ['python_setup_py']
[2.647s] Level 1:colcon.colcon_core.package_identification:_identify(src/task03) by extension 'python_setup_py'
[2.654s] Level 1:colcon.colcon_core.package_identification:_identify(src/task04) by extensions ['ignore', 'ignore_ament_install']
[2.654s] Level 1:colcon.colcon_core.package_identification:_identify(src/task04) by extension 'ignore'
[2.657s] Level 1:colcon.colcon_core.package_identification:_identify(src/task04) by extension 'ignore_ament_install'
[2.659s] Level 1:colcon.colcon_core.package_identification:_identify(src/task04) by extensions ['colcon_pkg']
[2.659s] Level 1:colcon.colcon_core.package_identification:_identify(src/task04) by extension 'colcon_pkg'
[2.660s] Level 1:colcon.colcon_core.package_identification:_identify(src/task04) by extensions ['colcon_meta']
[2.660s] Level 1:colcon.colcon_core.package_identification:_identify(src/task04) by extension 'colcon_meta'
[2.663s] Level 1:colcon.colcon_core.package_identification:_identify(src/task04) by extensions ['ros']
[2.663s] Level 1:colcon.colcon_core.package_identification:_identify(src/task04) by extension 'ros'
[2.677s] Level 1:colcon.colcon_core.package_identification:_identify(src/task04) by extensions ['cmake', 'python']
[2.678s] Level 1:colcon.colcon_core.package_identification:_identify(src/task04) by extension 'cmake'
[2.682s] Level 1:colcon.colcon_core.package_identification:_identify(src/task04) by extension 'python'
[2.686s] Level 1:colcon.colcon_core.package_identification:_identify(src/task04) by extensions ['python_setup_py']
[2.687s] Level 1:colcon.colcon_core.package_identification:_identify(src/task04) by extension 'python_setup_py'
[2.691s] Level 1:colcon.colcon_core.package_discovery:discover_packages(recursive) using defaults
[2.692s] Level 1:colcon.colcon_core.package_discovery:discover_packages(ignore) discover
[2.692s] Level 1:colcon.colcon_core.package_discovery:discover_packages(ignore) using defaults
[2.693s] Level 1:colcon.colcon_core.package_discovery:discover_packages(path) discover
[2.693s] Level 1:colcon.colcon_core.package_discovery:discover_packages(path) using defaults
[2.965s] Level 5:colcon.colcon_core.verb:set package 'task01' build argument 'cmake_args' from command line to 'None'
[2.965s] Level 5:colcon.colcon_core.verb:set package 'task01' build argument 'cmake_target' from command line to 'None'
[2.966s] Level 5:colcon.colcon_core.verb:set package 'task01' build argument 'cmake_target_skip_unavailable' from command line to 'False'
[2.967s] Level 5:colcon.colcon_core.verb:set package 'task01' build argument 'cmake_clean_cache' from command line to 'False'
[2.967s] Level 5:colcon.colcon_core.verb:set package 'task01' build argument 'cmake_clean_first' from command line to 'False'
[2.968s] Level 5:colcon.colcon_core.verb:set package 'task01' build argument 'cmake_force_configure' from command line to 'False'
[2.968s] Level 5:colcon.colcon_core.verb:set package 'task01' build argument 'ament_cmake_args' from command line to 'None'
[2.969s] Level 5:colcon.colcon_core.verb:set package 'task01' build argument 'catkin_cmake_args' from command line to 'None'
[2.969s] Level 5:colcon.colcon_core.verb:set package 'task01' build argument 'catkin_skip_building_tests' from command line to 'False'
[2.970s] DEBUG:colcon.colcon_core.verb:Building package 'task01' with the following arguments: {'ament_cmake_args': None, 'build_base': '/workspace/Practice02/build/task01', 'catkin_cmake_args': None, 'catkin_skip_building_tests': False, 'cmake_args': None, 'cmake_clean_cache': False, 'cmake_clean_first': False, 'cmake_force_configure': False, 'cmake_target': None, 'cmake_target_skip_unavailable': False, 'install_base': '/workspace/Practice02/install/task01', 'merge_install': False, 'path': '/workspace/Practice02/src/task01', 'symlink_install': False, 'test_result_base': None}
[2.971s] Level 5:colcon.colcon_core.verb:set package 'task02' build argument 'cmake_args' from command line to 'None'
[2.971s] Level 5:colcon.colcon_core.verb:set package 'task02' build argument 'cmake_target' from command line to 'None'
[2.972s] Level 5:colcon.colcon_core.verb:set package 'task02' build argument 'cmake_target_skip_unavailable' from command line to 'False'
[2.972s] Level 5:colcon.colcon_core.verb:set package 'task02' build argument 'cmake_clean_cache' from command line to 'False'
[2.973s] Level 5:colcon.colcon_core.verb:set package 'task02' build argument 'cmake_clean_first' from command line to 'False'
[2.973s] Level 5:colcon.colcon_core.verb:set package 'task02' build argument 'cmake_force_configure' from command line to 'False'
[2.974s] Level 5:colcon.colcon_core.verb:set package 'task02' build argument 'ament_cmake_args' from command line to 'None'
[2.974s] Level 5:colcon.colcon_core.verb:set package 'task02' build argument 'catkin_cmake_args' from command line to 'None'
[2.975s] Level 5:colcon.colcon_core.verb:set package 'task02' build argument 'catkin_skip_building_tests' from command line to 'False'
[2.975s] DEBUG:colcon.colcon_core.verb:Building package 'task02' with the following arguments: {'ament_cmake_args': None, 'build_base': '/workspace/Practice02/build/task02', 'catkin_cmake_args': None, 'catkin_skip_building_tests': False, 'cmake_args': None, 'cmake_clean_cache': False, 'cmake_clean_first': False, 'cmake_force_configure': False, 'cmake_target': None, 'cmake_target_skip_unavailable': False, 'install_base': '/workspace/Practice02/install/task02', 'merge_install': False, 'path': '/workspace/Practice02/src/task02', 'symlink_install': False, 'test_result_base': None}
[2.976s] INFO:colcon.colcon_core.executor:Executing jobs using 'parallel' executor
[2.978s] DEBUG:colcon.colcon_parallel_executor.executor.parallel:run_until_complete
[2.979s] INFO:colcon.colcon_ros.task.ament_python.build:Building ROS package in '/workspace/Practice02/src/task01' with build type 'ament_python'
[2.980s] Level 1:colcon.colcon_core.shell:create_environment_hook('task01', 'ament_prefix_path')
[3.019s] INFO:colcon.colcon_core.plugin_system:Skipping extension 'colcon_core.shell.bat': Not used on non-Windows systems
[3.020s] INFO:colcon.colcon_core.shell:Creating environment hook '/workspace/Practice02/install/task01/share/task01/hook/ament_prefix_path.ps1'
[3.092s] INFO:colcon.colcon_core.shell:Creating environment descriptor '/workspace/Practice02/install/task01/share/task01/hook/ament_prefix_path.dsv'
[3.166s] INFO:colcon.colcon_core.shell:Creating environment hook '/workspace/Practice02/install/task01/share/task01/hook/ament_prefix_path.sh'
[3.232s] INFO:colcon.colcon_core.shell:Skip shell extension 'powershell' for command environment: Not usable outside of PowerShell
[3.233s] DEBUG:colcon.colcon_core.shell:Skip shell extension 'dsv' for command environment
[3.490s] INFO:colcon.colcon_ros.task.ament_python.build:Building ROS package in '/workspace/Practice02/src/task02' with build type 'ament_python'
[3.491s] Level 1:colcon.colcon_core.shell:create_environment_hook('task02', 'ament_prefix_path')
[3.492s] INFO:colcon.colcon_core.shell:Creating environment hook '/workspace/Practice02/install/task02/share/task02/hook/ament_prefix_path.ps1'
[3.567s] INFO:colcon.colcon_core.shell:Creating environment descriptor '/workspace/Practice02/install/task02/share/task02/hook/ament_prefix_path.dsv'
[3.636s] INFO:colcon.colcon_core.shell:Creating environment hook '/workspace/Practice02/install/task02/share/task02/hook/ament_prefix_path.sh'
[3.697s] INFO:colcon.colcon_core.shell:Skip shell extension 'powershell' for command environment: Not usable outside of PowerShell
[3.698s] DEBUG:colcon.colcon_core.shell:Skip shell extension 'dsv' for command environment
[5.815s] INFO:colcon.colcon_core.task.python.build:Building Python package in '/workspace/Practice02/src/task01'
[5.816s] INFO:colcon.colcon_core.shell:Skip shell extension 'powershell' for command environment: Not usable outside of PowerShell
[5.817s] DEBUG:colcon.colcon_core.shell:Skip shell extension 'dsv' for command environment
[8.086s] INFO:colcon.colcon_core.task.python.build:Building Python package in '/workspace/Practice02/src/task02'
[8.088s] INFO:colcon.colcon_core.shell:Skip shell extension 'powershell' for command environment: Not usable outside of PowerShell
[8.089s] DEBUG:colcon.colcon_core.shell:Skip shell extension 'dsv' for command environment
[10.724s] DEBUG:colcon.colcon_core.event_handler.log_command:Invoking command in '/workspace/Practice02/src/task01': PYTHONPATH=/workspace/Practice02/build/task01/prefix_override:/usr/lib/python3/dist-packages/colcon_core/task/python/colcon_distutils_commands:/workspace/Practice02/install/task01/lib/python3.10/site-packages:${PYTHONPATH} /usr/bin/python3 -W ignore:setup.py install is deprecated setup.py egg_info --egg-base ../../build/task01 build --build-base /workspace/Practice02/build/task01/build install --record /workspace/Practice02/build/task01/install.log --single-version-externally-managed install_data
[11.201s] DEBUG:colcon.colcon_core.event_handler.log_command:Invoking command in '/workspace/Practice02/src/task02': PYTHONPATH=/workspace/Practice02/build/task02/prefix_override:/usr/lib/python3/dist-packages/colcon_core/task/python/colcon_distutils_commands:/workspace/Practice02/install/task02/lib/python3.10/site-packages:${PYTHONPATH} /usr/bin/python3 -W ignore:setup.py install is deprecated setup.py egg_info --egg-base ../../build/task02 build --build-base /workspace/Practice02/build/task02/build install --record /workspace/Practice02/build/task02/install.log --single-version-externally-managed install_data
[13.757s] DEBUG:colcon.colcon_core.event_handler.log_command:Invoked command in '/workspace/Practice02/src/task01' returned '0': PYTHONPATH=/workspace/Practice02/build/task01/prefix_override:/usr/lib/python3/dist-packages/colcon_core/task/python/colcon_distutils_commands:/workspace/Practice02/install/task01/lib/python3.10/site-packages:${PYTHONPATH} /usr/bin/python3 -W ignore:setup.py install is deprecated setup.py egg_info --egg-base ../../build/task01 build --build-base /workspace/Practice02/build/task01/build install --record /workspace/Practice02/build/task01/install.log --single-version-externally-managed install_data
[13.776s] Level 1:colcon.colcon_core.environment:checking '/workspace/Practice02/install/task01' for CMake module files
[13.872s] Level 1:colcon.colcon_core.environment:checking '/workspace/Practice02/install/task01' for CMake config files
[14.001s] Level 1:colcon.colcon_core.environment:checking '/workspace/Practice02/install/task01/lib'
[14.006s] Level 1:colcon.colcon_core.environment:checking '/workspace/Practice02/install/task01/bin'
[14.008s] Level 1:colcon.colcon_core.environment:checking '/workspace/Practice02/install/task01/lib/pkgconfig/task01.pc'
[14.010s] Level 1:colcon.colcon_core.environment:checking '/workspace/Practice02/install/task01/lib/python3.10/site-packages'
[14.013s] Level 1:colcon.colcon_core.shell:create_environment_hook('task01', 'pythonpath')
[14.014s] INFO:colcon.colcon_core.shell:Creating environment hook '/workspace/Practice02/install/task01/share/task01/hook/pythonpath.ps1'
[14.031s] INFO:colcon.colcon_core.shell:Creating environment descriptor '/workspace/Practice02/install/task01/share/task01/hook/pythonpath.dsv'
[14.049s] INFO:colcon.colcon_core.shell:Creating environment hook '/workspace/Practice02/install/task01/share/task01/hook/pythonpath.sh'
[14.067s] Level 1:colcon.colcon_core.environment:checking '/workspace/Practice02/install/task01/bin'
[14.068s] Level 1:colcon.colcon_core.environment:create_environment_scripts_only(task01)
[14.069s] INFO:colcon.colcon_core.shell:Creating package script '/workspace/Practice02/install/task01/share/task01/package.ps1'
[14.094s] INFO:colcon.colcon_core.shell:Creating package descriptor '/workspace/Practice02/install/task01/share/task01/package.dsv'
[14.109s] INFO:colcon.colcon_core.shell:Creating package script '/workspace/Practice02/install/task01/share/task01/package.sh'
[14.125s] INFO:colcon.colcon_core.shell:Creating package script '/workspace/Practice02/install/task01/share/task01/package.bash'
[14.142s] INFO:colcon.colcon_core.shell:Creating package script '/workspace/Practice02/install/task01/share/task01/package.zsh'
[14.158s] Level 1:colcon.colcon_core.environment:create_file_with_runtime_dependencies(/workspace/Practice02/install/task01/share/colcon-core/packages/task01)
[15.313s] Level 1:colcon.colcon_core.environment:checking '/workspace/Practice02/install/task02' for CMake module files
[15.327s] DEBUG:colcon.colcon_core.event_handler.log_command:Invoked command in '/workspace/Practice02/src/task02' returned '0': PYTHONPATH=/workspace/Practice02/build/task02/prefix_override:/usr/lib/python3/dist-packages/colcon_core/task/python/colcon_distutils_commands:/workspace/Practice02/install/task02/lib/python3.10/site-packages:${PYTHONPATH} /usr/bin/python3 -W ignore:setup.py install is deprecated setup.py egg_info --egg-base ../../build/task02 build --build-base /workspace/Practice02/build/task02/build install --record /workspace/Practice02/build/task02/install.log --single-version-externally-managed install_data
[15.533s] Level 1:colcon.colcon_core.environment:checking '/workspace/Practice02/install/task02' for CMake config files
[15.943s] Level 1:colcon.colcon_core.environment:checking '/workspace/Practice02/install/task02/lib'
[15.960s] Level 1:colcon.colcon_core.environment:checking '/workspace/Practice02/install/task02/bin'
[15.963s] Level 1:colcon.colcon_core.environment:checking '/workspace/Practice02/install/task02/lib/pkgconfig/task02.pc'
[15.967s] Level 1:colcon.colcon_core.environment:checking '/workspace/Practice02/install/task02/lib/python3.10/site-packages'
[15.975s] Level 1:colcon.colcon_core.shell:create_environment_hook('task02', 'pythonpath')
[15.976s] INFO:colcon.colcon_core.shell:Creating environment hook '/workspace/Practice02/install/task02/share/task02/hook/pythonpath.ps1'
[16.040s] INFO:colcon.colcon_core.shell:Creating environment descriptor '/workspace/Practice02/install/task02/share/task02/hook/pythonpath.dsv'
[16.095s] INFO:colcon.colcon_core.shell:Creating environment hook '/workspace/Practice02/install/task02/share/task02/hook/pythonpath.sh'
[16.156s] Level 1:colcon.colcon_core.environment:checking '/workspace/Practice02/install/task02/bin'
[16.161s] Level 1:colcon.colcon_core.environment:create_environment_scripts_only(task02)
[16.163s] INFO:colcon.colcon_core.shell:Creating package script '/workspace/Practice02/install/task02/share/task02/package.ps1'
[16.223s] INFO:colcon.colcon_core.shell:Creating package descriptor '/workspace/Practice02/install/task02/share/task02/package.dsv'
[16.275s] INFO:colcon.colcon_core.shell:Creating package script '/workspace/Practice02/install/task02/share/task02/package.sh'
[16.334s] INFO:colcon.colcon_core.shell:Creating package script '/workspace/Practice02/install/task02/share/task02/package.bash'
[16.389s] INFO:colcon.colcon_core.shell:Creating package script '/workspace/Practice02/install/task02/share/task02/package.zsh'
[16.446s] Level 1:colcon.colcon_core.environment:create_file_with_runtime_dependencies(/workspace/Practice02/install/task02/share/colcon-core/packages/task02)
[16.486s] DEBUG:colcon.colcon_parallel_executor.executor.parallel:closing loop
[16.488s] DEBUG:colcon.colcon_parallel_executor.executor.parallel:loop closed
[16.488s] DEBUG:colcon.colcon_parallel_executor.executor.parallel:run_until_complete finished with '0'
[16.489s] DEBUG:colcon.colcon_core.event_reactor:joining thread
[16.591s] INFO:colcon.colcon_core.plugin_system:Skipping extension 'colcon_notification.desktop_notification.notify_send': Could not find 'notify-send'
[16.593s] INFO:colcon.colcon_core.plugin_system:Skipping extension 'colcon_notification.desktop_notification.terminal_notifier': Not used on non-Darwin systems
[16.594s] INFO:colcon.colcon_core.plugin_system:Skipping extension 'colcon_notification.desktop_notification.win32': Not used on non-Windows systems
[16.595s] INFO:colcon.colcon_notification.desktop_notification:Sending desktop notification using 'notify2'
[16.596s] DEBUG:colcon.colcon_notification.desktop_notification.notify2:Failed to initialize notify2: org.freedesktop.DBus.Error.NotSupported: Unable to autolaunch a dbus-daemon without a $DISPLAY for X11
[16.598s] DEBUG:colcon.colcon_core.event_reactor:joined thread
[16.599s] INFO:colcon.colcon_core.shell:Creating prefix script '/workspace/Practice02/install/local_setup.ps1'
[16.624s] INFO:colcon.colcon_core.shell:Creating prefix util module '/workspace/Practice02/install/_local_setup_util_ps1.py'
[16.649s] INFO:colcon.colcon_core.shell:Creating prefix chain script '/workspace/Practice02/install/setup.ps1'
[16.712s] INFO:colcon.colcon_core.shell:Creating prefix script '/workspace/Practice02/install/local_setup.sh'
[16.737s] INFO:colcon.colcon_core.shell:Creating prefix util module '/workspace/Practice02/install/_local_setup_util_sh.py'
[16.761s] INFO:colcon.colcon_core.shell:Creating prefix chain script '/workspace/Practice02/install/setup.sh'
[16.821s] INFO:colcon.colcon_core.shell:Creating prefix script '/workspace/Practice02/install/local_setup.bash'
[16.842s] INFO:colcon.colcon_core.shell:Creating prefix chain script '/workspace/Practice02/install/setup.bash'
[16.893s] INFO:colcon.colcon_core.shell:Creating prefix script '/workspace/Practice02/install/local_setup.zsh'
[16.918s] INFO:colcon.colcon_core.shell:Creating prefix chain script '/workspace/Practice02/install/setup.zsh'
