[4.856s] Invoking command in '/workspace/Practice02/src/task02': PYTHONPATH=/workspace/Practice02/build/task02/prefix_override:/usr/lib/python3/dist-packages/colcon_core/task/python/colcon_distutils_commands:/workspace/Practice02/install/task02/lib/python3.10/site-packages: /usr/bin/python3 -W ignore:setup.py install is deprecated setup.py egg_info --egg-base ../../build/task02 build --build-base /workspace/Practice02/build/task02/build install --record /workspace/Practice02/build/task02/install.log --single-version-externally-managed install_data
[7.044s] running egg_info
[7.057s] creating ../../build/task02/task02.egg-info
[7.075s] writing ../../build/task02/task02.egg-info/PKG-INFO
[7.122s] writing dependency_links to ../../build/task02/task02.egg-info/dependency_links.txt
[7.150s] writing entry points to ../../build/task02/task02.egg-info/entry_points.txt
[7.168s] writing requirements to ../../build/task02/task02.egg-info/requires.txt
[7.193s] writing top-level names to ../../build/task02/task02.egg-info/top_level.txt
[7.215s] writing manifest file '../../build/task02/task02.egg-info/SOURCES.txt'
[7.396s] reading manifest file '../../build/task02/task02.egg-info/SOURCES.txt'
[7.582s] writing manifest file '../../build/task02/task02.egg-info/SOURCES.txt'
[7.592s] running build
[7.595s] running build_py
[7.605s] creating /workspace/Practice02/build/task02/build
[7.611s] creating /workspace/Practice02/build/task02/build/lib
[7.616s] creating /workspace/Practice02/build/task02/build/lib/task02
[7.641s] copying task02/task02_node.py -> /workspace/Practice02/build/task02/build/lib/task02
[7.710s] copying task02/__init__.py -> /workspace/Practice02/build/task02/build/lib/task02
[7.753s] running install
[7.756s] running install_lib
[7.816s] creating /workspace/Practice02/install/task02/lib/python3.10/site-packages/task02
[7.866s] copying /workspace/Practice02/build/task02/build/lib/task02/task02_node.py -> /workspace/Practice02/install/task02/lib/python3.10/site-packages/task02
[7.958s] copying /workspace/Practice02/build/task02/build/lib/task02/__init__.py -> /workspace/Practice02/install/task02/lib/python3.10/site-packages/task02
[8.082s] byte-compiling /workspace/Practice02/install/task02/lib/python3.10/site-packages/task02/task02_node.py to task02_node.cpython-310.pyc
[8.190s] byte-compiling /workspace/Practice02/install/task02/lib/python3.10/site-packages/task02/__init__.py to __init__.cpython-310.pyc
[8.318s] running install_data
[8.358s] creating /workspace/Practice02/install/task02/share/ament_index
[8.365s] creating /workspace/Practice02/install/task02/share/ament_index/resource_index
[8.374s] creating /workspace/Practice02/install/task02/share/ament_index/resource_index/packages
[8.410s] copying resource/task02 -> /workspace/Practice02/install/task02/share/ament_index/resource_index/packages
[8.466s] copying package.xml -> /workspace/Practice02/install/task02/share/task02
[8.531s] creating /workspace/Practice02/install/task02/share/task02/launch
[8.570s] copying launch/task02.launch -> /workspace/Practice02/install/task02/share/task02/launch
[8.659s] creating /workspace/Practice02/install/task02/share/task02/config
[8.723s] copying config/task02.yaml -> /workspace/Practice02/install/task02/share/task02/config
[8.791s] running install_egg_info
[8.868s] Copying ../../build/task02/task02.egg-info to /workspace/Practice02/install/task02/lib/python3.10/site-packages/task02-0.0.0-py3.10.egg-info
[9.780s] running install_scripts
[10.018s] Installing sender script to /workspace/Practice02/install/task02/lib/task02
[10.068s] writing list of installed files to '/workspace/Practice02/build/task02/install.log'
[12.225s] Invoked command in '/workspace/Practice02/src/task02' returned '0': PYTHONPATH=/workspace/Practice02/build/task02/prefix_override:/usr/lib/python3/dist-packages/colcon_core/task/python/colcon_distutils_commands:/workspace/Practice02/install/task02/lib/python3.10/site-packages: /usr/bin/python3 -W ignore:setup.py install is deprecated setup.py egg_info --egg-base ../../build/task02 build --build-base /workspace/Practice02/build/task02/build install --record /workspace/Practice02/build/task02/install.log --single-version-externally-managed install_data
