[6.336s] Invoking command in '/workspace/Practice02/src/task02': PYTHONPATH=/workspace/Practice02/build/task02/prefix_override:/usr/lib/python3/dist-packages/colcon_core/task/python/colcon_distutils_commands:/workspace/Practice02/install/task02/lib/python3.10/site-packages:${PYTHONPATH} /usr/bin/python3 -W ignore:setup.py install is deprecated setup.py egg_info --egg-base ../../build/task02 build --build-base /workspace/Practice02/build/task02/build install --record /workspace/Practice02/build/task02/install.log --single-version-externally-managed install_data
[7.415s] running egg_info
[7.423s] writing ../../build/task02/task02.egg-info/PKG-INFO
[7.434s] writing dependency_links to ../../build/task02/task02.egg-info/dependency_links.txt
[7.443s] writing entry points to ../../build/task02/task02.egg-info/entry_points.txt
[7.450s] writing requirements to ../../build/task02/task02.egg-info/requires.txt
[7.456s] writing top-level names to ../../build/task02/task02.egg-info/top_level.txt
[7.511s] reading manifest file '../../build/task02/task02.egg-info/SOURCES.txt'
[7.608s] writing manifest file '../../build/task02/task02.egg-info/SOURCES.txt'
[7.609s] running build
[7.610s] running build_py
[7.638s] running install
[7.639s] running install_lib
[7.765s] running install_data
[7.817s] copying launch/task02.launch -> /workspace/Practice02/install/task02/share/task02/launch
[7.846s] running install_egg_info
[7.872s] removing '/workspace/Practice02/install/task02/lib/python3.10/site-packages/task02-0.0.0-py3.10.egg-info' (and everything under it)
[8.013s] Copying ../../build/task02/task02.egg-info to /workspace/Practice02/install/task02/lib/python3.10/site-packages/task02-0.0.0-py3.10.egg-info
[8.883s] running install_scripts
[9.225s] Installing sender script to /workspace/Practice02/install/task02/lib/task02
[9.280s] writing list of installed files to '/workspace/Practice02/build/task02/install.log'
[9.337s] Invoked command in '/workspace/Practice02/src/task02' returned '0': PYTHONPATH=/workspace/Practice02/build/task02/prefix_override:/usr/lib/python3/dist-packages/colcon_core/task/python/colcon_distutils_commands:/workspace/Practice02/install/task02/lib/python3.10/site-packages:${PYTHONPATH} /usr/bin/python3 -W ignore:setup.py install is deprecated setup.py egg_info --egg-base ../../build/task02 build --build-base /workspace/Practice02/build/task02/build install --record /workspace/Practice02/build/task02/install.log --single-version-externally-managed install_data
