[6.338s] Invoking command in '/workspace/Practice02/src/task01': PYTHONPATH=/workspace/Practice02/build/task01/prefix_override:/usr/lib/python3/dist-packages/colcon_core/task/python/colcon_distutils_commands:/workspace/Practice02/install/task01/lib/python3.10/site-packages:${PYTHONPATH} /usr/bin/python3 -W ignore:setup.py install is deprecated setup.py egg_info --egg-base ../../build/task01 build --build-base /workspace/Practice02/build/task01/build install --record /workspace/Practice02/build/task01/install.log --single-version-externally-managed install_data
[7.232s] running egg_info
[7.237s] writing ../../build/task01/task01.egg-info/PKG-INFO
[7.248s] writing dependency_links to ../../build/task01/task01.egg-info/dependency_links.txt
[7.253s] writing entry points to ../../build/task01/task01.egg-info/entry_points.txt
[7.259s] writing requirements to ../../build/task01/task01.egg-info/requires.txt
[7.264s] writing top-level names to ../../build/task01/task01.egg-info/top_level.txt
[7.309s] reading manifest file '../../build/task01/task01.egg-info/SOURCES.txt'
[7.415s] writing manifest file '../../build/task01/task01.egg-info/SOURCES.txt'
[7.417s] running build
[7.418s] running build_py
[7.445s] running install
[7.446s] running install_lib
[7.548s] running install_data
[7.596s] running install_egg_info
[7.602s] removing '/workspace/Practice02/install/task01/lib/python3.10/site-packages/task01-0.0.0-py3.10.egg-info' (and everything under it)
[7.667s] Copying ../../build/task01/task01.egg-info to /workspace/Practice02/install/task01/lib/python3.10/site-packages/task01-0.0.0-py3.10.egg-info
[7.985s] running install_scripts
[8.076s] Installing receiver script to /workspace/Practice02/install/task01/lib/task01
[8.092s] writing list of installed files to '/workspace/Practice02/build/task01/install.log'
[8.126s] Invoked command in '/workspace/Practice02/src/task01' returned '0': PYTHONPATH=/workspace/Practice02/build/task01/prefix_override:/usr/lib/python3/dist-packages/colcon_core/task/python/colcon_distutils_commands:/workspace/Practice02/install/task01/lib/python3.10/site-packages:${PYTHONPATH} /usr/bin/python3 -W ignore:setup.py install is deprecated setup.py egg_info --egg-base ../../build/task01 build --build-base /workspace/Practice02/build/task01/build install --record /workspace/Practice02/build/task01/install.log --single-version-externally-managed install_data
