[4.834s] Invoking command in '/workspace/Practice02/src/task03': PYTHONPATH=/workspace/Practice02/build/task03/prefix_override:/usr/lib/python3/dist-packages/colcon_core/task/python/colcon_distutils_commands:/workspace/Practice02/install/task03/lib/python3.10/site-packages: /usr/bin/python3 -W ignore:setup.py install is deprecated setup.py egg_info --egg-base ../../build/task03 build --build-base /workspace/Practice02/build/task03/build install --record /workspace/Practice02/build/task03/install.log --single-version-externally-managed install_data
[7.063s] running egg_info
[7.074s] creating ../../build/task03/task03.egg-info
[7.087s] writing ../../build/task03/task03.egg-info/PKG-INFO
[7.131s] writing dependency_links to ../../build/task03/task03.egg-info/dependency_links.txt
[7.159s] writing entry points to ../../build/task03/task03.egg-info/entry_points.txt
[7.188s] writing requirements to ../../build/task03/task03.egg-info/requires.txt
[7.205s] writing top-level names to ../../build/task03/task03.egg-info/top_level.txt
[7.243s] writing manifest file '../../build/task03/task03.egg-info/SOURCES.txt'
[7.371s] reading manifest file '../../build/task03/task03.egg-info/SOURCES.txt'
[7.568s] writing manifest file '../../build/task03/task03.egg-info/SOURCES.txt'
[7.577s] running build
[7.580s] running build_py
[7.593s] creating /workspace/Practice02/build/task03/build
[7.598s] creating /workspace/Practice02/build/task03/build/lib
[7.603s] creating /workspace/Practice02/build/task03/build/lib/task03
[7.630s] copying task03/my_service_node.py -> /workspace/Practice02/build/task03/build/lib/task03
[7.702s] copying task03/__init__.py -> /workspace/Practice02/build/task03/build/lib/task03
[7.749s] running install
[7.753s] running install_lib
[7.812s] creating /workspace/Practice02/install/task03/lib/python3.10/site-packages/task03
[7.861s] copying /workspace/Practice02/build/task03/build/lib/task03/my_service_node.py -> /workspace/Practice02/install/task03/lib/python3.10/site-packages/task03
[7.989s] copying /workspace/Practice02/build/task03/build/lib/task03/__init__.py -> /workspace/Practice02/install/task03/lib/python3.10/site-packages/task03
[8.097s] byte-compiling /workspace/Practice02/install/task03/lib/python3.10/site-packages/task03/my_service_node.py to my_service_node.cpython-310.pyc
[8.269s] byte-compiling /workspace/Practice02/install/task03/lib/python3.10/site-packages/task03/__init__.py to __init__.cpython-310.pyc
[8.364s] running install_data
[8.380s] creating /workspace/Practice02/install/task03/share/ament_index
[8.389s] creating /workspace/Practice02/install/task03/share/ament_index/resource_index
[8.405s] creating /workspace/Practice02/install/task03/share/ament_index/resource_index/packages
[8.447s] copying resource/task03 -> /workspace/Practice02/install/task03/share/ament_index/resource_index/packages
[8.536s] copying package.xml -> /workspace/Practice02/install/task03/share/task03
[8.628s] creating /workspace/Practice02/install/task03/share/task03/launch
[8.670s] copying launch/task03.launch -> /workspace/Practice02/install/task03/share/task03/launch
[8.779s] creating /workspace/Practice02/install/task03/share/task03/config
[8.810s] copying config/task03.yaml -> /workspace/Practice02/install/task03/share/task03/config
[8.894s] running install_egg_info
[8.973s] Copying ../../build/task03/task03.egg-info to /workspace/Practice02/install/task03/lib/python3.10/site-packages/task03-0.0.0-py3.10.egg-info
[9.836s] running install_scripts
[10.117s] Installing service script to /workspace/Practice02/install/task03/lib/task03
[10.191s] writing list of installed files to '/workspace/Practice02/build/task03/install.log'
[11.106s] Invoked command in '/workspace/Practice02/src/task03' returned '0': PYTHONPATH=/workspace/Practice02/build/task03/prefix_override:/usr/lib/python3/dist-packages/colcon_core/task/python/colcon_distutils_commands:/workspace/Practice02/install/task03/lib/python3.10/site-packages: /usr/bin/python3 -W ignore:setup.py install is deprecated setup.py egg_info --egg-base ../../build/task03 build --build-base /workspace/Practice02/build/task03/build install --record /workspace/Practice02/build/task03/install.log --single-version-externally-managed install_data
