[0.947s] DEBUG:colcon:Command line arguments: ['/usr/bin/colcon', 'build']
[0.948s] DEBUG:colcon:Parsed command line arguments: Namespace(log_base=None, log_level=None, verb_name='build', build_base='build', install_base='install', merge_install=False, symlink_install=False, test_result_base=None, continue_on_error=False, executor='parallel', parallel_workers=20, event_handlers=None, ignore_user_meta=False, metas=['./colcon.meta'], base_paths=['.'], packages_ignore=None, packages_ignore_regex=None, paths=None, packages_up_to=None, packages_up_to_regex=None, packages_above=None, packages_above_and_dependencies=None, packages_above_depth=None, packages_select_by_dep=None, packages_skip_by_dep=None, packages_skip_up_to=None, packages_select_build_failed=False, packages_skip_build_finished=False, packages_select_test_failures=False, packages_skip_test_passed=False, packages_select=None, packages_skip=None, packages_select_regex=None, packages_skip_regex=None, packages_start=None, packages_end=None, cmake_args=None, cmake_target=None, cmake_target_skip_unavailable=False, cmake_clean_cache=False, cmake_clean_first=False, cmake_force_configure=False, ament_cmake_args=None, catkin_cmake_args=None, catkin_skip_building_tests=False, mixin_files=None, mixin=None, verb_parser=<colcon_mixin.mixin.mixin_argument.MixinArgumentDecorator object at 0x7fee5e53e530>, verb_extension=<colcon_core.verb.build.BuildVerb object at 0x7fee5e53de10>, main=<bound method BuildVerb.main of <colcon_core.verb.build.BuildVerb object at 0x7fee5e53de10>>, mixin_verb=('build',))
[1.556s] Level 1:colcon.colcon_core.package_discovery:discover_packages(colcon_meta) check parameters
[1.558s] INFO:colcon.colcon_metadata.package_discovery.colcon_meta:Using configuration from '/root/.colcon/metadata/default/Gazebo.meta'
[1.560s] INFO:colcon.colcon_metadata.package_discovery.colcon_meta:Using configuration from '/root/.colcon/metadata/default/fastrtps.meta'
[1.561s] Level 1:colcon.colcon_core.package_discovery:discover_packages(recursive) check parameters
[1.562s] Level 1:colcon.colcon_core.package_discovery:discover_packages(ignore) check parameters
[1.563s] Level 1:colcon.colcon_core.package_discovery:discover_packages(path) check parameters
[1.564s] Level 1:colcon.colcon_core.package_discovery:discover_packages(colcon_meta) discover
[1.565s] Level 1:colcon.colcon_core.package_discovery:discover_packages(recursive) discover
[1.566s] INFO:colcon.colcon_core.package_discovery:Crawling recursively for packages in '/workspace/Practice02'
[1.572s] Level 1:colcon.colcon_core.package_identification:_identify(.) by extensions ['ignore', 'ignore_ament_install']
[1.573s] Level 1:colcon.colcon_core.package_identification:_identify(.) by extension 'ignore'
[1.575s] Level 1:colcon.colcon_core.package_identification:_identify(.) by extension 'ignore_ament_install'
[1.578s] Level 1:colcon.colcon_core.package_identification:_identify(.) by extensions ['colcon_pkg']
[1.579s] Level 1:colcon.colcon_core.package_identification:_identify(.) by extension 'colcon_pkg'
[1.581s] Level 1:colcon.colcon_core.package_identification:_identify(.) by extensions ['colcon_meta']
[1.581s] Level 1:colcon.colcon_core.package_identification:_identify(.) by extension 'colcon_meta'
[1.582s] Level 1:colcon.colcon_core.package_identification:_identify(.) by extensions ['ros']
[1.583s] Level 1:colcon.colcon_core.package_identification:_identify(.) by extension 'ros'
[1.621s] Level 1:colcon.colcon_core.package_identification:_identify(.) by extensions ['cmake', 'python']
[1.622s] Level 1:colcon.colcon_core.package_identification:_identify(.) by extension 'cmake'
[1.623s] Level 1:colcon.colcon_core.package_identification:_identify(.) by extension 'python'
[1.625s] Level 1:colcon.colcon_core.package_identification:_identify(.) by extensions ['python_setup_py']
[1.626s] Level 1:colcon.colcon_core.package_identification:_identify(.) by extension 'python_setup_py'
[1.637s] Level 1:colcon.colcon_core.package_identification:_identify(build) by extensions ['ignore', 'ignore_ament_install']
[1.638s] Level 1:colcon.colcon_core.package_identification:_identify(build) by extension 'ignore'
[1.644s] Level 1:colcon.colcon_core.package_identification:_identify(build) ignored
[1.656s] Level 1:colcon.colcon_core.package_identification:_identify(install) by extensions ['ignore', 'ignore_ament_install']
[1.657s] Level 1:colcon.colcon_core.package_identification:_identify(install) by extension 'ignore'
[1.663s] Level 1:colcon.colcon_core.package_identification:_identify(install) ignored
[1.679s] Level 1:colcon.colcon_core.package_identification:_identify(log) by extensions ['ignore', 'ignore_ament_install']
[1.680s] Level 1:colcon.colcon_core.package_identification:_identify(log) by extension 'ignore'
[1.683s] Level 1:colcon.colcon_core.package_identification:_identify(log) ignored
[1.693s] Level 1:colcon.colcon_core.package_identification:_identify(src) by extensions ['ignore', 'ignore_ament_install']
[1.694s] Level 1:colcon.colcon_core.package_identification:_identify(src) by extension 'ignore'
[1.697s] Level 1:colcon.colcon_core.package_identification:_identify(src) by extension 'ignore_ament_install'
[1.702s] Level 1:colcon.colcon_core.package_identification:_identify(src) by extensions ['colcon_pkg']
[1.703s] Level 1:colcon.colcon_core.package_identification:_identify(src) by extension 'colcon_pkg'
[1.706s] Level 1:colcon.colcon_core.package_identification:_identify(src) by extensions ['colcon_meta']
[1.706s] Level 1:colcon.colcon_core.package_identification:_identify(src) by extension 'colcon_meta'
[1.709s] Level 1:colcon.colcon_core.package_identification:_identify(src) by extensions ['ros']
[1.710s] Level 1:colcon.colcon_core.package_identification:_identify(src) by extension 'ros'
[1.721s] Level 1:colcon.colcon_core.package_identification:_identify(src) by extensions ['cmake', 'python']
[1.722s] Level 1:colcon.colcon_core.package_identification:_identify(src) by extension 'cmake'
[1.725s] Level 1:colcon.colcon_core.package_identification:_identify(src) by extension 'python'
[1.728s] Level 1:colcon.colcon_core.package_identification:_identify(src) by extensions ['python_setup_py']
[1.729s] Level 1:colcon.colcon_core.package_identification:_identify(src) by extension 'python_setup_py'
[1.749s] Level 1:colcon.colcon_core.package_identification:_identify(src/task01) by extensions ['ignore', 'ignore_ament_install']
[1.750s] Level 1:colcon.colcon_core.package_identification:_identify(src/task01) by extension 'ignore'
[1.755s] Level 1:colcon.colcon_core.package_identification:_identify(src/task01) by extension 'ignore_ament_install'
[1.766s] Level 1:colcon.colcon_core.package_identification:_identify(src/task01) by extensions ['colcon_pkg']
[1.767s] Level 1:colcon.colcon_core.package_identification:_identify(src/task01) by extension 'colcon_pkg'
[1.773s] Level 1:colcon.colcon_core.package_identification:_identify(src/task01) by extensions ['colcon_meta']
[1.774s] Level 1:colcon.colcon_core.package_identification:_identify(src/task01) by extension 'colcon_meta'
[1.782s] Level 1:colcon.colcon_core.package_identification:_identify(src/task01) by extensions ['ros']
[1.783s] Level 1:colcon.colcon_core.package_identification:_identify(src/task01) by extension 'ros'
[1.843s] DEBUG:colcon.colcon_core.package_identification:Package 'src/task01' with type 'ros.ament_python' and name 'task01'
[1.864s] Level 1:colcon.colcon_core.package_identification:_identify(src/task02) by extensions ['ignore', 'ignore_ament_install']
[1.864s] Level 1:colcon.colcon_core.package_identification:_identify(src/task02) by extension 'ignore'
[1.869s] Level 1:colcon.colcon_core.package_identification:_identify(src/task02) by extension 'ignore_ament_install'
[1.879s] Level 1:colcon.colcon_core.package_identification:_identify(src/task02) by extensions ['colcon_pkg']
[1.879s] Level 1:colcon.colcon_core.package_identification:_identify(src/task02) by extension 'colcon_pkg'
[1.884s] Level 1:colcon.colcon_core.package_identification:_identify(src/task02) by extensions ['colcon_meta']
[1.885s] Level 1:colcon.colcon_core.package_identification:_identify(src/task02) by extension 'colcon_meta'
[1.893s] Level 1:colcon.colcon_core.package_identification:_identify(src/task02) by extensions ['ros']
[1.893s] Level 1:colcon.colcon_core.package_identification:_identify(src/task02) by extension 'ros'
[1.943s] DEBUG:colcon.colcon_core.package_identification:Package 'src/task02' with type 'ros.ament_python' and name 'task02'
[1.959s] Level 1:colcon.colcon_core.package_identification:_identify(src/task03) by extensions ['ignore', 'ignore_ament_install']
[1.960s] Level 1:colcon.colcon_core.package_identification:_identify(src/task03) by extension 'ignore'
[1.965s] Level 1:colcon.colcon_core.package_identification:_identify(src/task03) by extension 'ignore_ament_install'
[1.975s] Level 1:colcon.colcon_core.package_identification:_identify(src/task03) by extensions ['colcon_pkg']
[1.976s] Level 1:colcon.colcon_core.package_identification:_identify(src/task03) by extension 'colcon_pkg'
[1.981s] Level 1:colcon.colcon_core.package_identification:_identify(src/task03) by extensions ['colcon_meta']
[1.982s] Level 1:colcon.colcon_core.package_identification:_identify(src/task03) by extension 'colcon_meta'
[1.990s] Level 1:colcon.colcon_core.package_identification:_identify(src/task03) by extensions ['ros']
[1.990s] Level 1:colcon.colcon_core.package_identification:_identify(src/task03) by extension 'ros'
[2.016s] Level 1:colcon.colcon_core.package_identification:_identify(src/task03) by extensions ['cmake', 'python']
[2.017s] Level 1:colcon.colcon_core.package_identification:_identify(src/task03) by extension 'cmake'
[2.023s] Level 1:colcon.colcon_core.package_identification:_identify(src/task03) by extension 'python'
[2.029s] Level 1:colcon.colcon_core.package_identification:_identify(src/task03) by extensions ['python_setup_py']
[2.030s] Level 1:colcon.colcon_core.package_identification:_identify(src/task03) by extension 'python_setup_py'
[2.052s] Level 1:colcon.colcon_core.package_identification:_identify(src/task04) by extensions ['ignore', 'ignore_ament_install']
[2.053s] Level 1:colcon.colcon_core.package_identification:_identify(src/task04) by extension 'ignore'
[2.058s] Level 1:colcon.colcon_core.package_identification:_identify(src/task04) by extension 'ignore_ament_install'
[2.068s] Level 1:colcon.colcon_core.package_identification:_identify(src/task04) by extensions ['colcon_pkg']
[2.068s] Level 1:colcon.colcon_core.package_identification:_identify(src/task04) by extension 'colcon_pkg'
[2.073s] Level 1:colcon.colcon_core.package_identification:_identify(src/task04) by extensions ['colcon_meta']
[2.074s] Level 1:colcon.colcon_core.package_identification:_identify(src/task04) by extension 'colcon_meta'
[2.082s] Level 1:colcon.colcon_core.package_identification:_identify(src/task04) by extensions ['ros']
[2.083s] Level 1:colcon.colcon_core.package_identification:_identify(src/task04) by extension 'ros'
[2.107s] Level 1:colcon.colcon_core.package_identification:_identify(src/task04) by extensions ['cmake', 'python']
[2.107s] Level 1:colcon.colcon_core.package_identification:_identify(src/task04) by extension 'cmake'
[2.112s] Level 1:colcon.colcon_core.package_identification:_identify(src/task04) by extension 'python'
[2.117s] Level 1:colcon.colcon_core.package_identification:_identify(src/task04) by extensions ['python_setup_py']
[2.118s] Level 1:colcon.colcon_core.package_identification:_identify(src/task04) by extension 'python_setup_py'
[2.123s] Level 1:colcon.colcon_core.package_discovery:discover_packages(recursive) using defaults
[2.124s] Level 1:colcon.colcon_core.package_discovery:discover_packages(ignore) discover
[2.125s] Level 1:colcon.colcon_core.package_discovery:discover_packages(ignore) using defaults
[2.125s] Level 1:colcon.colcon_core.package_discovery:discover_packages(path) discover
[2.126s] Level 1:colcon.colcon_core.package_discovery:discover_packages(path) using defaults
[2.359s] Level 5:colcon.colcon_core.verb:set package 'task01' build argument 'cmake_args' from command line to 'None'
[2.360s] Level 5:colcon.colcon_core.verb:set package 'task01' build argument 'cmake_target' from command line to 'None'
[2.361s] Level 5:colcon.colcon_core.verb:set package 'task01' build argument 'cmake_target_skip_unavailable' from command line to 'False'
[2.362s] Level 5:colcon.colcon_core.verb:set package 'task01' build argument 'cmake_clean_cache' from command line to 'False'
[2.363s] Level 5:colcon.colcon_core.verb:set package 'task01' build argument 'cmake_clean_first' from command line to 'False'
[2.364s] Level 5:colcon.colcon_core.verb:set package 'task01' build argument 'cmake_force_configure' from command line to 'False'
[2.364s] Level 5:colcon.colcon_core.verb:set package 'task01' build argument 'ament_cmake_args' from command line to 'None'
[2.365s] Level 5:colcon.colcon_core.verb:set package 'task01' build argument 'catkin_cmake_args' from command line to 'None'
[2.366s] Level 5:colcon.colcon_core.verb:set package 'task01' build argument 'catkin_skip_building_tests' from command line to 'False'
[2.367s] DEBUG:colcon.colcon_core.verb:Building package 'task01' with the following arguments: {'ament_cmake_args': None, 'build_base': '/workspace/Practice02/build/task01', 'catkin_cmake_args': None, 'catkin_skip_building_tests': False, 'cmake_args': None, 'cmake_clean_cache': False, 'cmake_clean_first': False, 'cmake_force_configure': False, 'cmake_target': None, 'cmake_target_skip_unavailable': False, 'install_base': '/workspace/Practice02/install/task01', 'merge_install': False, 'path': '/workspace/Practice02/src/task01', 'symlink_install': False, 'test_result_base': None}
[2.369s] Level 5:colcon.colcon_core.verb:set package 'task02' build argument 'cmake_args' from command line to 'None'
[2.370s] Level 5:colcon.colcon_core.verb:set package 'task02' build argument 'cmake_target' from command line to 'None'
[2.371s] Level 5:colcon.colcon_core.verb:set package 'task02' build argument 'cmake_target_skip_unavailable' from command line to 'False'
[2.372s] Level 5:colcon.colcon_core.verb:set package 'task02' build argument 'cmake_clean_cache' from command line to 'False'
[2.373s] Level 5:colcon.colcon_core.verb:set package 'task02' build argument 'cmake_clean_first' from command line to 'False'
[2.374s] Level 5:colcon.colcon_core.verb:set package 'task02' build argument 'cmake_force_configure' from command line to 'False'
[2.375s] Level 5:colcon.colcon_core.verb:set package 'task02' build argument 'ament_cmake_args' from command line to 'None'
[2.375s] Level 5:colcon.colcon_core.verb:set package 'task02' build argument 'catkin_cmake_args' from command line to 'None'
[2.376s] Level 5:colcon.colcon_core.verb:set package 'task02' build argument 'catkin_skip_building_tests' from command line to 'False'
[2.377s] DEBUG:colcon.colcon_core.verb:Building package 'task02' with the following arguments: {'ament_cmake_args': None, 'build_base': '/workspace/Practice02/build/task02', 'catkin_cmake_args': None, 'catkin_skip_building_tests': False, 'cmake_args': None, 'cmake_clean_cache': False, 'cmake_clean_first': False, 'cmake_force_configure': False, 'cmake_target': None, 'cmake_target_skip_unavailable': False, 'install_base': '/workspace/Practice02/install/task02', 'merge_install': False, 'path': '/workspace/Practice02/src/task02', 'symlink_install': False, 'test_result_base': None}
[2.378s] INFO:colcon.colcon_core.executor:Executing jobs using 'parallel' executor
[2.381s] DEBUG:colcon.colcon_parallel_executor.executor.parallel:run_until_complete
[2.382s] INFO:colcon.colcon_ros.task.ament_python.build:Building ROS package in '/workspace/Practice02/src/task01' with build type 'ament_python'
[2.384s] Level 1:colcon.colcon_core.shell:create_environment_hook('task01', 'ament_prefix_path')
[2.412s] INFO:colcon.colcon_core.plugin_system:Skipping extension 'colcon_core.shell.bat': Not used on non-Windows systems
[2.413s] INFO:colcon.colcon_core.shell:Creating environment hook '/workspace/Practice02/install/task01/share/task01/hook/ament_prefix_path.ps1'
[2.484s] INFO:colcon.colcon_core.shell:Creating environment descriptor '/workspace/Practice02/install/task01/share/task01/hook/ament_prefix_path.dsv'
[2.543s] INFO:colcon.colcon_core.shell:Creating environment hook '/workspace/Practice02/install/task01/share/task01/hook/ament_prefix_path.sh'
[2.600s] INFO:colcon.colcon_core.shell:Skip shell extension 'powershell' for command environment: Not usable outside of PowerShell
[2.601s] DEBUG:colcon.colcon_core.shell:Skip shell extension 'dsv' for command environment
[2.806s] INFO:colcon.colcon_ros.task.ament_python.build:Building ROS package in '/workspace/Practice02/src/task02' with build type 'ament_python'
[2.808s] Level 1:colcon.colcon_core.shell:create_environment_hook('task02', 'ament_prefix_path')
[2.810s] INFO:colcon.colcon_core.shell:Creating environment hook '/workspace/Practice02/install/task02/share/task02/hook/ament_prefix_path.ps1'
[2.865s] INFO:colcon.colcon_core.shell:Creating environment descriptor '/workspace/Practice02/install/task02/share/task02/hook/ament_prefix_path.dsv'
[2.946s] INFO:colcon.colcon_core.shell:Creating environment hook '/workspace/Practice02/install/task02/share/task02/hook/ament_prefix_path.sh'
[3.025s] INFO:colcon.colcon_core.shell:Skip shell extension 'powershell' for command environment: Not usable outside of PowerShell
[3.026s] DEBUG:colcon.colcon_core.shell:Skip shell extension 'dsv' for command environment
[5.165s] INFO:colcon.colcon_core.task.python.build:Building Python package in '/workspace/Practice02/src/task01'
[5.166s] INFO:colcon.colcon_core.shell:Skip shell extension 'powershell' for command environment: Not usable outside of PowerShell
[5.167s] DEBUG:colcon.colcon_core.shell:Skip shell extension 'dsv' for command environment
[6.874s] INFO:colcon.colcon_core.task.python.build:Building Python package in '/workspace/Practice02/src/task02'
[6.875s] INFO:colcon.colcon_core.shell:Skip shell extension 'powershell' for command environment: Not usable outside of PowerShell
[6.876s] DEBUG:colcon.colcon_core.shell:Skip shell extension 'dsv' for command environment
[9.011s] DEBUG:colcon.colcon_core.event_handler.log_command:Invoking command in '/workspace/Practice02/src/task01': PYTHONPATH=/workspace/Practice02/build/task01/prefix_override:/usr/lib/python3/dist-packages/colcon_core/task/python/colcon_distutils_commands:/workspace/Practice02/install/task01/lib/python3.10/site-packages:${PYTHONPATH} /usr/bin/python3 -W ignore:setup.py install is deprecated setup.py egg_info --egg-base ../../build/task01 build --build-base /workspace/Practice02/build/task01/build install --record /workspace/Practice02/build/task01/install.log --single-version-externally-managed install_data
[9.338s] DEBUG:colcon.colcon_core.event_handler.log_command:Invoking command in '/workspace/Practice02/src/task02': PYTHONPATH=/workspace/Practice02/build/task02/prefix_override:/usr/lib/python3/dist-packages/colcon_core/task/python/colcon_distutils_commands:/workspace/Practice02/install/task02/lib/python3.10/site-packages:${PYTHONPATH} /usr/bin/python3 -W ignore:setup.py install is deprecated setup.py egg_info --egg-base ../../build/task02 build --build-base /workspace/Practice02/build/task02/build install --record /workspace/Practice02/build/task02/install.log --single-version-externally-managed install_data
[11.130s] DEBUG:colcon.colcon_core.event_handler.log_command:Invoked command in '/workspace/Practice02/src/task01' returned '0': PYTHONPATH=/workspace/Practice02/build/task01/prefix_override:/usr/lib/python3/dist-packages/colcon_core/task/python/colcon_distutils_commands:/workspace/Practice02/install/task01/lib/python3.10/site-packages:${PYTHONPATH} /usr/bin/python3 -W ignore:setup.py install is deprecated setup.py egg_info --egg-base ../../build/task01 build --build-base /workspace/Practice02/build/task01/build install --record /workspace/Practice02/build/task01/install.log --single-version-externally-managed install_data
[11.136s] Level 1:colcon.colcon_core.environment:checking '/workspace/Practice02/install/task01' for CMake module files
[11.196s] Level 1:colcon.colcon_core.environment:checking '/workspace/Practice02/install/task01' for CMake config files
[11.318s] Level 1:colcon.colcon_core.environment:checking '/workspace/Practice02/install/task01/lib'
[11.323s] Level 1:colcon.colcon_core.environment:checking '/workspace/Practice02/install/task01/bin'
[11.325s] Level 1:colcon.colcon_core.environment:checking '/workspace/Practice02/install/task01/lib/pkgconfig/task01.pc'
[11.327s] Level 1:colcon.colcon_core.environment:checking '/workspace/Practice02/install/task01/lib/python3.10/site-packages'
[11.331s] Level 1:colcon.colcon_core.shell:create_environment_hook('task01', 'pythonpath')
[11.331s] INFO:colcon.colcon_core.shell:Creating environment hook '/workspace/Practice02/install/task01/share/task01/hook/pythonpath.ps1'
[11.349s] INFO:colcon.colcon_core.shell:Creating environment descriptor '/workspace/Practice02/install/task01/share/task01/hook/pythonpath.dsv'
[11.369s] INFO:colcon.colcon_core.shell:Creating environment hook '/workspace/Practice02/install/task01/share/task01/hook/pythonpath.sh'
[11.398s] Level 1:colcon.colcon_core.environment:checking '/workspace/Practice02/install/task01/bin'
[11.399s] Level 1:colcon.colcon_core.environment:create_environment_scripts_only(task01)
[11.400s] INFO:colcon.colcon_core.shell:Creating package script '/workspace/Practice02/install/task01/share/task01/package.ps1'
[11.414s] INFO:colcon.colcon_core.shell:Creating package descriptor '/workspace/Practice02/install/task01/share/task01/package.dsv'
[11.432s] INFO:colcon.colcon_core.shell:Creating package script '/workspace/Practice02/install/task01/share/task01/package.sh'
[11.450s] INFO:colcon.colcon_core.shell:Creating package script '/workspace/Practice02/install/task01/share/task01/package.bash'
[11.467s] INFO:colcon.colcon_core.shell:Creating package script '/workspace/Practice02/install/task01/share/task01/package.zsh'
[11.496s] Level 1:colcon.colcon_core.environment:create_file_with_runtime_dependencies(/workspace/Practice02/install/task01/share/colcon-core/packages/task01)
[12.639s] Level 1:colcon.colcon_core.environment:checking '/workspace/Practice02/install/task02' for CMake module files
[12.653s] DEBUG:colcon.colcon_core.event_handler.log_command:Invoked command in '/workspace/Practice02/src/task02' returned '0': PYTHONPATH=/workspace/Practice02/build/task02/prefix_override:/usr/lib/python3/dist-packages/colcon_core/task/python/colcon_distutils_commands:/workspace/Practice02/install/task02/lib/python3.10/site-packages:${PYTHONPATH} /usr/bin/python3 -W ignore:setup.py install is deprecated setup.py egg_info --egg-base ../../build/task02 build --build-base /workspace/Practice02/build/task02/build install --record /workspace/Practice02/build/task02/install.log --single-version-externally-managed install_data
[12.744s] Level 1:colcon.colcon_core.environment:checking '/workspace/Practice02/install/task02' for CMake config files
[12.955s] Level 1:colcon.colcon_core.environment:checking '/workspace/Practice02/install/task02/lib'
[12.967s] Level 1:colcon.colcon_core.environment:checking '/workspace/Practice02/install/task02/bin'
[12.970s] Level 1:colcon.colcon_core.environment:checking '/workspace/Practice02/install/task02/lib/pkgconfig/task02.pc'
[12.975s] Level 1:colcon.colcon_core.environment:checking '/workspace/Practice02/install/task02/lib/python3.10/site-packages'
[12.982s] Level 1:colcon.colcon_core.shell:create_environment_hook('task02', 'pythonpath')
[12.983s] INFO:colcon.colcon_core.shell:Creating environment hook '/workspace/Practice02/install/task02/share/task02/hook/pythonpath.ps1'
[13.020s] INFO:colcon.colcon_core.shell:Creating environment descriptor '/workspace/Practice02/install/task02/share/task02/hook/pythonpath.dsv'
[13.084s] INFO:colcon.colcon_core.shell:Creating environment hook '/workspace/Practice02/install/task02/share/task02/hook/pythonpath.sh'
[13.142s] Level 1:colcon.colcon_core.environment:checking '/workspace/Practice02/install/task02/bin'
[13.147s] Level 1:colcon.colcon_core.environment:create_environment_scripts_only(task02)
[13.148s] INFO:colcon.colcon_core.shell:Creating package script '/workspace/Practice02/install/task02/share/task02/package.ps1'
[13.189s] INFO:colcon.colcon_core.shell:Creating package descriptor '/workspace/Practice02/install/task02/share/task02/package.dsv'
[13.253s] INFO:colcon.colcon_core.shell:Creating package script '/workspace/Practice02/install/task02/share/task02/package.sh'
[13.310s] INFO:colcon.colcon_core.shell:Creating package script '/workspace/Practice02/install/task02/share/task02/package.bash'
[13.365s] INFO:colcon.colcon_core.shell:Creating package script '/workspace/Practice02/install/task02/share/task02/package.zsh'
[13.412s] Level 1:colcon.colcon_core.environment:create_file_with_runtime_dependencies(/workspace/Practice02/install/task02/share/colcon-core/packages/task02)
[13.446s] DEBUG:colcon.colcon_parallel_executor.executor.parallel:closing loop
[13.447s] DEBUG:colcon.colcon_parallel_executor.executor.parallel:loop closed
[13.447s] DEBUG:colcon.colcon_parallel_executor.executor.parallel:run_until_complete finished with '0'
[13.448s] DEBUG:colcon.colcon_core.event_reactor:joining thread
[13.576s] INFO:colcon.colcon_core.plugin_system:Skipping extension 'colcon_notification.desktop_notification.notify_send': Could not find 'notify-send'
[13.578s] INFO:colcon.colcon_core.plugin_system:Skipping extension 'colcon_notification.desktop_notification.terminal_notifier': Not used on non-Darwin systems
[13.579s] INFO:colcon.colcon_core.plugin_system:Skipping extension 'colcon_notification.desktop_notification.win32': Not used on non-Windows systems
[13.580s] INFO:colcon.colcon_notification.desktop_notification:Sending desktop notification using 'notify2'
[13.581s] DEBUG:colcon.colcon_notification.desktop_notification.notify2:Failed to initialize notify2: org.freedesktop.DBus.Error.NotSupported: Unable to autolaunch a dbus-daemon without a $DISPLAY for X11
[13.583s] DEBUG:colcon.colcon_core.event_reactor:joined thread
[13.584s] INFO:colcon.colcon_core.shell:Creating prefix script '/workspace/Practice02/install/local_setup.ps1'
[13.607s] INFO:colcon.colcon_core.shell:Creating prefix util module '/workspace/Practice02/install/_local_setup_util_ps1.py'
[13.621s] INFO:colcon.colcon_core.shell:Creating prefix chain script '/workspace/Practice02/install/setup.ps1'
[13.680s] INFO:colcon.colcon_core.shell:Creating prefix script '/workspace/Practice02/install/local_setup.sh'
[13.706s] INFO:colcon.colcon_core.shell:Creating prefix util module '/workspace/Practice02/install/_local_setup_util_sh.py'
[13.746s] INFO:colcon.colcon_core.shell:Creating prefix chain script '/workspace/Practice02/install/setup.sh'
[13.808s] INFO:colcon.colcon_core.shell:Creating prefix script '/workspace/Practice02/install/local_setup.bash'
[13.832s] INFO:colcon.colcon_core.shell:Creating prefix chain script '/workspace/Practice02/install/setup.bash'
[13.892s] INFO:colcon.colcon_core.shell:Creating prefix script '/workspace/Practice02/install/local_setup.zsh'
[13.916s] INFO:colcon.colcon_core.shell:Creating prefix chain script '/workspace/Practice02/install/setup.zsh'
