[6.530s] Invoking command in '/workspace/Practice02/src/task02': PYTHONPATH=/workspace/Practice02/build/task02/prefix_override:/usr/lib/python3/dist-packages/colcon_core/task/python/colcon_distutils_commands:/workspace/Practice02/install/task02/lib/python3.10/site-packages:${PYTHONPATH} /usr/bin/python3 -W ignore:setup.py install is deprecated setup.py egg_info --egg-base ../../build/task02 build --build-base /workspace/Practice02/build/task02/build install --record /workspace/Practice02/build/task02/install.log --single-version-externally-managed install_data
[7.823s] running egg_info
[7.830s] writing ../../build/task02/task02.egg-info/PKG-INFO
[7.842s] writing dependency_links to ../../build/task02/task02.egg-info/dependency_links.txt
[7.853s] writing entry points to ../../build/task02/task02.egg-info/entry_points.txt
[7.860s] writing requirements to ../../build/task02/task02.egg-info/requires.txt
[7.865s] writing top-level names to ../../build/task02/task02.egg-info/top_level.txt
[7.961s] reading manifest file '../../build/task02/task02.egg-info/SOURCES.txt'
[8.173s] writing manifest file '../../build/task02/task02.egg-info/SOURCES.txt'
[8.176s] running build
[8.179s] running build_py
[8.254s] running install
[8.255s] running install_lib
[8.393s] running install_data
[8.458s] copying config/task02.yaml -> /workspace/Practice02/install/task02/share/task02/config
[8.500s] running install_egg_info
[8.510s] removing '/workspace/Practice02/install/task02/lib/python3.10/site-packages/task02-0.0.0-py3.10.egg-info' (and everything under it)
[8.602s] Copying ../../build/task02/task02.egg-info to /workspace/Practice02/install/task02/lib/python3.10/site-packages/task02-0.0.0-py3.10.egg-info
[9.389s] running install_scripts
[9.744s] Installing sender script to /workspace/Practice02/install/task02/lib/task02
[9.791s] writing list of installed files to '/workspace/Practice02/build/task02/install.log'
[9.845s] Invoked command in '/workspace/Practice02/src/task02' returned '0': PYTHONPATH=/workspace/Practice02/build/task02/prefix_override:/usr/lib/python3/dist-packages/colcon_core/task/python/colcon_distutils_commands:/workspace/Practice02/install/task02/lib/python3.10/site-packages:${PYTHONPATH} /usr/bin/python3 -W ignore:setup.py install is deprecated setup.py egg_info --egg-base ../../build/task02 build --build-base /workspace/Practice02/build/task02/build install --record /workspace/Practice02/build/task02/install.log --single-version-externally-managed install_data
