[4.746s] Invoking command in '/workspace/Practice02/src/task02': PYTHONPATH=/workspace/Practice02/build/task02/prefix_override:/usr/lib/python3/dist-packages/colcon_core/task/python/colcon_distutils_commands:/workspace/Practice02/install/task02/lib/python3.10/site-packages:${PYTHONPATH} /usr/bin/python3 -W ignore:setup.py install is deprecated setup.py egg_info --egg-base ../../build/task02 build --build-base /workspace/Practice02/build/task02/build install --record /workspace/Practice02/build/task02/install.log --single-version-externally-managed install_data
[7.769s] running egg_info
[7.777s] creating ../../build/task02/task02.egg-info
[7.790s] writing ../../build/task02/task02.egg-info/PKG-INFO
[7.808s] writing dependency_links to ../../build/task02/task02.egg-info/dependency_links.txt
[7.822s] writing entry points to ../../build/task02/task02.egg-info/entry_points.txt
[7.836s] writing requirements to ../../build/task02/task02.egg-info/requires.txt
[7.846s] writing top-level names to ../../build/task02/task02.egg-info/top_level.txt
[7.883s] writing manifest file '../../build/task02/task02.egg-info/SOURCES.txt'
[7.998s] reading manifest file '../../build/task02/task02.egg-info/SOURCES.txt'
[8.153s] writing manifest file '../../build/task02/task02.egg-info/SOURCES.txt'
[8.157s] running build
[8.161s] running build_py
[8.178s] creating /workspace/Practice02/build/task02/build
[8.188s] creating /workspace/Practice02/build/task02/build/lib
[8.195s] creating /workspace/Practice02/build/task02/build/lib/task02
[8.238s] copying task02/task02_node.py -> /workspace/Practice02/build/task02/build/lib/task02
[8.358s] copying task02/__init__.py -> /workspace/Practice02/build/task02/build/lib/task02
[8.442s] running install
[8.445s] running install_lib
[8.551s] creating /workspace/Practice02/install/task02/lib/python3.10/site-packages/task02
[8.631s] copying /workspace/Practice02/build/task02/build/lib/task02/task02_node.py -> /workspace/Practice02/install/task02/lib/python3.10/site-packages/task02
[8.790s] copying /workspace/Practice02/build/task02/build/lib/task02/__init__.py -> /workspace/Practice02/install/task02/lib/python3.10/site-packages/task02
[8.996s] byte-compiling /workspace/Practice02/install/task02/lib/python3.10/site-packages/task02/task02_node.py to task02_node.cpython-310.pyc
[9.023s]   File "/workspace/Practice02/install/task02/lib/python3.10/site-packages/task02/task02_node.py", line 35
[9.025s]     Get command-line parameters
[9.029s]         ^^^^^^^
[9.031s] SyntaxError: invalid syntax
[9.033s] 
[9.034s] byte-compiling /workspace/Practice02/install/task02/lib/python3.10/site-packages/task02/__init__.py to __init__.cpython-310.pyc
[9.077s] running install_data
[9.082s] creating /workspace/Practice02/install/task02/share/ament_index
[9.084s] creating /workspace/Practice02/install/task02/share/ament_index/resource_index
[9.087s] creating /workspace/Practice02/install/task02/share/ament_index/resource_index/packages
[9.100s] copying resource/task02 -> /workspace/Practice02/install/task02/share/ament_index/resource_index/packages
[9.124s] copying package.xml -> /workspace/Practice02/install/task02/share/task02
[9.142s] creating /workspace/Practice02/install/task02/share/task02/launch
[9.155s] copying launch/task02.launch -> /workspace/Practice02/install/task02/share/task02/launch
[9.183s] running install_egg_info
[9.248s] Copying ../../build/task02/task02.egg-info to /workspace/Practice02/install/task02/lib/python3.10/site-packages/task02-0.0.0-py3.10.egg-info
[10.520s] running install_scripts
[10.818s] Installing sender script to /workspace/Practice02/install/task02/lib/task02
[10.849s] writing list of installed files to '/workspace/Practice02/build/task02/install.log'
[10.893s] Invoked command in '/workspace/Practice02/src/task02' returned '0': PYTHONPATH=/workspace/Practice02/build/task02/prefix_override:/usr/lib/python3/dist-packages/colcon_core/task/python/colcon_distutils_commands:/workspace/Practice02/install/task02/lib/python3.10/site-packages:${PYTHONPATH} /usr/bin/python3 -W ignore:setup.py install is deprecated setup.py egg_info --egg-base ../../build/task02 build --build-base /workspace/Practice02/build/task02/build install --record /workspace/Practice02/build/task02/install.log --single-version-externally-managed install_data
