[1.664s] Invoking command in '/workspace/Practice02/src/task01': PYTHONPATH=/workspace/Practice02/build/task01/prefix_override:/usr/lib/python3/dist-packages/colcon_core/task/python/colcon_distutils_commands:/workspace/Practice02/install/task01/lib/python3.10/site-packages:${PYTHONPATH} /usr/bin/python3 -W ignore:setup.py install is deprecated setup.py egg_info --egg-base ../../build/task01 build --build-base /workspace/Practice02/build/task01/build install --record /workspace/Practice02/build/task01/install.log --single-version-externally-managed install_data
[2.194s] running egg_info
[2.199s] writing ../../build/task01/task01.egg-info/PKG-INFO
[2.207s] writing dependency_links to ../../build/task01/task01.egg-info/dependency_links.txt
[2.213s] writing entry points to ../../build/task01/task01.egg-info/entry_points.txt
[2.218s] writing requirements to ../../build/task01/task01.egg-info/requires.txt
[2.221s] writing top-level names to ../../build/task01/task01.egg-info/top_level.txt
[2.255s] reading manifest file '../../build/task01/task01.egg-info/SOURCES.txt'
[2.314s] writing manifest file '../../build/task01/task01.egg-info/SOURCES.txt'
[2.319s] running build
[2.320s] running build_py
[2.347s] running install
[2.348s] running install_lib
[2.422s] running install_data
[2.461s] running install_egg_info
[2.469s] removing '/workspace/Practice02/install/task01/lib/python3.10/site-packages/task01-0.0.0-py3.10.egg-info' (and everything under it)
[2.521s] Copying ../../build/task01/task01.egg-info to /workspace/Practice02/install/task01/lib/python3.10/site-packages/task01-0.0.0-py3.10.egg-info
[2.720s] running install_scripts
[2.776s] Installing receiver script to /workspace/Practice02/install/task01/lib/task01
[2.788s] writing list of installed files to '/workspace/Practice02/build/task01/install.log'
[2.812s] Invoked command in '/workspace/Practice02/src/task01' returned '0': PYTHONPATH=/workspace/Practice02/build/task01/prefix_override:/usr/lib/python3/dist-packages/colcon_core/task/python/colcon_distutils_commands:/workspace/Practice02/install/task01/lib/python3.10/site-packages:${PYTHONPATH} /usr/bin/python3 -W ignore:setup.py install is deprecated setup.py egg_info --egg-base ../../build/task01 build --build-base /workspace/Practice02/build/task01/build install --record /workspace/Practice02/build/task01/install.log --single-version-externally-managed install_data
