[7.800s] Invoking command in '/workspace/Practice02/src/task02': PYTHONPATH=/workspace/Practice02/build/task02/prefix_override:/usr/lib/python3/dist-packages/colcon_core/task/python/colcon_distutils_commands:/workspace/Practice02/install/task02/lib/python3.10/site-packages:${PYTHONPATH} /usr/bin/python3 -W ignore:setup.py install is deprecated setup.py egg_info --egg-base ../../build/task02 build --build-base /workspace/Practice02/build/task02/build install --record /workspace/Practice02/build/task02/install.log --single-version-externally-managed install_data
[8.728s] running egg_info
[8.733s] writing ../../build/task02/task02.egg-info/PKG-INFO
[8.740s] writing dependency_links to ../../build/task02/task02.egg-info/dependency_links.txt
[8.747s] writing entry points to ../../build/task02/task02.egg-info/entry_points.txt
[8.753s] writing requirements to ../../build/task02/task02.egg-info/requires.txt
[8.757s] writing top-level names to ../../build/task02/task02.egg-info/top_level.txt
[8.808s] reading manifest file '../../build/task02/task02.egg-info/SOURCES.txt'
[8.910s] writing manifest file '../../build/task02/task02.egg-info/SOURCES.txt'
[8.912s] running build
[8.914s] running build_py
[8.976s] running install
[8.979s] running install_lib
[9.220s] running install_data
[9.285s] copying launch/task02.launch -> /workspace/Practice02/install/task02/share/task02/launch
[9.323s] running install_egg_info
[9.342s] removing '/workspace/Practice02/install/task02/lib/python3.10/site-packages/task02-0.0.0-py3.10.egg-info' (and everything under it)
[9.445s] Copying ../../build/task02/task02.egg-info to /workspace/Practice02/install/task02/lib/python3.10/site-packages/task02-0.0.0-py3.10.egg-info
[10.110s] running install_scripts
[10.465s] Installing sender script to /workspace/Practice02/install/task02/lib/task02
[10.520s] writing list of installed files to '/workspace/Practice02/build/task02/install.log'
[10.572s] Invoked command in '/workspace/Practice02/src/task02' returned '0': PYTHONPATH=/workspace/Practice02/build/task02/prefix_override:/usr/lib/python3/dist-packages/colcon_core/task/python/colcon_distutils_commands:/workspace/Practice02/install/task02/lib/python3.10/site-packages:${PYTHONPATH} /usr/bin/python3 -W ignore:setup.py install is deprecated setup.py egg_info --egg-base ../../build/task02 build --build-base /workspace/Practice02/build/task02/build install --record /workspace/Practice02/build/task02/install.log --single-version-externally-managed install_data
