[4.007s] Invoking command in '/workspace/Practice02/src/task03': PYTHONPATH=/workspace/Practice02/build/task03/prefix_override:/usr/lib/python3/dist-packages/colcon_core/task/python/colcon_distutils_commands:/workspace/Practice02/install/task03/lib/python3.10/site-packages: /usr/bin/python3 -W ignore:setup.py install is deprecated setup.py egg_info --egg-base ../../build/task03 build --build-base /workspace/Practice02/build/task03/build install --record /workspace/Practice02/build/task03/install.log --single-version-externally-managed install_data
[5.414s] running egg_info
[5.429s] writing ../../build/task03/task03.egg-info/PKG-INFO
[5.460s] writing dependency_links to ../../build/task03/task03.egg-info/dependency_links.txt
[5.479s] writing entry points to ../../build/task03/task03.egg-info/entry_points.txt
[5.492s] writing requirements to ../../build/task03/task03.egg-info/requires.txt
[5.502s] writing top-level names to ../../build/task03/task03.egg-info/top_level.txt
[5.624s] reading manifest file '../../build/task03/task03.egg-info/SOURCES.txt'
[5.780s] writing manifest file '../../build/task03/task03.egg-info/SOURCES.txt'
[5.786s] running build
[5.788s] running build_py
[5.814s] copying task03/my_service_node.py -> /workspace/Practice02/build/task03/build/lib/task03
[5.863s] running install
[5.864s] running install_lib
[5.929s] copying /workspace/Practice02/build/task03/build/lib/task03/my_service_node.py -> /workspace/Practice02/install/task03/lib/python3.10/site-packages/task03
[6.039s] byte-compiling /workspace/Practice02/install/task03/lib/python3.10/site-packages/task03/my_service_node.py to my_service_node.cpython-310.pyc
[6.135s] running install_data
[6.213s] copying launch/task03.launch -> /workspace/Practice02/install/task03/share/task03/launch
[6.284s] copying config/task03.yaml -> /workspace/Practice02/install/task03/share/task03/config
[6.317s] running install_egg_info
[6.339s] removing '/workspace/Practice02/install/task03/lib/python3.10/site-packages/task03-0.0.0-py3.10.egg-info' (and everything under it)
[6.453s] Copying ../../build/task03/task03.egg-info to /workspace/Practice02/install/task03/lib/python3.10/site-packages/task03-0.0.0-py3.10.egg-info
[6.938s] running install_scripts
[7.074s] Installing service script to /workspace/Practice02/install/task03/lib/task03
[7.098s] writing list of installed files to '/workspace/Practice02/build/task03/install.log'
[7.890s] Invoked command in '/workspace/Practice02/src/task03' returned '0': PYTHONPATH=/workspace/Practice02/build/task03/prefix_override:/usr/lib/python3/dist-packages/colcon_core/task/python/colcon_distutils_commands:/workspace/Practice02/install/task03/lib/python3.10/site-packages: /usr/bin/python3 -W ignore:setup.py install is deprecated setup.py egg_info --egg-base ../../build/task03 build --build-base /workspace/Practice02/build/task03/build install --record /workspace/Practice02/build/task03/install.log --single-version-externally-managed install_data
