[1.623s] Invoking command in '/workspace/Practice02/src/task02': PYTHONPATH=/workspace/Practice02/build/task02/prefix_override:/usr/lib/python3/dist-packages/colcon_core/task/python/colcon_distutils_commands:/workspace/Practice02/install/task02/lib/python3.10/site-packages:${PYTHONPATH} /usr/bin/python3 -W ignore:setup.py install is deprecated setup.py egg_info --egg-base ../../build/task02 build --build-base /workspace/Practice02/build/task02/build install --record /workspace/Practice02/build/task02/install.log --single-version-externally-managed install_data
[2.143s] running egg_info
[2.148s] writing ../../build/task02/task02.egg-info/PKG-INFO
[2.154s] writing dependency_links to ../../build/task02/task02.egg-info/dependency_links.txt
[2.160s] writing entry points to ../../build/task02/task02.egg-info/entry_points.txt
[2.164s] writing requirements to ../../build/task02/task02.egg-info/requires.txt
[2.168s] writing top-level names to ../../build/task02/task02.egg-info/top_level.txt
[2.204s] reading manifest file '../../build/task02/task02.egg-info/SOURCES.txt'
[2.265s] writing manifest file '../../build/task02/task02.egg-info/SOURCES.txt'
[2.269s] running build
[2.270s] running build_py
[2.295s] running install
[2.296s] running install_lib
[2.370s] running install_data
[2.418s] running install_egg_info
[2.428s] removing '/workspace/Practice02/install/task02/lib/python3.10/site-packages/task02-0.0.0-py3.10.egg-info' (and everything under it)
[2.479s] Copying ../../build/task02/task02.egg-info to /workspace/Practice02/install/task02/lib/python3.10/site-packages/task02-0.0.0-py3.10.egg-info
[2.675s] running install_scripts
[2.728s] Installing sender script to /workspace/Practice02/install/task02/lib/task02
[2.740s] writing list of installed files to '/workspace/Practice02/build/task02/install.log'
[2.953s] Invoked command in '/workspace/Practice02/src/task02' returned '0': PYTHONPATH=/workspace/Practice02/build/task02/prefix_override:/usr/lib/python3/dist-packages/colcon_core/task/python/colcon_distutils_commands:/workspace/Practice02/install/task02/lib/python3.10/site-packages:${PYTHONPATH} /usr/bin/python3 -W ignore:setup.py install is deprecated setup.py egg_info --egg-base ../../build/task02 build --build-base /workspace/Practice02/build/task02/build install --record /workspace/Practice02/build/task02/install.log --single-version-externally-managed install_data
