[6.299s] Invoking command in '/workspace/Practice02/src/task02': PYTHONPATH=/workspace/Practice02/build/task02/prefix_override:/usr/lib/python3/dist-packages/colcon_core/task/python/colcon_distutils_commands:/workspace/Practice02/install/task02/lib/python3.10/site-packages:${PYTHONPATH} /usr/bin/python3 -W ignore:setup.py install is deprecated setup.py egg_info --egg-base ../../build/task02 build --build-base /workspace/Practice02/build/task02/build install --record /workspace/Practice02/build/task02/install.log --single-version-externally-managed install_data
[8.253s] running egg_info
[8.264s] writing ../../build/task02/task02.egg-info/PKG-INFO
[8.287s] writing dependency_links to ../../build/task02/task02.egg-info/dependency_links.txt
[8.310s] writing entry points to ../../build/task02/task02.egg-info/entry_points.txt
[8.327s] writing requirements to ../../build/task02/task02.egg-info/requires.txt
[8.342s] writing top-level names to ../../build/task02/task02.egg-info/top_level.txt
[8.471s] reading manifest file '../../build/task02/task02.egg-info/SOURCES.txt'
[8.659s] writing manifest file '../../build/task02/task02.egg-info/SOURCES.txt'
[8.660s] running build
[8.662s] running build_py
[8.719s] running install
[8.720s] running install_lib
[8.918s] running install_data
[8.982s] copying config/task02.yaml -> /workspace/Practice02/install/task02/share/task02/config
[8.996s] running install_egg_info
[9.009s] removing '/workspace/Practice02/install/task02/lib/python3.10/site-packages/task02-0.0.0-py3.10.egg-info' (and everything under it)
[9.096s] Copying ../../build/task02/task02.egg-info to /workspace/Practice02/install/task02/lib/python3.10/site-packages/task02-0.0.0-py3.10.egg-info
[9.902s] running install_scripts
[10.043s] Installing sender script to /workspace/Practice02/install/task02/lib/task02
[10.083s] writing list of installed files to '/workspace/Practice02/build/task02/install.log'
[10.133s] Invoked command in '/workspace/Practice02/src/task02' returned '0': PYTHONPATH=/workspace/Practice02/build/task02/prefix_override:/usr/lib/python3/dist-packages/colcon_core/task/python/colcon_distutils_commands:/workspace/Practice02/install/task02/lib/python3.10/site-packages:${PYTHONPATH} /usr/bin/python3 -W ignore:setup.py install is deprecated setup.py egg_info --egg-base ../../build/task02 build --build-base /workspace/Practice02/build/task02/build install --record /workspace/Practice02/build/task02/install.log --single-version-externally-managed install_data
