[4.000s] Invoking command in '/workspace/Practice02/src/task03': PYTHONPATH=/workspace/Practice02/build/task03/prefix_override:/usr/lib/python3/dist-packages/colcon_core/task/python/colcon_distutils_commands:/workspace/Practice02/install/task03/lib/python3.10/site-packages: /usr/bin/python3 -W ignore:setup.py install is deprecated setup.py egg_info --egg-base ../../build/task03 build --build-base /workspace/Practice02/build/task03/build install --record /workspace/Practice02/build/task03/install.log --single-version-externally-managed install_data
[4.835s] running egg_info
[4.840s] creating ../../build/task03/task03.egg-info
[4.846s] writing ../../build/task03/task03.egg-info/PKG-INFO
[4.862s] writing dependency_links to ../../build/task03/task03.egg-info/dependency_links.txt
[4.873s] writing entry points to ../../build/task03/task03.egg-info/entry_points.txt
[4.881s] writing requirements to ../../build/task03/task03.egg-info/requires.txt
[4.886s] writing top-level names to ../../build/task03/task03.egg-info/top_level.txt
[4.896s] writing manifest file '../../build/task03/task03.egg-info/SOURCES.txt'
[4.943s] reading manifest file '../../build/task03/task03.egg-info/SOURCES.txt'
[5.016s] writing manifest file '../../build/task03/task03.egg-info/SOURCES.txt'
[5.019s] running build
[5.020s] running build_py
[5.026s] creating /workspace/Practice02/build/task03/build
[5.029s] creating /workspace/Practice02/build/task03/build/lib
[5.032s] creating /workspace/Practice02/build/task03/build/lib/task03
[5.044s] copying task03/my_service_node.py -> /workspace/Practice02/build/task03/build/lib/task03
[5.076s] copying task03/__init__.py -> /workspace/Practice02/build/task03/build/lib/task03
[5.098s] running install
[5.099s] running install_lib
[5.129s] creating /workspace/Practice02/install/task03/lib/python3.10/site-packages/task03
[5.152s] copying /workspace/Practice02/build/task03/build/lib/task03/my_service_node.py -> /workspace/Practice02/install/task03/lib/python3.10/site-packages/task03
[5.200s] copying /workspace/Practice02/build/task03/build/lib/task03/__init__.py -> /workspace/Practice02/install/task03/lib/python3.10/site-packages/task03
[5.245s] byte-compiling /workspace/Practice02/install/task03/lib/python3.10/site-packages/task03/my_service_node.py to my_service_node.cpython-310.pyc
[5.322s] byte-compiling /workspace/Practice02/install/task03/lib/python3.10/site-packages/task03/__init__.py to __init__.cpython-310.pyc
[5.377s] running install_data
[5.386s] creating /workspace/Practice02/install/task03/share/ament_index
[5.389s] creating /workspace/Practice02/install/task03/share/ament_index/resource_index
[5.394s] creating /workspace/Practice02/install/task03/share/ament_index/resource_index/packages
[5.411s] copying resource/task03 -> /workspace/Practice02/install/task03/share/ament_index/resource_index/packages
[5.460s] copying package.xml -> /workspace/Practice02/install/task03/share/task03
[5.510s] creating /workspace/Practice02/install/task03/share/task03/launch
[5.540s] copying launch/task03.launch -> /workspace/Practice02/install/task03/share/task03/launch
[5.624s] creating /workspace/Practice02/install/task03/share/task03/config
[5.663s] copying config/task03.yaml -> /workspace/Practice02/install/task03/share/task03/config
[5.806s] running install_egg_info
[5.865s] Copying ../../build/task03/task03.egg-info to /workspace/Practice02/install/task03/lib/python3.10/site-packages/task03-0.0.0-py3.10.egg-info
[6.582s] running install_scripts
[6.692s] Installing service script to /workspace/Practice02/install/task03/lib/task03
[6.711s] writing list of installed files to '/workspace/Practice02/build/task03/install.log'
[8.196s] Invoked command in '/workspace/Practice02/src/task03' returned '0': PYTHONPATH=/workspace/Practice02/build/task03/prefix_override:/usr/lib/python3/dist-packages/colcon_core/task/python/colcon_distutils_commands:/workspace/Practice02/install/task03/lib/python3.10/site-packages: /usr/bin/python3 -W ignore:setup.py install is deprecated setup.py egg_info --egg-base ../../build/task03 build --build-base /workspace/Practice02/build/task03/build install --record /workspace/Practice02/build/task03/install.log --single-version-externally-managed install_data
