[1.929s] Invoking command in '/workspace/Practice02/src/task03/task03': PYTHONPATH=/workspace/Practice02/src/task03/build/task03/prefix_override:/usr/lib/python3/dist-packages/colcon_core/task/python/colcon_distutils_commands:/workspace/Practice02/src/task03/install/task03/lib/python3.10/site-packages:${PYTHONPATH} /usr/bin/python3 -W ignore:setup.py install is deprecated setup.py egg_info --egg-base ../build/task03 build --build-base /workspace/Practice02/src/task03/build/task03/build install --record /workspace/Practice02/src/task03/build/task03/install.log --single-version-externally-managed install_data
[2.939s] running egg_info
[2.945s] writing ../build/task03/task03.egg-info/PKG-INFO
[2.952s] writing dependency_links to ../build/task03/task03.egg-info/dependency_links.txt
[2.960s] writing entry points to ../build/task03/task03.egg-info/entry_points.txt
[2.965s] writing requirements to ../build/task03/task03.egg-info/requires.txt
[2.969s] writing top-level names to ../build/task03/task03.egg-info/top_level.txt
[3.013s] reading manifest file '../build/task03/task03.egg-info/SOURCES.txt'
[3.151s] writing manifest file '../build/task03/task03.egg-info/SOURCES.txt'
[3.154s] running build
[3.158s] running build_py
[3.281s] running install
[3.284s] running install_lib
[3.596s] running install_data
[3.656s] copying launch/task03.launch -> /workspace/Practice02/src/task03/install/task03/share/task03/launch
[3.676s] running install_egg_info
[3.686s] removing '/workspace/Practice02/src/task03/install/task03/lib/python3.10/site-packages/task03-0.0.0-py3.10.egg-info' (and everything under it)
[3.737s] Copying ../build/task03/task03.egg-info to /workspace/Practice02/src/task03/install/task03/lib/python3.10/site-packages/task03-0.0.0-py3.10.egg-info
[4.102s] running install_scripts
[4.225s] Installing service script to /workspace/Practice02/src/task03/install/task03/lib/task03
[4.275s] writing list of installed files to '/workspace/Practice02/src/task03/build/task03/install.log'
[4.316s] Invoked command in '/workspace/Practice02/src/task03/task03' returned '0': PYTHONPATH=/workspace/Practice02/src/task03/build/task03/prefix_override:/usr/lib/python3/dist-packages/colcon_core/task/python/colcon_distutils_commands:/workspace/Practice02/src/task03/install/task03/lib/python3.10/site-packages:${PYTHONPATH} /usr/bin/python3 -W ignore:setup.py install is deprecated setup.py egg_info --egg-base ../build/task03 build --build-base /workspace/Practice02/src/task03/build/task03/build install --record /workspace/Practice02/src/task03/build/task03/install.log --single-version-externally-managed install_data
