[7.556s] Invoking command in '/workspace/Practice02/src/task01': PYTHONPATH=/workspace/Practice02/build/task01/prefix_override:/usr/lib/python3/dist-packages/colcon_core/task/python/colcon_distutils_commands:/workspace/Practice02/install/task01/lib/python3.10/site-packages:${PYTHONPATH} /usr/bin/python3 -W ignore:setup.py install is deprecated setup.py egg_info --egg-base ../../build/task01 build --build-base /workspace/Practice02/build/task01/build install --record /workspace/Practice02/build/task01/install.log --single-version-externally-managed install_data
[9.276s] running egg_info
[9.286s] writing ../../build/task01/task01.egg-info/PKG-INFO
[9.304s] writing dependency_links to ../../build/task01/task01.egg-info/dependency_links.txt
[9.314s] writing entry points to ../../build/task01/task01.egg-info/entry_points.txt
[9.323s] writing requirements to ../../build/task01/task01.egg-info/requires.txt
[9.330s] writing top-level names to ../../build/task01/task01.egg-info/top_level.txt
[9.409s] reading manifest file '../../build/task01/task01.egg-info/SOURCES.txt'
[9.660s] writing manifest file '../../build/task01/task01.egg-info/SOURCES.txt'
[9.662s] running build
[9.664s] running build_py
[9.755s] running install
[9.757s] running install_lib
[10.162s] running install_data
[10.351s] running install_egg_info
[10.372s] removing '/workspace/Practice02/install/task01/lib/python3.10/site-packages/task01-0.0.0-py3.10.egg-info' (and everything under it)
[10.559s] Copying ../../build/task01/task01.egg-info to /workspace/Practice02/install/task01/lib/python3.10/site-packages/task01-0.0.0-py3.10.egg-info
[11.442s] running install_scripts
[11.666s] Installing receiver script to /workspace/Practice02/install/task01/lib/task01
[11.692s] writing list of installed files to '/workspace/Practice02/build/task01/install.log'
[11.725s] Invoked command in '/workspace/Practice02/src/task01' returned '0': PYTHONPATH=/workspace/Practice02/build/task01/prefix_override:/usr/lib/python3/dist-packages/colcon_core/task/python/colcon_distutils_commands:/workspace/Practice02/install/task01/lib/python3.10/site-packages:${PYTHONPATH} /usr/bin/python3 -W ignore:setup.py install is deprecated setup.py egg_info --egg-base ../../build/task01 build --build-base /workspace/Practice02/build/task01/build install --record /workspace/Practice02/build/task01/install.log --single-version-externally-managed install_data
