[4.425s] Invoking command in '/workspace/Practice02/src/task03/task03': PYTHONPATH=/workspace/Practice02/src/task03/build/task03/prefix_override:/usr/lib/python3/dist-packages/colcon_core/task/python/colcon_distutils_commands:/workspace/Practice02/src/task03/install/task03/lib/python3.10/site-packages:${PYTHONPATH} /usr/bin/python3 -W ignore:setup.py install is deprecated setup.py egg_info --egg-base ../build/task03 build --build-base /workspace/Practice02/src/task03/build/task03/build install --record /workspace/Practice02/src/task03/build/task03/install.log --single-version-externally-managed install_data
[6.622s] running egg_info
[6.628s] creating ../build/task03/task03.egg-info
[6.632s] writing ../build/task03/task03.egg-info/PKG-INFO
[6.659s] writing dependency_links to ../build/task03/task03.egg-info/dependency_links.txt
[6.687s] writing entry points to ../build/task03/task03.egg-info/entry_points.txt
[6.703s] writing requirements to ../build/task03/task03.egg-info/requires.txt
[6.727s] writing top-level names to ../build/task03/task03.egg-info/top_level.txt
[6.750s] writing manifest file '../build/task03/task03.egg-info/SOURCES.txt'
[6.851s] reading manifest file '../build/task03/task03.egg-info/SOURCES.txt'
[7.047s] writing manifest file '../build/task03/task03.egg-info/SOURCES.txt'
[7.066s] running build
[7.069s] running build_py
[7.086s] creating /workspace/Practice02/src/task03/build/task03/build
[7.093s] creating /workspace/Practice02/src/task03/build/task03/build/lib
[7.103s] creating /workspace/Practice02/src/task03/build/task03/build/lib/task03
[7.149s] copying task03/my_service_node.py -> /workspace/Practice02/src/task03/build/task03/build/lib/task03
[7.257s] copying task03/__init__.py -> /workspace/Practice02/src/task03/build/task03/build/lib/task03
[7.287s] running install
[7.289s] running install_lib
[7.358s] creating /workspace/Practice02/src/task03/install/task03/lib/python3.10/site-packages/task03
[7.411s] copying /workspace/Practice02/src/task03/build/task03/build/lib/task03/my_service_node.py -> /workspace/Practice02/src/task03/install/task03/lib/python3.10/site-packages/task03
[7.513s] copying /workspace/Practice02/src/task03/build/task03/build/lib/task03/__init__.py -> /workspace/Practice02/src/task03/install/task03/lib/python3.10/site-packages/task03
[7.660s] byte-compiling /workspace/Practice02/src/task03/install/task03/lib/python3.10/site-packages/task03/my_service_node.py to my_service_node.cpython-310.pyc
[7.868s] byte-compiling /workspace/Practice02/src/task03/install/task03/lib/python3.10/site-packages/task03/__init__.py to __init__.cpython-310.pyc
[8.005s] running install_data
[8.037s] creating /workspace/Practice02/src/task03/install/task03/share/ament_index
[8.046s] creating /workspace/Practice02/src/task03/install/task03/share/ament_index/resource_index
[8.060s] creating /workspace/Practice02/src/task03/install/task03/share/ament_index/resource_index/packages
[8.119s] copying resource/task03 -> /workspace/Practice02/src/task03/install/task03/share/ament_index/resource_index/packages
[8.253s] copying package.xml -> /workspace/Practice02/src/task03/install/task03/share/task03
[8.298s] creating /workspace/Practice02/src/task03/install/task03/share/task03/launch
[8.320s] copying launch/task03.launch -> /workspace/Practice02/src/task03/install/task03/share/task03/launch
[8.421s] creating /workspace/Practice02/src/task03/install/task03/share/task03/config
[8.493s] copying config/task03.yaml -> /workspace/Practice02/src/task03/install/task03/share/task03/config
[8.570s] running install_egg_info
[8.655s] Copying ../build/task03/task03.egg-info to /workspace/Practice02/src/task03/install/task03/lib/python3.10/site-packages/task03-0.0.0-py3.10.egg-info
[9.667s] running install_scripts
[9.932s] Installing service script to /workspace/Practice02/src/task03/install/task03/lib/task03
[9.991s] writing list of installed files to '/workspace/Practice02/src/task03/build/task03/install.log'
[10.037s] Invoked command in '/workspace/Practice02/src/task03/task03' returned '0': PYTHONPATH=/workspace/Practice02/src/task03/build/task03/prefix_override:/usr/lib/python3/dist-packages/colcon_core/task/python/colcon_distutils_commands:/workspace/Practice02/src/task03/install/task03/lib/python3.10/site-packages:${PYTHONPATH} /usr/bin/python3 -W ignore:setup.py install is deprecated setup.py egg_info --egg-base ../build/task03 build --build-base /workspace/Practice02/src/task03/build/task03/build install --record /workspace/Practice02/src/task03/build/task03/install.log --single-version-externally-managed install_data
