[7.453s] Invoking command in '/workspace/Practice02/src/task01': PYTHONPATH=/workspace/Practice02/build/task01/prefix_override:/usr/lib/python3/dist-packages/colcon_core/task/python/colcon_distutils_commands:/workspace/Practice02/install/task01/lib/python3.10/site-packages:${PYTHONPATH} /usr/bin/python3 -W ignore:setup.py install is deprecated setup.py egg_info --egg-base ../../build/task01 build --build-base /workspace/Practice02/build/task01/build install --record /workspace/Practice02/build/task01/install.log --single-version-externally-managed install_data
[8.620s] running egg_info
[8.624s] writing ../../build/task01/task01.egg-info/PKG-INFO
[8.635s] writing dependency_links to ../../build/task01/task01.egg-info/dependency_links.txt
[8.636s] writing entry points to ../../build/task01/task01.egg-info/entry_points.txt
[8.645s] writing requirements to ../../build/task01/task01.egg-info/requires.txt
[8.653s] writing top-level names to ../../build/task01/task01.egg-info/top_level.txt
[8.697s] reading manifest file '../../build/task01/task01.egg-info/SOURCES.txt'
[8.795s] writing manifest file '../../build/task01/task01.egg-info/SOURCES.txt'
[8.796s] running build
[8.797s] running build_py
[8.826s] running install
[8.827s] running install_lib
[8.936s] running install_data
[8.988s] running install_egg_info
[8.989s] removing '/workspace/Practice02/install/task01/lib/python3.10/site-packages/task01-0.0.0-py3.10.egg-info' (and everything under it)
[9.044s] Copying ../../build/task01/task01.egg-info to /workspace/Practice02/install/task01/lib/python3.10/site-packages/task01-0.0.0-py3.10.egg-info
[9.371s] running install_scripts
[9.580s] Installing receiver script to /workspace/Practice02/install/task01/lib/task01
[9.611s] writing list of installed files to '/workspace/Practice02/build/task01/install.log'
[9.653s] Invoked command in '/workspace/Practice02/src/task01' returned '0': PYTHONPATH=/workspace/Practice02/build/task01/prefix_override:/usr/lib/python3/dist-packages/colcon_core/task/python/colcon_distutils_commands:/workspace/Practice02/install/task01/lib/python3.10/site-packages:${PYTHONPATH} /usr/bin/python3 -W ignore:setup.py install is deprecated setup.py egg_info --egg-base ../../build/task01 build --build-base /workspace/Practice02/build/task01/build install --record /workspace/Practice02/build/task01/install.log --single-version-externally-managed install_data
