[5.567s] Invoking command in '/workspace/Practice02/src/task01': PYTHONPATH=/workspace/Practice02/build/task01/prefix_override:/usr/lib/python3/dist-packages/colcon_core/task/python/colcon_distutils_commands:/workspace/Practice02/install/task01/lib/python3.10/site-packages:${PYTHONPATH} /usr/bin/python3 -W ignore:setup.py install is deprecated setup.py egg_info --egg-base ../../build/task01 build --build-base /workspace/Practice02/build/task01/build install --record /workspace/Practice02/build/task01/install.log --single-version-externally-managed install_data
[6.699s] running egg_info
[6.708s] writing ../../build/task01/task01.egg-info/PKG-INFO
[6.727s] writing dependency_links to ../../build/task01/task01.egg-info/dependency_links.txt
[6.744s] writing entry points to ../../build/task01/task01.egg-info/entry_points.txt
[6.758s] writing requirements to ../../build/task01/task01.egg-info/requires.txt
[6.768s] writing top-level names to ../../build/task01/task01.egg-info/top_level.txt
[6.884s] reading manifest file '../../build/task01/task01.egg-info/SOURCES.txt'
[7.029s] writing manifest file '../../build/task01/task01.egg-info/SOURCES.txt'
[7.040s] running build
[7.043s] running build_py
[7.128s] running install
[7.130s] running install_lib
[7.462s] running install_data
[7.595s] running install_egg_info
[7.596s] removing '/workspace/Practice02/install/task01/lib/python3.10/site-packages/task01-0.0.0-py3.10.egg-info' (and everything under it)
[7.693s] Copying ../../build/task01/task01.egg-info to /workspace/Practice02/install/task01/lib/python3.10/site-packages/task01-0.0.0-py3.10.egg-info
[8.204s] running install_scripts
[8.357s] Installing receiver script to /workspace/Practice02/install/task01/lib/task01
[8.390s] writing list of installed files to '/workspace/Practice02/build/task01/install.log'
[8.443s] Invoked command in '/workspace/Practice02/src/task01' returned '0': PYTHONPATH=/workspace/Practice02/build/task01/prefix_override:/usr/lib/python3/dist-packages/colcon_core/task/python/colcon_distutils_commands:/workspace/Practice02/install/task01/lib/python3.10/site-packages:${PYTHONPATH} /usr/bin/python3 -W ignore:setup.py install is deprecated setup.py egg_info --egg-base ../../build/task01 build --build-base /workspace/Practice02/build/task01/build install --record /workspace/Practice02/build/task01/install.log --single-version-externally-managed install_data
